{"meta": {"format": 3, "version": "7.11.0", "timestamp": "2025-11-02T22:35:56.499966", "branch_coverage": false, "show_contexts": false}, "files": {"accessibility_manager.py": {"executed_lines": [1, 7, 10, 14, 27, 28, 29, 31, 32, 35, 36, 39, 40, 41, 44, 47, 48, 49, 50, 51, 52, 53, 54, 57, 58, 59, 60, 63, 64, 66, 67, 73, 74, 78, 79, 88, 94, 100, 101, 106, 108, 109, 110, 116, 118, 119, 120, 121, 125, 126, 148, 149, 167, 168, 178, 179, 180, 182, 183, 189, 190, 195, 202, 203, 204, 207, 208, 215, 216, 220, 223, 227, 233, 239, 248, 251, 255, 256, 258, 259, 266, 308, 309, 315, 342, 343, 353, 354], "summary": {"covered_lines": 83, "num_statements": 122, "percent_covered": 68.0327868852459, "percent_covered_display": "68", "missing_lines": 39, "excluded_lines": 3}, "missing_lines": [137, 139, 140, 141, 142, 144, 146, 157, 159, 160, 221, 224, 231, 237, 243, 249, 252, 270, 271, 272, 273, 274, 275, 278, 285, 291, 292, 298, 300, 301, 302, 303, 306, 364, 365, 366, 368, 369, 372], "excluded_lines": [14, 16, 17], "functions": {"GridWidget.setAccessibleName": {"executed_lines": [31], "summary": {"covered_lines": 1, "num_statements": 1, "percent_covered": 100.0, "percent_covered_display": "100", "missing_lines": 0, "excluded_lines": 0}, "missing_lines": [], "excluded_lines": []}, "GridWidget.setAccessibleDescription": {"executed_lines": [32], "summary": {"covered_lines": 1, "num_statements": 1, "percent_covered": 100.0, "percent_covered_display": "100", "missing_lines": 0, "excluded_lines": 0}, "missing_lines": [], "excluded_lines": []}, "MainWindowProtocol.setTabOrder": {"executed_lines": [44], "summary": {"covered_lines": 1, "num_statements": 1, "percent_covered": 100.0, "percent_covered_display": "100", "missing_lines": 0, "excluded_lines": 0}, "missing_lines": [], "excluded_lines": []}, "AccessibilityManager.setup_main_window_accessibility": {"executed_lines": [73, 74], "summary": {"covered_lines": 2, "num_statements": 2, "percent_covered": 100.0, "percent_covered_display": "100", "missing_lines": 0, "excluded_lines": 0}, "missing_lines": [], "excluded_lines": []}, "AccessibilityManager.setup_shot_grid_accessibility": {"executed_lines": [88, 94, 100, 101, 106, 108, 109, 110, 116, 118, 119, 120, 121], "summary": {"covered_lines": 13, "num_statements": 13, "percent_covered": 100.0, "percent_covered_display": "100", "missing_lines": 0, "excluded_lines": 0}, "missing_lines": [], "excluded_lines": []}, "AccessibilityManager.setup_button_accessibility": {"executed_lines": [], "summary": {"covered_lines": 0, "num_statements": 7, "percent_covered": 0.0, "percent_covered_display": "0", "missing_lines": 7, "excluded_lines": 0}, "missing_lines": [137, 139, 140, 141, 142, 144, 146], "excluded_lines": []}, "AccessibilityManager.setup_launcher_buttons_accessibility": {"executed_lines": [], "summary": {"covered_lines": 0, "num_statements": 3, "percent_covered": 0.0, "percent_covered_display": "0", "missing_lines": 3, "excluded_lines": 0}, "missing_lines": [157, 159, 160], "excluded_lines": []}, "AccessibilityManager.setup_slider_accessibility": {"executed_lines": [178, 179, 180], "summary": {"covered_lines": 3, "num_statements": 3, "percent_covered": 100.0, "percent_covered_display": "100", "missing_lines": 0, "excluded_lines": 0}, "missing_lines": [], "excluded_lines": []}, "AccessibilityManager.setup_tab_widget_accessibility": {"executed_lines": [189, 190, 195, 202, 203, 204], "summary": {"covered_lines": 6, "num_statements": 6, "percent_covered": 100.0, "percent_covered_display": "100", "missing_lines": 0, "excluded_lines": 0}, "missing_lines": [], "excluded_lines": []}, "AccessibilityManager.setup_comprehensive_tooltips": {"executed_lines": [215, 216, 220, 223, 227, 233, 239, 248, 251, 255, 256], "summary": {"covered_lines": 11, "num_statements": 18, "percent_covered": 61.111111111111114, "percent_covered_display": "61", "missing_lines": 7, "excluded_lines": 0}, "missing_lines": [221, 224, 231, 237, 243, 249, 252], "excluded_lines": []}, "AccessibilityManager.setup_keyboard_navigation": {"executed_lines": [266], "summary": {"covered_lines": 1, "num_statements": 17, "percent_covered": 5.882352941176471, "percent_covered_display": "6", "missing_lines": 16, "excluded_lines": 0}, "missing_lines": [270, 271, 272, 273, 274, 275, 278, 285, 291, 292, 298, 300, 301, 302, 303, 306], "excluded_lines": []}, "AccessibilityManager.add_focus_indicators_stylesheet": {"executed_lines": [315], "summary": {"covered_lines": 1, "num_statements": 1, "percent_covered": 100.0, "percent_covered_display": "100", "missing_lines": 0, "excluded_lines": 0}, "missing_lines": [], "excluded_lines": []}, "AccessibilityManager.announce_to_screen_reader": {"executed_lines": [], "summary": {"covered_lines": 0, "num_statements": 0, "percent_covered": 100.0, "percent_covered_display": "100", "missing_lines": 0, "excluded_lines": 0}, "missing_lines": [], "excluded_lines": []}, "AccessibilityManager.setup_validation_feedback_accessibility": {"executed_lines": [], "summary": {"covered_lines": 0, "num_statements": 6, "percent_covered": 0.0, "percent_covered_display": "0", "missing_lines": 6, "excluded_lines": 0}, "missing_lines": [364, 365, 366, 368, 369, 372], "excluded_lines": []}, "": {"executed_lines": [1, 7, 10, 14, 27, 28, 29, 35, 36, 39, 40, 41, 47, 48, 49, 50, 51, 52, 53, 54, 57, 58, 59, 60, 63, 64, 66, 67, 78, 79, 125, 126, 148, 149, 167, 168, 182, 183, 207, 208, 258, 259, 308, 309, 342, 343, 353, 354], "summary": {"covered_lines": 43, "num_statements": 43, "percent_covered": 100.0, "percent_covered_display": "100", "missing_lines": 0, "excluded_lines": 3}, "missing_lines": [], "excluded_lines": [14, 16, 17]}}, "classes": {"GridWidget": {"executed_lines": [31, 32], "summary": {"covered_lines": 2, "num_statements": 2, "percent_covered": 100.0, "percent_covered_display": "100", "missing_lines": 0, "excluded_lines": 0}, "missing_lines": [], "excluded_lines": []}, "MainWindowProtocol": {"executed_lines": [44], "summary": {"covered_lines": 1, "num_statements": 1, "percent_covered": 100.0, "percent_covered_display": "100", "missing_lines": 0, "excluded_lines": 0}, "missing_lines": [], "excluded_lines": []}, "AccessibilityManager": {"executed_lines": [73, 74, 88, 94, 100, 101, 106, 108, 109, 110, 116, 118, 119, 120, 121, 178, 179, 180, 189, 190, 195, 202, 203, 204, 215, 216, 220, 223, 227, 233, 239, 248, 251, 255, 256, 266, 315], "summary": {"covered_lines": 37, "num_statements": 76, "percent_covered": 48.68421052631579, "percent_covered_display": "49", "missing_lines": 39, "excluded_lines": 0}, "missing_lines": [137, 139, 140, 141, 142, 144, 146, 157, 159, 160, 221, 224, 231, 237, 243, 249, 252, 270, 271, 272, 273, 274, 275, 278, 285, 291, 292, 298, 300, 301, 302, 303, 306, 364, 365, 366, 368, 369, 372], "excluded_lines": []}, "": {"executed_lines": [1, 7, 10, 14, 27, 28, 29, 35, 36, 39, 40, 41, 47, 48, 49, 50, 51, 52, 53, 54, 57, 58, 59, 60, 63, 64, 66, 67, 78, 79, 125, 126, 148, 149, 167, 168, 182, 183, 207, 208, 258, 259, 308, 309, 342, 343, 353, 354], "summary": {"covered_lines": 43, "num_statements": 43, "percent_covered": 100.0, "percent_covered_display": "100", "missing_lines": 0, "excluded_lines": 3}, "missing_lines": [], "excluded_lines": [14, 16, 17]}}}, "auto_screenshot.py": {"executed_lines": [], "summary": {"covered_lines": 0, "num_statements": 40, "percent_covered": 0.0, "percent_covered_display": "0", "missing_lines": 40, "excluded_lines": 2}, "missing_lines": [4, 5, 6, 7, 8, 10, 13, 19, 20, 21, 22, 25, 26, 28, 29, 30, 31, 33, 34, 35, 38, 41, 42, 44, 45, 46, 47, 48, 49, 52, 55, 56, 64, 67, 68, 70, 71, 73, 76, 77], "excluded_lines": [80, 81], "functions": {"capture_shotbot_window": {"executed_lines": [], "summary": {"covered_lines": 0, "num_statements": 22, "percent_covered": 0.0, "percent_covered_display": "0", "missing_lines": 22, "excluded_lines": 0}, "missing_lines": [19, 20, 21, 22, 25, 26, 28, 29, 30, 31, 33, 34, 35, 38, 41, 42, 44, 45, 46, 47, 48, 49], "excluded_lines": []}, "main": {"executed_lines": [], "summary": {"covered_lines": 0, "num_statements": 10, "percent_covered": 0.0, "percent_covered_display": "0", "missing_lines": 10, "excluded_lines": 0}, "missing_lines": [55, 56, 64, 67, 68, 70, 71, 73, 76, 77], "excluded_lines": []}, "": {"executed_lines": [], "summary": {"covered_lines": 0, "num_statements": 8, "percent_covered": 0.0, "percent_covered_display": "0", "missing_lines": 8, "excluded_lines": 2}, "missing_lines": [4, 5, 6, 7, 8, 10, 13, 52], "excluded_lines": [80, 81]}}, "classes": {"": {"executed_lines": [], "summary": {"covered_lines": 0, "num_statements": 40, "percent_covered": 0.0, "percent_covered_display": "0", "missing_lines": 40, "excluded_lines": 2}, "missing_lines": [4, 5, 6, 7, 8, 10, 13, 19, 20, 21, 22, 25, 26, 28, 29, 30, 31, 33, 34, 35, 38, 41, 42, 44, 45, 46, 47, 48, 49, 52, 55, 56, 64, 67, 68, 70, 71, 73, 76, 77], "excluded_lines": [80, 81]}}}, "base_asset_finder.py": {"executed_lines": [1, 3, 6, 7, 8, 9, 12, 15, 16, 23, 25, 26, 28, 29, 41, 42, 51, 69, 70, 71, 72, 75, 76, 77, 80, 81, 84, 85, 86, 87, 88, 90, 92, 93, 96, 97, 98, 101, 104, 105, 107, 108, 110, 112, 130, 133, 137, 138, 139, 142, 143, 144, 151, 152, 153, 154, 155, 156, 157, 161, 166, 167, 169, 179, 181, 182, 183, 184, 185, 187, 189, 204, 206, 208, 210, 211, 212, 213, 214, 215, 216, 219, 220, 221, 224, 225, 227, 229, 245, 246, 248, 249, 250, 251, 253, 257, 258, 260, 261, 264, 265, 267, 268, 272, 274, 284, 285, 286, 287, 291, 293, 303, 304, 305, 306, 307, 310, 320, 324, 325, 326, 327, 329, 331, 343, 345, 352, 354, 357, 358, 361, 363], "summary": {"covered_lines": 126, "num_statements": 138, "percent_covered": 91.30434782608695, "percent_covered_display": "91", "missing_lines": 12, "excluded_lines": 21}, "missing_lines": [145, 146, 148, 158, 159, 163, 254, 288, 289, 308, 321, 322], "excluded_lines": [28, 29, 30, 31, 32, 33, 34, 35, 36, 37, 38, 39, 41, 42, 43, 44, 45, 46, 47, 48, 49], "functions": {"BaseAssetFinder.__init__": {"executed_lines": [25, 26], "summary": {"covered_lines": 2, "num_statements": 2, "percent_covered": 100.0, "percent_covered_display": "100", "missing_lines": 0, "excluded_lines": 0}, "missing_lines": [], "excluded_lines": []}, "BaseAssetFinder.get_asset_directories": {"executed_lines": [], "summary": {"covered_lines": 0, "num_statements": 0, "percent_covered": 100.0, "percent_covered_display": "100", "missing_lines": 0, "excluded_lines": 10}, "missing_lines": [], "excluded_lines": [30, 31, 32, 33, 34, 35, 36, 37, 38, 39]}, "BaseAssetFinder.get_asset_patterns": {"executed_lines": [], "summary": {"covered_lines": 0, "num_statements": 0, "percent_covered": 100.0, "percent_covered_display": "100", "missing_lines": 0, "excluded_lines": 7}, "missing_lines": [], "excluded_lines": [43, 44, 45, 46, 47, 48, 49]}, "BaseAssetFinder.find_assets": {"executed_lines": [69, 70, 71, 72, 75, 76, 77, 80, 81, 84, 85, 86, 87, 88, 90, 92, 93, 96, 97, 98, 101, 104, 105, 107, 108, 110], "summary": {"covered_lines": 26, "num_statements": 26, "percent_covered": 100.0, "percent_covered_display": "100", "missing_lines": 0, "excluded_lines": 0}, "missing_lines": [], "excluded_lines": []}, "BaseAssetFinder.find_latest_asset": {"executed_lines": [130, 133, 137, 138, 139, 142, 143, 144, 151, 152, 153, 154, 155, 156, 157, 161, 166, 167], "summary": {"covered_lines": 18, "num_statements": 24, "percent_covered": 75.0, "percent_covered_display": "75", "missing_lines": 6, "excluded_lines": 0}, "missing_lines": [145, 146, 148, 158, 159, 163], "excluded_lines": []}, "BaseAssetFinder.group_assets_by_type": {"executed_lines": [179, 181, 182, 183, 184, 185, 187], "summary": {"covered_lines": 7, "num_statements": 7, "percent_covered": 100.0, "percent_covered_display": "100", "missing_lines": 0, "excluded_lines": 0}, "missing_lines": [], "excluded_lines": []}, "BaseAssetFinder.group_assets_by_sequence": {"executed_lines": [204, 206, 208, 210, 211, 212, 213, 214, 215, 216, 219, 220, 221, 224, 225, 227], "summary": {"covered_lines": 16, "num_statements": 16, "percent_covered": 100.0, "percent_covered_display": "100", "missing_lines": 0, "excluded_lines": 0}, "missing_lines": [], "excluded_lines": []}, "BaseAssetFinder.find_missing_frames": {"executed_lines": [245, 246, 248, 249, 250, 251, 253, 257, 258, 260, 261, 264, 265, 267, 268, 272], "summary": {"covered_lines": 16, "num_statements": 17, "percent_covered": 94.11764705882354, "percent_covered_display": "94", "missing_lines": 1, "excluded_lines": 0}, "missing_lines": [254], "excluded_lines": []}, "BaseAssetFinder.calculate_asset_size": {"executed_lines": [284, 285, 286, 287, 291], "summary": {"covered_lines": 5, "num_statements": 7, "percent_covered": 71.42857142857143, "percent_covered_display": "71", "missing_lines": 2, "excluded_lines": 0}, "missing_lines": [288, 289], "excluded_lines": []}, "BaseAssetFinder.format_size": {"executed_lines": [303, 304, 305, 306, 307], "summary": {"covered_lines": 5, "num_statements": 6, "percent_covered": 83.33333333333333, "percent_covered_display": "83", "missing_lines": 1, "excluded_lines": 0}, "missing_lines": [308], "excluded_lines": []}, "BaseAssetFinder._validate_workspace": {"executed_lines": [320, 324, 325, 326, 327, 329], "summary": {"covered_lines": 6, "num_statements": 8, "percent_covered": 75.0, "percent_covered_display": "75", "missing_lines": 2, "excluded_lines": 0}, "missing_lines": [321, 322], "excluded_lines": []}, "BaseAssetFinder._matches_asset_type": {"executed_lines": [343], "summary": {"covered_lines": 1, "num_statements": 1, "percent_covered": 100.0, "percent_covered_display": "100", "missing_lines": 0, "excluded_lines": 0}, "missing_lines": [], "excluded_lines": []}, "BaseAssetFinder.clear_cache": {"executed_lines": [352, 354, 357, 358, 361, 363], "summary": {"covered_lines": 6, "num_statements": 6, "percent_covered": 100.0, "percent_covered_display": "100", "missing_lines": 0, "excluded_lines": 0}, "missing_lines": [], "excluded_lines": []}, "": {"executed_lines": [1, 3, 6, 7, 8, 9, 12, 15, 16, 23, 28, 29, 41, 42, 51, 112, 169, 189, 229, 274, 293, 310, 331, 345], "summary": {"covered_lines": 18, "num_statements": 18, "percent_covered": 100.0, "percent_covered_display": "100", "missing_lines": 0, "excluded_lines": 4}, "missing_lines": [], "excluded_lines": [28, 29, 41, 42]}}, "classes": {"BaseAssetFinder": {"executed_lines": [25, 26, 69, 70, 71, 72, 75, 76, 77, 80, 81, 84, 85, 86, 87, 88, 90, 92, 93, 96, 97, 98, 101, 104, 105, 107, 108, 110, 130, 133, 137, 138, 139, 142, 143, 144, 151, 152, 153, 154, 155, 156, 157, 161, 166, 167, 179, 181, 182, 183, 184, 185, 187, 204, 206, 208, 210, 211, 212, 213, 214, 215, 216, 219, 220, 221, 224, 225, 227, 245, 246, 248, 249, 250, 251, 253, 257, 258, 260, 261, 264, 265, 267, 268, 272, 284, 285, 286, 287, 291, 303, 304, 305, 306, 307, 320, 324, 325, 326, 327, 329, 343, 352, 354, 357, 358, 361, 363], "summary": {"covered_lines": 108, "num_statements": 120, "percent_covered": 90.0, "percent_covered_display": "90", "missing_lines": 12, "excluded_lines": 17}, "missing_lines": [145, 146, 148, 158, 159, 163, 254, 288, 289, 308, 321, 322], "excluded_lines": [30, 31, 32, 33, 34, 35, 36, 37, 38, 39, 43, 44, 45, 46, 47, 48, 49]}, "": {"executed_lines": [1, 3, 6, 7, 8, 9, 12, 15, 16, 23, 28, 29, 41, 42, 51, 112, 169, 189, 229, 274, 293, 310, 331, 345], "summary": {"covered_lines": 18, "num_statements": 18, "percent_covered": 100.0, "percent_covered_display": "100", "missing_lines": 0, "excluded_lines": 4}, "missing_lines": [], "excluded_lines": [28, 29, 41, 42]}}}, "base_grid_view.py": {"executed_lines": [1, 7, 10, 13, 21, 34, 35, 36, 39, 40, 47, 56, 64, 65, 79, 80, 81, 83, 89, 92, 93, 96, 99, 102, 104, 106, 108, 109, 112, 115, 116, 118, 119, 120, 121, 122, 123, 124, 125, 127, 128, 129, 132, 134, 137, 138, 140, 141, 142, 143, 145, 146, 149, 150, 152, 153, 154, 155, 156, 158, 159, 162, 163, 166, 167, 170, 171, 173, 176, 178, 180, 181, 182, 183, 184, 185, 188, 189, 194, 197, 201, 206, 207, 208, 209, 213, 222, 231, 241, 251, 263, 269, 270, 273, 274, 277, 280, 282, 284, 291, 292, 293, 295, 301, 302, 304, 308, 311, 314, 316, 321, 325, 326, 329, 330, 332, 333, 335, 336, 339, 340, 342, 356, 357, 365, 376, 380, 382, 385, 386, 389, 390, 392, 395, 397, 405, 406, 407, 408, 410, 412, 413, 415, 417], "summary": {"covered_lines": 140, "num_statements": 150, "percent_covered": 93.33333333333333, "percent_covered_display": "93", "missing_lines": 10, "excluded_lines": 6}, "missing_lines": [53, 322, 363, 377, 427, 435, 436, 437, 438, 441], "excluded_lines": [56, 58, 61, 239, 249, 259], "functions": {"HasAvailableShows.get_available_shows": {"executed_lines": [], "summary": {"covered_lines": 0, "num_statements": 1, "percent_covered": 0.0, "percent_covered_display": "0", "missing_lines": 1, "excluded_lines": 0}, "missing_lines": [53], "excluded_lines": []}, "BaseGridView.__init__": {"executed_lines": [89, 92, 93, 96, 99, 102, 104], "summary": {"covered_lines": 7, "num_statements": 7, "percent_covered": 100.0, "percent_covered_display": "100", "missing_lines": 0, "excluded_lines": 0}, "missing_lines": [], "excluded_lines": []}, "BaseGridView._setup_base_ui": {"executed_lines": [108, 109, 112, 115, 116, 118, 119, 120, 121, 122, 123, 124, 125, 127, 128, 129, 132, 134, 137, 138, 140, 141, 142, 143, 145, 146, 149, 150, 152, 153, 154, 155, 156, 158, 159, 162, 163, 166, 167, 170, 171, 173, 176], "summary": {"covered_lines": 43, "num_statements": 43, "percent_covered": 100.0, "percent_covered_display": "100", "missing_lines": 0, "excluded_lines": 0}, "missing_lines": [], "excluded_lines": []}, "BaseGridView._configure_list_view": {"executed_lines": [180, 181, 182, 183, 184, 185, 188, 189, 194, 197], "summary": {"covered_lines": 10, "num_statements": 10, "percent_covered": 100.0, "percent_covered_display": "100", "missing_lines": 0, "excluded_lines": 0}, "missing_lines": [], "excluded_lines": []}, "BaseGridView._setup_visibility_tracking": {"executed_lines": [206, 207, 208, 209], "summary": {"covered_lines": 4, "num_statements": 4, "percent_covered": 100.0, "percent_covered_display": "100", "missing_lines": 0, "excluded_lines": 0}, "missing_lines": [], "excluded_lines": []}, "BaseGridView._add_top_widgets": {"executed_lines": [], "summary": {"covered_lines": 0, "num_statements": 0, "percent_covered": 100.0, "percent_covered_display": "100", "missing_lines": 0, "excluded_lines": 0}, "missing_lines": [], "excluded_lines": []}, "BaseGridView._customize_size_layout": {"executed_lines": [], "summary": {"covered_lines": 0, "num_statements": 0, "percent_covered": 100.0, "percent_covered_display": "100", "missing_lines": 0, "excluded_lines": 0}, "missing_lines": [], "excluded_lines": []}, "BaseGridView._create_delegate": {"executed_lines": [], "summary": {"covered_lines": 0, "num_statements": 0, "percent_covered": 100.0, "percent_covered_display": "100", "missing_lines": 0, "excluded_lines": 1}, "missing_lines": [], "excluded_lines": [239]}, "BaseGridView._on_item_clicked": {"executed_lines": [], "summary": {"covered_lines": 0, "num_statements": 0, "percent_covered": 100.0, "percent_covered_display": "100", "missing_lines": 0, "excluded_lines": 1}, "missing_lines": [], "excluded_lines": [249]}, "BaseGridView._on_item_double_clicked": {"executed_lines": [], "summary": {"covered_lines": 0, "num_statements": 0, "percent_covered": 100.0, "percent_covered_display": "100", "missing_lines": 0, "excluded_lines": 1}, "missing_lines": [], "excluded_lines": [259]}, "BaseGridView._on_size_changed": {"executed_lines": [269, 270, 273, 274, 277, 280, 282], "summary": {"covered_lines": 7, "num_statements": 7, "percent_covered": 100.0, "percent_covered_display": "100", "missing_lines": 0, "excluded_lines": 0}, "missing_lines": [], "excluded_lines": []}, "BaseGridView._on_show_filter_changed": {"executed_lines": [291, 292, 293], "summary": {"covered_lines": 3, "num_statements": 3, "percent_covered": 100.0, "percent_covered_display": "100", "missing_lines": 0, "excluded_lines": 0}, "missing_lines": [], "excluded_lines": []}, "BaseGridView._on_text_filter_changed": {"executed_lines": [301, 302], "summary": {"covered_lines": 2, "num_statements": 2, "percent_covered": 100.0, "percent_covered_display": "100", "missing_lines": 0, "excluded_lines": 0}, "missing_lines": [], "excluded_lines": []}, "BaseGridView._update_grid_size": {"executed_lines": [308, 311, 314], "summary": {"covered_lines": 3, "num_statements": 3, "percent_covered": 100.0, "percent_covered_display": "100", "missing_lines": 0, "excluded_lines": 0}, "missing_lines": [], "excluded_lines": []}, "BaseGridView._update_visible_range": {"executed_lines": [321, 325, 326, 329, 330, 332, 333, 335, 336, 339, 340], "summary": {"covered_lines": 11, "num_statements": 12, "percent_covered": 91.66666666666667, "percent_covered_display": "92", "missing_lines": 1, "excluded_lines": 0}, "missing_lines": [322], "excluded_lines": []}, "BaseGridView._handle_visible_range_update": {"executed_lines": [], "summary": {"covered_lines": 0, "num_statements": 0, "percent_covered": 100.0, "percent_covered_display": "100", "missing_lines": 0, "excluded_lines": 0}, "missing_lines": [], "excluded_lines": []}, "BaseGridView.thumbnail_size": {"executed_lines": [], "summary": {"covered_lines": 0, "num_statements": 1, "percent_covered": 0.0, "percent_covered_display": "0", "missing_lines": 1, "excluded_lines": 0}, "missing_lines": [363], "excluded_lines": []}, "BaseGridView.populate_show_filter": {"executed_lines": [376, 380, 382, 385, 386, 389, 390, 392, 395], "summary": {"covered_lines": 9, "num_statements": 10, "percent_covered": 90.0, "percent_covered_display": "90", "missing_lines": 1, "excluded_lines": 0}, "missing_lines": [377], "excluded_lines": []}, "BaseGridView.wheelEvent": {"executed_lines": [405, 406, 407, 408, 410, 412, 413, 415], "summary": {"covered_lines": 8, "num_statements": 8, "percent_covered": 100.0, "percent_covered_display": "100", "missing_lines": 0, "excluded_lines": 0}, "missing_lines": [], "excluded_lines": []}, "BaseGridView.keyPressEvent": {"executed_lines": [], "summary": {"covered_lines": 0, "num_statements": 6, "percent_covered": 0.0, "percent_covered_display": "0", "missing_lines": 6, "excluded_lines": 0}, "missing_lines": [427, 435, 436, 437, 438, 441], "excluded_lines": []}, "": {"executed_lines": [1, 7, 10, 13, 21, 34, 35, 36, 39, 40, 47, 56, 64, 65, 79, 80, 81, 83, 106, 178, 201, 213, 222, 231, 241, 251, 263, 284, 295, 304, 316, 342, 356, 357, 365, 397, 417], "summary": {"covered_lines": 33, "num_statements": 33, "percent_covered": 100.0, "percent_covered_display": "100", "missing_lines": 0, "excluded_lines": 3}, "missing_lines": [], "excluded_lines": [56, 58, 61]}}, "classes": {"HasAvailableShows": {"executed_lines": [], "summary": {"covered_lines": 0, "num_statements": 1, "percent_covered": 0.0, "percent_covered_display": "0", "missing_lines": 1, "excluded_lines": 0}, "missing_lines": [53], "excluded_lines": []}, "BaseGridView": {"executed_lines": [89, 92, 93, 96, 99, 102, 104, 108, 109, 112, 115, 116, 118, 119, 120, 121, 122, 123, 124, 125, 127, 128, 129, 132, 134, 137, 138, 140, 141, 142, 143, 145, 146, 149, 150, 152, 153, 154, 155, 156, 158, 159, 162, 163, 166, 167, 170, 171, 173, 176, 180, 181, 182, 183, 184, 185, 188, 189, 194, 197, 206, 207, 208, 209, 269, 270, 273, 274, 277, 280, 282, 291, 292, 293, 301, 302, 308, 311, 314, 321, 325, 326, 329, 330, 332, 333, 335, 336, 339, 340, 376, 380, 382, 385, 386, 389, 390, 392, 395, 405, 406, 407, 408, 410, 412, 413, 415], "summary": {"covered_lines": 107, "num_statements": 116, "percent_covered": 92.24137931034483, "percent_covered_display": "92", "missing_lines": 9, "excluded_lines": 3}, "missing_lines": [322, 363, 377, 427, 435, 436, 437, 438, 441], "excluded_lines": [239, 249, 259]}, "": {"executed_lines": [1, 7, 10, 13, 21, 34, 35, 36, 39, 40, 47, 56, 64, 65, 79, 80, 81, 83, 106, 178, 201, 213, 222, 231, 241, 251, 263, 284, 295, 304, 316, 342, 356, 357, 365, 397, 417], "summary": {"covered_lines": 33, "num_statements": 33, "percent_covered": 100.0, "percent_covered_display": "100", "missing_lines": 0, "excluded_lines": 3}, "missing_lines": [], "excluded_lines": [56, 58, 61]}}}, "base_item_model.py": {"executed_lines": [1, 8, 11, 12, 13, 14, 17, 32, 33, 36, 37, 38, 39, 40, 43, 46, 47, 54, 57, 58, 61, 62, 63, 64, 67, 68, 69, 70, 71, 72, 73, 74, 75, 78, 81, 82, 85, 88, 91, 107, 108, 109, 110, 112, 124, 125, 126, 131, 134, 135, 139, 140, 141, 144, 145, 148, 149, 150, 153, 154, 157, 158, 159, 160, 161, 163, 167, 168, 180, 181, 182, 184, 185, 199, 200, 202, 205, 206, 208, 209, 211, 212, 215, 216, 218, 219, 221, 222, 224, 225, 227, 228, 230, 234, 235, 237, 238, 239, 241, 242, 244, 246, 247, 250, 252, 253, 262, 263, 265, 267, 268, 284, 285, 287, 290, 291, 292, 293, 294, 296, 297, 300, 301, 304, 305, 306, 309, 310, 315, 316, 323, 324, 327, 329, 331, 334, 341, 344, 346, 354, 355, 356, 359, 360, 366, 368, 369, 370, 373, 377, 378, 379, 382, 383, 386, 387, 390, 393, 394, 398, 399, 401, 412, 413, 415, 416, 418, 420, 430, 435, 438, 439, 440, 485, 486, 487, 489, 528, 539, 540, 541, 543, 544, 546, 555, 556, 557, 559, 569, 570, 572, 574, 576, 577, 578, 579, 580, 582, 585, 588, 589, 590, 593, 594, 600, 621, 622, 629, 632, 633, 636, 639, 642, 644, 646, 653, 656, 657, 660, 667, 673, 677, 678, 681, 687, 693, 694, 698, 701, 705, 706, 708, 709, 710, 714, 715, 725, 726, 736, 744, 749, 761, 763, 776], "summary": {"covered_lines": 236, "num_statements": 278, "percent_covered": 84.89208633093526, "percent_covered_display": "85", "missing_lines": 42, "excluded_lines": 20}, "missing_lines": [231, 232, 313, 335, 339, 374, 432, 443, 444, 446, 447, 449, 456, 457, 458, 461, 470, 472, 473, 474, 478, 481, 482, 483, 494, 495, 497, 504, 505, 506, 507, 510, 519, 521, 524, 525, 526, 586, 623, 630, 647, 682], "excluded_lines": [714, 715, 716, 717, 718, 719, 720, 721, 722, 723, 725, 726, 727, 728, 729, 730, 731, 732, 733, 734], "functions": {"BaseItemModel.__init__": {"executed_lines": [124, 125, 126, 131, 134, 135, 139, 140, 141, 144, 145, 148, 149, 150, 153, 154, 157, 158, 159, 160, 161, 163], "summary": {"covered_lines": 22, "num_statements": 22, "percent_covered": 100.0, "percent_covered_display": "100", "missing_lines": 0, "excluded_lines": 0}, "missing_lines": [], "excluded_lines": []}, "BaseItemModel.rowCount": {"executed_lines": [180, 181, 182], "summary": {"covered_lines": 3, "num_statements": 3, "percent_covered": 100.0, "percent_covered_display": "100", "missing_lines": 0, "excluded_lines": 0}, "missing_lines": [], "excluded_lines": []}, "BaseItemModel.data": {"executed_lines": [199, 200, 202, 205, 206, 208, 209, 211, 212, 215, 216, 218, 219, 221, 222, 224, 225, 227, 228, 230, 234, 235, 237, 238, 239, 241, 242, 244, 246, 247, 250], "summary": {"covered_lines": 31, "num_statements": 33, "percent_covered": 93.93939393939394, "percent_covered_display": "94", "missing_lines": 2, "excluded_lines": 0}, "missing_lines": [231, 232], "excluded_lines": []}, "BaseItemModel.flags": {"executed_lines": [262, 263, 265], "summary": {"covered_lines": 3, "num_statements": 3, "percent_covered": 100.0, "percent_covered_display": "100", "missing_lines": 0, "excluded_lines": 0}, "missing_lines": [], "excluded_lines": []}, "BaseItemModel.setData": {"executed_lines": [284, 285, 287, 290, 291, 292, 293, 294, 296, 297, 300, 301, 304, 305, 306, 309, 310], "summary": {"covered_lines": 17, "num_statements": 18, "percent_covered": 94.44444444444444, "percent_covered_display": "94", "missing_lines": 1, "excluded_lines": 0}, "missing_lines": [313], "excluded_lines": []}, "BaseItemModel.set_visible_range": {"executed_lines": [323, 324, 327], "summary": {"covered_lines": 3, "num_statements": 3, "percent_covered": 100.0, "percent_covered_display": "100", "missing_lines": 0, "excluded_lines": 0}, "missing_lines": [], "excluded_lines": []}, "BaseItemModel._load_visible_thumbnails": {"executed_lines": [331, 334, 341, 344], "summary": {"covered_lines": 4, "num_statements": 6, "percent_covered": 66.66666666666667, "percent_covered_display": "67", "missing_lines": 2, "excluded_lines": 0}, "missing_lines": [335, 339], "excluded_lines": []}, "BaseItemModel._do_load_visible_thumbnails": {"executed_lines": [354, 355, 356, 359, 360, 366, 368, 369, 370, 373, 377, 378, 379, 382, 383, 386, 387, 390, 393, 394, 398, 399], "summary": {"covered_lines": 22, "num_statements": 23, "percent_covered": 95.65217391304348, "percent_covered_display": "96", "missing_lines": 1, "excluded_lines": 0}, "missing_lines": [374], "excluded_lines": []}, "BaseItemModel._load_thumbnail_async": {"executed_lines": [412, 413, 415, 416, 418, 420, 430, 435, 438, 439, 440, 485, 486, 487], "summary": {"covered_lines": 14, "num_statements": 32, "percent_covered": 43.75, "percent_covered_display": "44", "missing_lines": 18, "excluded_lines": 0}, "missing_lines": [432, 443, 444, 446, 447, 449, 456, 457, 458, 461, 470, 472, 473, 474, 478, 481, 482, 483], "excluded_lines": []}, "BaseItemModel._load_cached_pixmap": {"executed_lines": [], "summary": {"covered_lines": 0, "num_statements": 13, "percent_covered": 0.0, "percent_covered_display": "0", "missing_lines": 13, "excluded_lines": 0}, "missing_lines": [494, 495, 497, 504, 505, 506, 507, 510, 519, 521, 524, 525, 526], "excluded_lines": []}, "BaseItemModel._get_thumbnail_pixmap": {"executed_lines": [539, 540, 541, 543, 544], "summary": {"covered_lines": 5, "num_statements": 5, "percent_covered": 100.0, "percent_covered_display": "100", "missing_lines": 0, "excluded_lines": 0}, "missing_lines": [], "excluded_lines": []}, "BaseItemModel.get_item_at_index": {"executed_lines": [555, 556, 557], "summary": {"covered_lines": 3, "num_statements": 3, "percent_covered": 100.0, "percent_covered_display": "100", "missing_lines": 0, "excluded_lines": 0}, "missing_lines": [], "excluded_lines": []}, "BaseItemModel.get_selected_item": {"executed_lines": [569, 570], "summary": {"covered_lines": 2, "num_statements": 2, "percent_covered": 100.0, "percent_covered_display": "100", "missing_lines": 0, "excluded_lines": 0}, "missing_lines": [], "excluded_lines": []}, "BaseItemModel.clear_selection": {"executed_lines": [574, 576, 577, 578, 579, 580], "summary": {"covered_lines": 6, "num_statements": 6, "percent_covered": 100.0, "percent_covered_display": "100", "missing_lines": 0, "excluded_lines": 0}, "missing_lines": [], "excluded_lines": []}, "BaseItemModel.clear_thumbnail_cache": {"executed_lines": [585, 588, 589, 590, 593, 594], "summary": {"covered_lines": 6, "num_statements": 7, "percent_covered": 85.71428571428571, "percent_covered_display": "86", "missing_lines": 1, "excluded_lines": 0}, "missing_lines": [586], "excluded_lines": []}, "BaseItemModel.set_items": {"executed_lines": [621, 622, 629, 632, 633, 636, 639, 642, 644, 646, 653, 656, 657, 660, 667, 673, 677, 678, 681, 687, 693, 694, 698, 701, 705, 706, 708, 709, 710], "summary": {"covered_lines": 29, "num_statements": 33, "percent_covered": 87.87878787878788, "percent_covered_display": "88", "missing_lines": 4, "excluded_lines": 0}, "missing_lines": [623, 630, 647, 682], "excluded_lines": []}, "BaseItemModel.get_display_role_data": {"executed_lines": [], "summary": {"covered_lines": 0, "num_statements": 0, "percent_covered": 100.0, "percent_covered_display": "100", "missing_lines": 0, "excluded_lines": 8}, "missing_lines": [], "excluded_lines": [716, 717, 718, 719, 720, 721, 722, 723]}, "BaseItemModel.get_tooltip_data": {"executed_lines": [], "summary": {"covered_lines": 0, "num_statements": 0, "percent_covered": 100.0, "percent_covered_display": "100", "missing_lines": 0, "excluded_lines": 8}, "missing_lines": [], "excluded_lines": [727, 728, 729, 730, 731, 732, 733, 734]}, "BaseItemModel.get_size_hint": {"executed_lines": [744], "summary": {"covered_lines": 1, "num_statements": 1, "percent_covered": 100.0, "percent_covered_display": "100", "missing_lines": 0, "excluded_lines": 0}, "missing_lines": [], "excluded_lines": []}, "BaseItemModel.get_custom_role_data": {"executed_lines": [761], "summary": {"covered_lines": 1, "num_statements": 1, "percent_covered": 100.0, "percent_covered_display": "100", "missing_lines": 0, "excluded_lines": 0}, "missing_lines": [], "excluded_lines": []}, "BaseItemModel.set_custom_data": {"executed_lines": [776], "summary": {"covered_lines": 1, "num_statements": 1, "percent_covered": 100.0, "percent_covered_display": "100", "missing_lines": 0, "excluded_lines": 0}, "missing_lines": [], "excluded_lines": []}, "": {"executed_lines": [1, 8, 11, 12, 13, 14, 17, 32, 33, 36, 37, 38, 39, 40, 43, 46, 47, 54, 57, 58, 61, 62, 63, 64, 67, 68, 69, 70, 71, 72, 73, 74, 75, 78, 81, 82, 85, 88, 91, 107, 108, 109, 110, 112, 167, 168, 184, 185, 252, 253, 267, 268, 315, 316, 329, 346, 401, 489, 528, 546, 559, 572, 582, 600, 714, 715, 725, 726, 736, 749, 763], "summary": {"covered_lines": 63, "num_statements": 63, "percent_covered": 100.0, "percent_covered_display": "100", "missing_lines": 0, "excluded_lines": 4}, "missing_lines": [], "excluded_lines": [714, 715, 725, 726]}}, "classes": {"QtThreadError": {"executed_lines": [], "summary": {"covered_lines": 0, "num_statements": 0, "percent_covered": 100.0, "percent_covered_display": "100", "missing_lines": 0, "excluded_lines": 0}, "missing_lines": [], "excluded_lines": []}, "BaseItemRole": {"executed_lines": [], "summary": {"covered_lines": 0, "num_statements": 0, "percent_covered": 100.0, "percent_covered_display": "100", "missing_lines": 0, "excluded_lines": 0}, "missing_lines": [], "excluded_lines": []}, "BaseItemModel": {"executed_lines": [124, 125, 126, 131, 134, 135, 139, 140, 141, 144, 145, 148, 149, 150, 153, 154, 157, 158, 159, 160, 161, 163, 180, 181, 182, 199, 200, 202, 205, 206, 208, 209, 211, 212, 215, 216, 218, 219, 221, 222, 224, 225, 227, 228, 230, 234, 235, 237, 238, 239, 241, 242, 244, 246, 247, 250, 262, 263, 265, 284, 285, 287, 290, 291, 292, 293, 294, 296, 297, 300, 301, 304, 305, 306, 309, 310, 323, 324, 327, 331, 334, 341, 344, 354, 355, 356, 359, 360, 366, 368, 369, 370, 373, 377, 378, 379, 382, 383, 386, 387, 390, 393, 394, 398, 399, 412, 413, 415, 416, 418, 420, 430, 435, 438, 439, 440, 485, 486, 487, 539, 540, 541, 543, 544, 555, 556, 557, 569, 570, 574, 576, 577, 578, 579, 580, 585, 588, 589, 590, 593, 594, 621, 622, 629, 632, 633, 636, 639, 642, 644, 646, 653, 656, 657, 660, 667, 673, 677, 678, 681, 687, 693, 694, 698, 701, 705, 706, 708, 709, 710, 744, 761, 776], "summary": {"covered_lines": 173, "num_statements": 215, "percent_covered": 80.46511627906976, "percent_covered_display": "80", "missing_lines": 42, "excluded_lines": 16}, "missing_lines": [231, 232, 313, 335, 339, 374, 432, 443, 444, 446, 447, 449, 456, 457, 458, 461, 470, 472, 473, 474, 478, 481, 482, 483, 494, 495, 497, 504, 505, 506, 507, 510, 519, 521, 524, 525, 526, 586, 623, 630, 647, 682], "excluded_lines": [716, 717, 718, 719, 720, 721, 722, 723, 727, 728, 729, 730, 731, 732, 733, 734]}, "": {"executed_lines": [1, 8, 11, 12, 13, 14, 17, 32, 33, 36, 37, 38, 39, 40, 43, 46, 47, 54, 57, 58, 61, 62, 63, 64, 67, 68, 69, 70, 71, 72, 73, 74, 75, 78, 81, 82, 85, 88, 91, 107, 108, 109, 110, 112, 167, 168, 184, 185, 252, 253, 267, 268, 315, 316, 329, 346, 401, 489, 528, 546, 559, 572, 582, 600, 714, 715, 725, 726, 736, 749, 763], "summary": {"covered_lines": 63, "num_statements": 63, "percent_covered": 100.0, "percent_covered_display": "100", "missing_lines": 0, "excluded_lines": 4}, "missing_lines": [], "excluded_lines": [714, 715, 725, 726]}}}, "base_scene_finder.py": {"executed_lines": [1, 3, 6, 7, 8, 9, 12, 15, 16, 26, 28, 30, 31, 33, 35, 36, 40, 41, 52, 53, 61, 80, 81, 82, 85, 87, 88, 91, 94, 95, 97, 100, 102, 117, 118, 122, 124, 125, 127, 128, 129, 131, 140, 141, 142, 144, 145, 146, 147, 149, 151, 165, 168, 169, 170, 171, 174, 175, 179, 181, 182, 186, 188, 190, 199, 202, 203, 206, 207, 211, 213, 214, 218, 219, 221, 223, 225, 234, 236, 238, 239, 240, 241, 242, 247, 248, 249, 250, 251, 252, 253, 257, 259, 268, 270, 284, 285, 287, 289, 298, 300, 302, 303, 304, 305, 306, 307, 308, 309, 311], "summary": {"covered_lines": 103, "num_statements": 109, "percent_covered": 94.4954128440367, "percent_covered_display": "94", "missing_lines": 6, "excluded_lines": 20}, "missing_lines": [119, 176, 183, 204, 208, 215], "excluded_lines": [36, 40, 41, 42, 43, 44, 45, 46, 47, 48, 49, 50, 52, 53, 54, 55, 56, 57, 58, 59], "functions": {"BaseSceneFinder.__init__": {"executed_lines": [30, 31], "summary": {"covered_lines": 2, "num_statements": 2, "percent_covered": 100.0, "percent_covered_display": "100", "missing_lines": 0, "excluded_lines": 0}, "missing_lines": [], "excluded_lines": []}, "BaseSceneFinder._validate_subclass": {"executed_lines": [35, 36], "summary": {"covered_lines": 1, "num_statements": 1, "percent_covered": 100.0, "percent_covered_display": "100", "missing_lines": 0, "excluded_lines": 1}, "missing_lines": [], "excluded_lines": [36]}, "BaseSceneFinder.get_scene_paths": {"executed_lines": [], "summary": {"covered_lines": 0, "num_statements": 0, "percent_covered": 100.0, "percent_covered_display": "100", "missing_lines": 0, "excluded_lines": 9}, "missing_lines": [], "excluded_lines": [42, 43, 44, 45, 46, 47, 48, 49, 50]}, "BaseSceneFinder.get_file_extensions": {"executed_lines": [], "summary": {"covered_lines": 0, "num_statements": 0, "percent_covered": 100.0, "percent_covered_display": "100", "missing_lines": 0, "excluded_lines": 6}, "missing_lines": [], "excluded_lines": [54, 55, 56, 57, 58, 59]}, "BaseSceneFinder.find_latest_scene": {"executed_lines": [80, 81, 82, 85, 87, 88, 91, 94, 95, 97, 100], "summary": {"covered_lines": 11, "num_statements": 11, "percent_covered": 100.0, "percent_covered_display": "100", "missing_lines": 0, "excluded_lines": 0}, "missing_lines": [], "excluded_lines": []}, "BaseSceneFinder.find_all_scenes": {"executed_lines": [117, 118, 122, 124, 125, 127, 128, 129], "summary": {"covered_lines": 8, "num_statements": 9, "percent_covered": 88.88888888888889, "percent_covered_display": "89", "missing_lines": 1, "excluded_lines": 0}, "missing_lines": [119], "excluded_lines": []}, "BaseSceneFinder._validate_workspace": {"executed_lines": [140, 141, 142, 144, 145, 146, 147, 149], "summary": {"covered_lines": 8, "num_statements": 8, "percent_covered": 100.0, "percent_covered_display": "100", "missing_lines": 0, "excluded_lines": 0}, "missing_lines": [], "excluded_lines": []}, "BaseSceneFinder._find_all_scene_files": {"executed_lines": [165, 168, 169, 170, 171, 174, 175, 179, 181, 182, 186, 188], "summary": {"covered_lines": 12, "num_statements": 14, "percent_covered": 85.71428571428571, "percent_covered_display": "86", "missing_lines": 2, "excluded_lines": 0}, "missing_lines": [176, 183], "excluded_lines": []}, "BaseSceneFinder._find_all_files": {"executed_lines": [199, 202, 203, 206, 207, 211, 213, 214, 218, 219, 221, 223], "summary": {"covered_lines": 12, "num_statements": 15, "percent_covered": 80.0, "percent_covered_display": "80", "missing_lines": 3, "excluded_lines": 0}, "missing_lines": [204, 208, 215], "excluded_lines": []}, "BaseSceneFinder._search_directory": {"executed_lines": [234, 236, 238, 239, 240, 241, 242, 247, 248, 249, 250, 251, 252, 253, 257], "summary": {"covered_lines": 15, "num_statements": 15, "percent_covered": 100.0, "percent_covered_display": "100", "missing_lines": 0, "excluded_lines": 0}, "missing_lines": [], "excluded_lines": []}, "BaseSceneFinder.filter_autosave_files": {"executed_lines": [268], "summary": {"covered_lines": 1, "num_statements": 1, "percent_covered": 100.0, "percent_covered_display": "100", "missing_lines": 0, "excluded_lines": 0}, "missing_lines": [], "excluded_lines": []}, "BaseSceneFinder.filter_by_pattern": {"executed_lines": [284, 285, 287], "summary": {"covered_lines": 3, "num_statements": 3, "percent_covered": 100.0, "percent_covered_display": "100", "missing_lines": 0, "excluded_lines": 0}, "missing_lines": [], "excluded_lines": []}, "BaseSceneFinder.group_by_user": {"executed_lines": [298, 300, 302, 303, 304, 305, 306, 307, 308, 309, 311], "summary": {"covered_lines": 11, "num_statements": 11, "percent_covered": 100.0, "percent_covered_display": "100", "missing_lines": 0, "excluded_lines": 0}, "missing_lines": [], "excluded_lines": []}, "": {"executed_lines": [1, 3, 6, 7, 8, 9, 12, 15, 16, 26, 28, 33, 40, 41, 52, 53, 61, 102, 131, 151, 190, 225, 259, 270, 289], "summary": {"covered_lines": 19, "num_statements": 19, "percent_covered": 100.0, "percent_covered_display": "100", "missing_lines": 0, "excluded_lines": 4}, "missing_lines": [], "excluded_lines": [40, 41, 52, 53]}}, "classes": {"BaseSceneFinder": {"executed_lines": [30, 31, 35, 36, 80, 81, 82, 85, 87, 88, 91, 94, 95, 97, 100, 117, 118, 122, 124, 125, 127, 128, 129, 140, 141, 142, 144, 145, 146, 147, 149, 165, 168, 169, 170, 171, 174, 175, 179, 181, 182, 186, 188, 199, 202, 203, 206, 207, 211, 213, 214, 218, 219, 221, 223, 234, 236, 238, 239, 240, 241, 242, 247, 248, 249, 250, 251, 252, 253, 257, 268, 284, 285, 287, 298, 300, 302, 303, 304, 305, 306, 307, 308, 309, 311], "summary": {"covered_lines": 84, "num_statements": 90, "percent_covered": 93.33333333333333, "percent_covered_display": "93", "missing_lines": 6, "excluded_lines": 16}, "missing_lines": [119, 176, 183, 204, 208, 215], "excluded_lines": [36, 42, 43, 44, 45, 46, 47, 48, 49, 50, 54, 55, 56, 57, 58, 59]}, "": {"executed_lines": [1, 3, 6, 7, 8, 9, 12, 15, 16, 26, 28, 33, 40, 41, 52, 53, 61, 102, 131, 151, 190, 225, 259, 270, 289], "summary": {"covered_lines": 19, "num_statements": 19, "percent_covered": 100.0, "percent_covered_display": "100", "missing_lines": 0, "excluded_lines": 4}, "missing_lines": [], "excluded_lines": [40, 41, 52, 53]}}}, "base_shot_model.py": {"executed_lines": [1, 3, 6, 7, 8, 11, 13, 20, 21, 22, 23, 24, 25, 28, 38, 39, 51, 52, 53, 54, 55, 56, 57, 59, 72, 74, 76, 77, 79, 80, 81, 82, 85, 88, 89, 90, 91, 94, 95, 97, 104, 106, 107, 108, 110, 111, 112, 113, 114, 121, 122, 124, 136, 137, 140, 141, 142, 145, 146, 147, 149, 150, 152, 153, 154, 155, 158, 159, 160, 161, 162, 163, 164, 167, 173, 186, 190, 205, 209, 210, 212, 222, 223, 224, 226, 232, 234, 240, 242, 248, 249, 251, 257, 259, 268, 269, 270, 271, 273, 279, 280, 294, 300, 301, 303, 305, 307, 313, 314, 316, 318, 320, 328, 332, 336, 338, 344, 346, 347, 357, 358, 368, 376, 377], "summary": {"covered_lines": 117, "num_statements": 127, "percent_covered": 92.1259842519685, "percent_covered_display": "92", "missing_lines": 10, "excluded_lines": 25}, "missing_lines": [115, 117, 118, 119, 120, 180, 183, 198, 199, 202], "excluded_lines": [13, 14, 15, 16, 17, 346, 347, 348, 349, 350, 351, 352, 353, 354, 355, 357, 358, 359, 360, 361, 362, 363, 364, 365, 366], "functions": {"BaseShotModel.__init__": {"executed_lines": [72, 74, 76, 77, 79, 80, 81, 82, 85, 88, 89, 90, 91, 94, 95], "summary": {"covered_lines": 15, "num_statements": 15, "percent_covered": 100.0, "percent_covered_display": "100", "missing_lines": 0, "excluded_lines": 0}, "missing_lines": [], "excluded_lines": []}, "BaseShotModel._load_from_cache": {"executed_lines": [104, 106, 107, 108, 110, 111, 112, 113, 114, 121, 122], "summary": {"covered_lines": 11, "num_statements": 16, "percent_covered": 68.75, "percent_covered_display": "69", "missing_lines": 5, "excluded_lines": 0}, "missing_lines": [115, 117, 118, 119, 120], "excluded_lines": []}, "BaseShotModel._parse_ws_output": {"executed_lines": [136, 137, 140, 141, 142, 145, 146, 147, 149, 150, 152, 153, 154, 155, 158, 159, 160, 161, 162, 163, 164, 167, 173, 186, 190, 205, 209, 210], "summary": {"covered_lines": 28, "num_statements": 33, "percent_covered": 84.84848484848484, "percent_covered_display": "85", "missing_lines": 5, "excluded_lines": 0}, "missing_lines": [180, 183, 198, 199, 202], "excluded_lines": []}, "BaseShotModel._check_for_changes": {"executed_lines": [222, 223, 224], "summary": {"covered_lines": 3, "num_statements": 3, "percent_covered": 100.0, "percent_covered_display": "100", "missing_lines": 0, "excluded_lines": 0}, "missing_lines": [], "excluded_lines": []}, "BaseShotModel.get_shots": {"executed_lines": [232], "summary": {"covered_lines": 1, "num_statements": 1, "percent_covered": 100.0, "percent_covered_display": "100", "missing_lines": 0, "excluded_lines": 0}, "missing_lines": [], "excluded_lines": []}, "BaseShotModel.get_shot_count": {"executed_lines": [240], "summary": {"covered_lines": 1, "num_statements": 1, "percent_covered": 100.0, "percent_covered_display": "100", "missing_lines": 0, "excluded_lines": 0}, "missing_lines": [], "excluded_lines": []}, "BaseShotModel.select_shot": {"executed_lines": [248, 249], "summary": {"covered_lines": 2, "num_statements": 2, "percent_covered": 100.0, "percent_covered_display": "100", "missing_lines": 0, "excluded_lines": 0}, "missing_lines": [], "excluded_lines": []}, "BaseShotModel.get_selected_shot": {"executed_lines": [257], "summary": {"covered_lines": 1, "num_statements": 1, "percent_covered": 100.0, "percent_covered_display": "100", "missing_lines": 0, "excluded_lines": 0}, "missing_lines": [], "excluded_lines": []}, "BaseShotModel.find_shot_by_name": {"executed_lines": [268, 269, 270, 271], "summary": {"covered_lines": 4, "num_statements": 4, "percent_covered": 100.0, "percent_covered_display": "100", "missing_lines": 0, "excluded_lines": 0}, "missing_lines": [], "excluded_lines": []}, "BaseShotModel.get_performance_metrics": {"executed_lines": [279, 280], "summary": {"covered_lines": 2, "num_statements": 2, "percent_covered": 100.0, "percent_covered_display": "100", "missing_lines": 0, "excluded_lines": 0}, "missing_lines": [], "excluded_lines": []}, "BaseShotModel.set_show_filter": {"executed_lines": [300, 301], "summary": {"covered_lines": 2, "num_statements": 2, "percent_covered": 100.0, "percent_covered_display": "100", "missing_lines": 0, "excluded_lines": 0}, "missing_lines": [], "excluded_lines": []}, "BaseShotModel.get_show_filter": {"executed_lines": [305], "summary": {"covered_lines": 1, "num_statements": 1, "percent_covered": 100.0, "percent_covered_display": "100", "missing_lines": 0, "excluded_lines": 0}, "missing_lines": [], "excluded_lines": []}, "BaseShotModel.set_text_filter": {"executed_lines": [313, 314], "summary": {"covered_lines": 2, "num_statements": 2, "percent_covered": 100.0, "percent_covered_display": "100", "missing_lines": 0, "excluded_lines": 0}, "missing_lines": [], "excluded_lines": []}, "BaseShotModel.get_text_filter": {"executed_lines": [318], "summary": {"covered_lines": 1, "num_statements": 1, "percent_covered": 100.0, "percent_covered_display": "100", "missing_lines": 0, "excluded_lines": 0}, "missing_lines": [], "excluded_lines": []}, "BaseShotModel.get_filtered_shots": {"executed_lines": [328, 332, 336], "summary": {"covered_lines": 3, "num_statements": 3, "percent_covered": 100.0, "percent_covered_display": "100", "missing_lines": 0, "excluded_lines": 0}, "missing_lines": [], "excluded_lines": []}, "BaseShotModel.get_available_shows": {"executed_lines": [344], "summary": {"covered_lines": 1, "num_statements": 1, "percent_covered": 100.0, "percent_covered_display": "100", "missing_lines": 0, "excluded_lines": 0}, "missing_lines": [], "excluded_lines": []}, "BaseShotModel.load_shots": {"executed_lines": [], "summary": {"covered_lines": 0, "num_statements": 0, "percent_covered": 100.0, "percent_covered_display": "100", "missing_lines": 0, "excluded_lines": 8}, "missing_lines": [], "excluded_lines": [348, 349, 350, 351, 352, 353, 354, 355]}, "BaseShotModel.refresh_strategy": {"executed_lines": [], "summary": {"covered_lines": 0, "num_statements": 0, "percent_covered": 100.0, "percent_covered_display": "100", "missing_lines": 0, "excluded_lines": 8}, "missing_lines": [], "excluded_lines": [359, 360, 361, 362, 363, 364, 365, 366]}, "BaseShotModel.refresh_shots": {"executed_lines": [376, 377], "summary": {"covered_lines": 2, "num_statements": 2, "percent_covered": 100.0, "percent_covered_display": "100", "missing_lines": 0, "excluded_lines": 0}, "missing_lines": [], "excluded_lines": []}, "": {"executed_lines": [1, 3, 6, 7, 8, 11, 13, 20, 21, 22, 23, 24, 25, 28, 38, 39, 51, 52, 53, 54, 55, 56, 57, 59, 97, 124, 212, 226, 234, 242, 251, 259, 273, 294, 303, 307, 316, 320, 338, 346, 347, 357, 358, 368], "summary": {"covered_lines": 37, "num_statements": 37, "percent_covered": 100.0, "percent_covered_display": "100", "missing_lines": 0, "excluded_lines": 9}, "missing_lines": [], "excluded_lines": [13, 14, 15, 16, 17, 346, 347, 357, 358]}}, "classes": {"BaseShotModel": {"executed_lines": [72, 74, 76, 77, 79, 80, 81, 82, 85, 88, 89, 90, 91, 94, 95, 104, 106, 107, 108, 110, 111, 112, 113, 114, 121, 122, 136, 137, 140, 141, 142, 145, 146, 147, 149, 150, 152, 153, 154, 155, 158, 159, 160, 161, 162, 163, 164, 167, 173, 186, 190, 205, 209, 210, 222, 223, 224, 232, 240, 248, 249, 257, 268, 269, 270, 271, 279, 280, 300, 301, 305, 313, 314, 318, 328, 332, 336, 344, 376, 377], "summary": {"covered_lines": 80, "num_statements": 90, "percent_covered": 88.88888888888889, "percent_covered_display": "89", "missing_lines": 10, "excluded_lines": 16}, "missing_lines": [115, 117, 118, 119, 120, 180, 183, 198, 199, 202], "excluded_lines": [348, 349, 350, 351, 352, 353, 354, 355, 359, 360, 361, 362, 363, 364, 365, 366]}, "": {"executed_lines": [1, 3, 6, 7, 8, 11, 13, 20, 21, 22, 23, 24, 25, 28, 38, 39, 51, 52, 53, 54, 55, 56, 57, 59, 97, 124, 212, 226, 234, 242, 251, 259, 273, 294, 303, 307, 316, 320, 338, 346, 347, 357, 358, 368], "summary": {"covered_lines": 37, "num_statements": 37, "percent_covered": 100.0, "percent_covered_display": "100", "missing_lines": 0, "excluded_lines": 9}, "missing_lines": [], "excluded_lines": [13, 14, 15, 16, 17, 346, 347, 357, 358]}}}, "base_thumbnail_delegate.py": {"executed_lines": [1, 9, 13, 14, 17, 27, 36, 42, 45, 46, 49, 52, 53, 55, 56, 57, 58, 59, 60, 61, 62, 63, 66, 67, 68, 71, 72, 73, 74, 75, 76, 77, 78, 81, 84, 85, 86, 89, 90, 93, 94, 109, 110, 112, 118, 121, 124, 127, 128, 129, 131, 132, 135, 138, 139, 141, 143, 152, 154, 176, 178, 179, 192, 193, 198, 199, 201, 203, 205, 208, 211, 212, 217, 220, 222, 224, 226, 228, 231, 234, 237, 240, 242, 246, 247, 248, 251, 254, 255, 260, 262, 266, 267, 268, 269, 273, 274, 277, 279, 285, 290, 291, 292, 294, 297, 303, 305, 327, 330, 331, 334, 335, 336, 338, 364, 386, 390, 398, 399, 401, 402, 407, 410, 411, 414, 415, 416, 417, 418, 419, 425, 426, 427, 432, 436, 446, 447, 448, 455, 456, 457, 460, 462, 463, 467, 469, 473, 474, 478, 481, 482, 483, 486, 487, 488, 492, 498, 501, 502, 503, 506, 507, 509, 510, 514, 516, 517, 519, 520, 521, 523, 525, 526, 538, 543, 549, 551, 554, 555, 557, 559, 560, 561, 562, 563], "summary": {"covered_lines": 179, "num_statements": 219, "percent_covered": 81.7351598173516, "percent_covered_display": "82", "missing_lines": 40, "excluded_lines": 2}, "missing_lines": [225, 227, 229, 249, 270, 271, 309, 311, 318, 319, 322, 323, 325, 341, 342, 345, 346, 347, 348, 355, 356, 359, 360, 361, 362, 367, 368, 370, 371, 381, 382, 383, 384, 421, 422, 423, 458, 475, 479, 511], "excluded_lines": [152, 176], "functions": {"BaseThumbnailDelegate.__init__": {"executed_lines": [118, 121, 124, 127, 128, 129, 131, 132, 135, 138, 139, 141], "summary": {"covered_lines": 12, "num_statements": 12, "percent_covered": 100.0, "percent_covered_display": "100", "missing_lines": 0, "excluded_lines": 0}, "missing_lines": [], "excluded_lines": []}, "BaseThumbnailDelegate.get_theme": {"executed_lines": [152], "summary": {"covered_lines": 0, "num_statements": 0, "percent_covered": 100.0, "percent_covered_display": "100", "missing_lines": 0, "excluded_lines": 1}, "missing_lines": [], "excluded_lines": [152]}, "BaseThumbnailDelegate.get_item_data": {"executed_lines": [176], "summary": {"covered_lines": 0, "num_statements": 0, "percent_covered": 100.0, "percent_covered_display": "100", "missing_lines": 0, "excluded_lines": 1}, "missing_lines": [], "excluded_lines": [176]}, "BaseThumbnailDelegate.paint": {"executed_lines": [192, 193, 198, 199, 201, 203, 205, 208, 211, 212, 217, 220, 222, 224, 226, 228, 231, 234, 237, 240], "summary": {"covered_lines": 20, "num_statements": 23, "percent_covered": 86.95652173913044, "percent_covered_display": "87", "missing_lines": 3, "excluded_lines": 0}, "missing_lines": [225, 227, 229], "excluded_lines": []}, "BaseThumbnailDelegate._draw_background": {"executed_lines": [246, 247, 248, 251, 254, 255, 260], "summary": {"covered_lines": 7, "num_statements": 8, "percent_covered": 87.5, "percent_covered_display": "88", "missing_lines": 1, "excluded_lines": 0}, "missing_lines": [249], "excluded_lines": []}, "BaseThumbnailDelegate._draw_border": {"executed_lines": [266, 267, 268, 269, 273, 274, 277, 279, 285, 290, 291, 292], "summary": {"covered_lines": 12, "num_statements": 14, "percent_covered": 85.71428571428571, "percent_covered_display": "86", "missing_lines": 2, "excluded_lines": 0}, "missing_lines": [270, 271], "excluded_lines": []}, "BaseThumbnailDelegate._get_thumbnail_rect": {"executed_lines": [297, 303], "summary": {"covered_lines": 2, "num_statements": 2, "percent_covered": 100.0, "percent_covered_display": "100", "missing_lines": 0, "excluded_lines": 0}, "missing_lines": [], "excluded_lines": []}, "BaseThumbnailDelegate._draw_thumbnail": {"executed_lines": [], "summary": {"covered_lines": 0, "num_statements": 7, "percent_covered": 0.0, "percent_covered_display": "0", "missing_lines": 7, "excluded_lines": 0}, "missing_lines": [309, 311, 318, 319, 322, 323, 325], "excluded_lines": []}, "BaseThumbnailDelegate._draw_placeholder": {"executed_lines": [330, 331, 334, 335, 336], "summary": {"covered_lines": 5, "num_statements": 5, "percent_covered": 100.0, "percent_covered_display": "100", "missing_lines": 0, "excluded_lines": 0}, "missing_lines": [], "excluded_lines": []}, "BaseThumbnailDelegate._draw_failed_placeholder": {"executed_lines": [], "summary": {"covered_lines": 0, "num_statements": 12, "percent_covered": 0.0, "percent_covered_display": "0", "missing_lines": 12, "excluded_lines": 0}, "missing_lines": [341, 342, 345, 346, 347, 348, 355, 356, 359, 360, 361, 362], "excluded_lines": []}, "BaseThumbnailDelegate._draw_loading_indicator": {"executed_lines": [], "summary": {"covered_lines": 0, "num_statements": 8, "percent_covered": 0.0, "percent_covered_display": "0", "missing_lines": 8, "excluded_lines": 0}, "missing_lines": [367, 368, 370, 371, 381, 382, 383, 384], "excluded_lines": []}, "BaseThumbnailDelegate._draw_text": {"executed_lines": [390, 398, 399, 401, 402, 407, 410, 411, 414, 415, 416, 417, 418, 419, 425, 426, 427, 432], "summary": {"covered_lines": 18, "num_statements": 21, "percent_covered": 85.71428571428571, "percent_covered_display": "86", "missing_lines": 3, "excluded_lines": 0}, "missing_lines": [421, 422, 423], "excluded_lines": []}, "BaseThumbnailDelegate._draw_text_with_shadow": {"executed_lines": [446, 447, 448, 455, 456, 457, 460, 462, 463], "summary": {"covered_lines": 9, "num_statements": 10, "percent_covered": 90.0, "percent_covered_display": "90", "missing_lines": 1, "excluded_lines": 0}, "missing_lines": [458], "excluded_lines": []}, "BaseThumbnailDelegate._update_loading_animation": {"executed_lines": [469, 473, 474, 478, 481, 482, 483, 486, 487, 488], "summary": {"covered_lines": 10, "num_statements": 12, "percent_covered": 83.33333333333333, "percent_covered_display": "83", "missing_lines": 2, "excluded_lines": 0}, "missing_lines": [475, 479], "excluded_lines": []}, "BaseThumbnailDelegate._get_loading_rows": {"executed_lines": [498, 501, 502, 503, 506, 507, 509, 510, 514, 516, 517, 519, 520, 521, 523], "summary": {"covered_lines": 15, "num_statements": 16, "percent_covered": 93.75, "percent_covered_display": "94", "missing_lines": 1, "excluded_lines": 0}, "missing_lines": [511], "excluded_lines": []}, "BaseThumbnailDelegate.sizeHint": {"executed_lines": [538], "summary": {"covered_lines": 1, "num_statements": 1, "percent_covered": 100.0, "percent_covered_display": "100", "missing_lines": 0, "excluded_lines": 0}, "missing_lines": [], "excluded_lines": []}, "BaseThumbnailDelegate.set_thumbnail_size": {"executed_lines": [549, 551, 554, 555], "summary": {"covered_lines": 4, "num_statements": 4, "percent_covered": 100.0, "percent_covered_display": "100", "missing_lines": 0, "excluded_lines": 0}, "missing_lines": [], "excluded_lines": []}, "BaseThumbnailDelegate.cleanup": {"executed_lines": [559, 560, 561, 562, 563], "summary": {"covered_lines": 5, "num_statements": 5, "percent_covered": 100.0, "percent_covered_display": "100", "missing_lines": 0, "excluded_lines": 0}, "missing_lines": [], "excluded_lines": []}, "": {"executed_lines": [1, 9, 13, 14, 17, 27, 36, 42, 45, 46, 49, 52, 53, 55, 56, 57, 58, 59, 60, 61, 62, 63, 66, 67, 68, 71, 72, 73, 74, 75, 76, 77, 78, 81, 84, 85, 86, 89, 90, 93, 94, 109, 110, 112, 143, 154, 178, 179, 242, 262, 294, 305, 327, 338, 364, 386, 436, 467, 492, 525, 526, 543, 557], "summary": {"covered_lines": 59, "num_statements": 59, "percent_covered": 100.0, "percent_covered_display": "100", "missing_lines": 0, "excluded_lines": 0}, "missing_lines": [], "excluded_lines": []}}, "classes": {"ThumbnailItemData": {"executed_lines": [], "summary": {"covered_lines": 0, "num_statements": 0, "percent_covered": 100.0, "percent_covered_display": "100", "missing_lines": 0, "excluded_lines": 0}, "missing_lines": [], "excluded_lines": []}, "DelegateTheme": {"executed_lines": [], "summary": {"covered_lines": 0, "num_statements": 0, "percent_covered": 100.0, "percent_covered_display": "100", "missing_lines": 0, "excluded_lines": 0}, "missing_lines": [], "excluded_lines": []}, "BaseThumbnailDelegate": {"executed_lines": [118, 121, 124, 127, 128, 129, 131, 132, 135, 138, 139, 141, 152, 176, 192, 193, 198, 199, 201, 203, 205, 208, 211, 212, 217, 220, 222, 224, 226, 228, 231, 234, 237, 240, 246, 247, 248, 251, 254, 255, 260, 266, 267, 268, 269, 273, 274, 277, 279, 285, 290, 291, 292, 297, 303, 330, 331, 334, 335, 336, 390, 398, 399, 401, 402, 407, 410, 411, 414, 415, 416, 417, 418, 419, 425, 426, 427, 432, 446, 447, 448, 455, 456, 457, 460, 462, 463, 469, 473, 474, 478, 481, 482, 483, 486, 487, 488, 498, 501, 502, 503, 506, 507, 509, 510, 514, 516, 517, 519, 520, 521, 523, 538, 549, 551, 554, 555, 559, 560, 561, 562, 563], "summary": {"covered_lines": 120, "num_statements": 160, "percent_covered": 75.0, "percent_covered_display": "75", "missing_lines": 40, "excluded_lines": 2}, "missing_lines": [225, 227, 229, 249, 270, 271, 309, 311, 318, 319, 322, 323, 325, 341, 342, 345, 346, 347, 348, 355, 356, 359, 360, 361, 362, 367, 368, 370, 371, 381, 382, 383, 384, 421, 422, 423, 458, 475, 479, 511], "excluded_lines": [152, 176]}, "": {"executed_lines": [1, 9, 13, 14, 17, 27, 36, 42, 45, 46, 49, 52, 53, 55, 56, 57, 58, 59, 60, 61, 62, 63, 66, 67, 68, 71, 72, 73, 74, 75, 76, 77, 78, 81, 84, 85, 86, 89, 90, 93, 94, 109, 110, 112, 143, 154, 178, 179, 242, 262, 294, 305, 327, 338, 364, 386, 436, 467, 492, 525, 526, 543, 557], "summary": {"covered_lines": 59, "num_statements": 59, "percent_covered": 100.0, "percent_covered_display": "100", "missing_lines": 0, "excluded_lines": 0}, "missing_lines": [], "excluded_lines": []}}}, "bundle_app.py": {"executed_lines": [], "summary": {"covered_lines": 0, "num_statements": 207, "percent_covered": 0.0, "percent_covered_display": "0", "missing_lines": 207, "excluded_lines": 2}, "missing_lines": [8, 11, 12, 13, 14, 15, 16, 17, 18, 19, 20, 21, 24, 27, 28, 29, 30, 31, 32, 36, 39, 42, 44, 45, 46, 64, 65, 67, 69, 70, 71, 73, 74, 76, 86, 87, 90, 91, 93, 94, 95, 96, 97, 100, 102, 104, 105, 106, 108, 109, 110, 113, 114, 116, 119, 122, 129, 130, 131, 132, 134, 143, 206, 207, 208, 209, 210, 211, 212, 213, 214, 219, 221, 231, 232, 234, 237, 238, 239, 241, 242, 243, 244, 247, 248, 252, 255, 259, 260, 261, 264, 265, 266, 268, 269, 270, 271, 274, 275, 279, 282, 286, 287, 288, 290, 292, 301, 302, 303, 305, 307, 314, 315, 316, 319, 320, 321, 322, 323, 327, 328, 329, 331, 332, 334, 336, 346, 348, 349, 351, 352, 355, 356, 357, 361, 363, 364, 365, 368, 369, 370, 372, 373, 375, 376, 379, 386, 387, 388, 390, 392, 402, 403, 404, 407, 409, 410, 412, 424, 425, 426, 429, 431, 432, 434, 435, 437, 440, 442, 445, 452, 459, 465, 470, 476, 482, 484, 486, 487, 488, 494, 495, 496, 497, 498, 499, 500, 501, 504, 505, 507, 508, 510, 511, 514, 515, 517, 518, 520, 523, 524, 525, 526, 527, 529, 530, 531], "excluded_lines": [534, 535], "functions": {"GitIgnoreParser.__init__": {"executed_lines": [], "summary": {"covered_lines": 0, "num_statements": 5, "percent_covered": 0.0, "percent_covered_display": "0", "missing_lines": 5, "excluded_lines": 0}, "missing_lines": [44, 45, 46, 64, 65], "excluded_lines": []}, "GitIgnoreParser._parse_gitignore": {"executed_lines": [], "summary": {"covered_lines": 0, "num_statements": 5, "percent_covered": 0.0, "percent_covered_display": "0", "missing_lines": 5, "excluded_lines": 0}, "missing_lines": [69, 70, 71, 73, 74], "excluded_lines": []}, "GitIgnoreParser.should_exclude": {"executed_lines": [], "summary": {"covered_lines": 0, "num_statements": 20, "percent_covered": 0.0, "percent_covered_display": "0", "missing_lines": 20, "excluded_lines": 0}, "missing_lines": [86, 87, 90, 91, 93, 94, 95, 96, 97, 100, 102, 104, 105, 106, 108, 109, 110, 113, 114, 116], "excluded_lines": []}, "ApplicationBundler.__init__": {"executed_lines": [], "summary": {"covered_lines": 0, "num_statements": 4, "percent_covered": 0.0, "percent_covered_display": "0", "missing_lines": 4, "excluded_lines": 0}, "missing_lines": [129, 130, 131, 132], "excluded_lines": []}, "ApplicationBundler._load_config": {"executed_lines": [], "summary": {"covered_lines": 0, "num_statements": 11, "percent_covered": 0.0, "percent_covered_display": "0", "missing_lines": 11, "excluded_lines": 0}, "missing_lines": [143, 206, 207, 208, 209, 210, 211, 212, 213, 214, 219], "excluded_lines": []}, "ApplicationBundler.should_include_file": {"executed_lines": [], "summary": {"covered_lines": 0, "num_statements": 32, "percent_covered": 0.0, "percent_covered_display": "0", "missing_lines": 32, "excluded_lines": 0}, "missing_lines": [231, 232, 234, 237, 238, 239, 241, 242, 243, 244, 247, 248, 252, 255, 259, 260, 261, 264, 265, 266, 268, 269, 270, 271, 274, 275, 279, 282, 286, 287, 288, 290], "excluded_lines": []}, "ApplicationBundler.collect_files": {"executed_lines": [], "summary": {"covered_lines": 0, "num_statements": 19, "percent_covered": 0.0, "percent_covered_display": "0", "missing_lines": 19, "excluded_lines": 0}, "missing_lines": [301, 302, 303, 305, 307, 314, 315, 316, 319, 320, 321, 322, 323, 327, 328, 329, 331, 332, 334], "excluded_lines": []}, "ApplicationBundler.create_bundle": {"executed_lines": [], "summary": {"covered_lines": 0, "num_statements": 24, "percent_covered": 0.0, "percent_covered_display": "0", "missing_lines": 24, "excluded_lines": 0}, "missing_lines": [346, 348, 349, 351, 352, 355, 356, 357, 361, 363, 364, 365, 368, 369, 370, 372, 373, 375, 376, 379, 386, 387, 388, 390], "excluded_lines": []}, "ApplicationBundler.encode_bundle": {"executed_lines": [], "summary": {"covered_lines": 0, "num_statements": 16, "percent_covered": 0.0, "percent_covered_display": "0", "missing_lines": 16, "excluded_lines": 0}, "missing_lines": [402, 403, 404, 407, 409, 410, 412, 424, 425, 426, 429, 431, 432, 434, 435, 437], "excluded_lines": []}, "main": {"executed_lines": [], "summary": {"covered_lines": 0, "num_statements": 39, "percent_covered": 0.0, "percent_covered_display": "0", "missing_lines": 39, "excluded_lines": 0}, "missing_lines": [442, 445, 452, 459, 465, 470, 476, 482, 484, 486, 487, 488, 494, 495, 496, 497, 498, 499, 500, 501, 504, 505, 507, 508, 510, 511, 514, 515, 517, 518, 520, 523, 524, 525, 526, 527, 529, 530, 531], "excluded_lines": []}, "": {"executed_lines": [], "summary": {"covered_lines": 0, "num_statements": 32, "percent_covered": 0.0, "percent_covered_display": "0", "missing_lines": 32, "excluded_lines": 2}, "missing_lines": [8, 11, 12, 13, 14, 15, 16, 17, 18, 19, 20, 21, 24, 27, 28, 29, 30, 31, 32, 36, 39, 42, 67, 76, 119, 122, 134, 221, 292, 336, 392, 440], "excluded_lines": [534, 535]}}, "classes": {"BundleConfig": {"executed_lines": [], "summary": {"covered_lines": 0, "num_statements": 0, "percent_covered": 100.0, "percent_covered_display": "100", "missing_lines": 0, "excluded_lines": 0}, "missing_lines": [], "excluded_lines": []}, "GitIgnoreParser": {"executed_lines": [], "summary": {"covered_lines": 0, "num_statements": 30, "percent_covered": 0.0, "percent_covered_display": "0", "missing_lines": 30, "excluded_lines": 0}, "missing_lines": [44, 45, 46, 64, 65, 69, 70, 71, 73, 74, 86, 87, 90, 91, 93, 94, 95, 96, 97, 100, 102, 104, 105, 106, 108, 109, 110, 113, 114, 116], "excluded_lines": []}, "ApplicationBundler": {"executed_lines": [], "summary": {"covered_lines": 0, "num_statements": 106, "percent_covered": 0.0, "percent_covered_display": "0", "missing_lines": 106, "excluded_lines": 0}, "missing_lines": [129, 130, 131, 132, 143, 206, 207, 208, 209, 210, 211, 212, 213, 214, 219, 231, 232, 234, 237, 238, 239, 241, 242, 243, 244, 247, 248, 252, 255, 259, 260, 261, 264, 265, 266, 268, 269, 270, 271, 274, 275, 279, 282, 286, 287, 288, 290, 301, 302, 303, 305, 307, 314, 315, 316, 319, 320, 321, 322, 323, 327, 328, 329, 331, 332, 334, 346, 348, 349, 351, 352, 355, 356, 357, 361, 363, 364, 365, 368, 369, 370, 372, 373, 375, 376, 379, 386, 387, 388, 390, 402, 403, 404, 407, 409, 410, 412, 424, 425, 426, 429, 431, 432, 434, 435, 437], "excluded_lines": []}, "": {"executed_lines": [], "summary": {"covered_lines": 0, "num_statements": 71, "percent_covered": 0.0, "percent_covered_display": "0", "missing_lines": 71, "excluded_lines": 2}, "missing_lines": [8, 11, 12, 13, 14, 15, 16, 17, 18, 19, 20, 21, 24, 27, 28, 29, 30, 31, 32, 36, 39, 42, 67, 76, 119, 122, 134, 221, 292, 336, 392, 440, 442, 445, 452, 459, 465, 470, 476, 482, 484, 486, 487, 488, 494, 495, 496, 497, 498, 499, 500, 501, 504, 505, 507, 508, 510, 511, 514, 515, 517, 518, 520, 523, 524, 525, 526, 527, 529, 530, 531], "excluded_lines": [534, 535]}}}, "cache_config.py": {"executed_lines": [1, 8, 11, 12, 13, 14, 15, 18, 21, 24, 26, 31, 32, 35, 36, 37, 39, 40, 47, 48, 49, 50, 63, 64, 71, 72, 95, 96, 103, 105, 106, 112, 116, 117, 119, 120, 132, 133, 145, 146, 152, 154, 162, 164, 165, 166, 167, 168, 169, 171, 172, 174, 176, 177, 211, 212, 224, 225, 226, 228, 242, 243, 247, 248, 252, 253, 257, 258, 262, 266, 270, 283, 308, 311, 320, 331, 350], "summary": {"covered_lines": 72, "num_statements": 141, "percent_covered": 51.06382978723404, "percent_covered_display": "51", "missing_lines": 69, "excluded_lines": 18}, "missing_lines": [53, 54, 55, 56, 59, 60, 61, 75, 76, 79, 80, 84, 86, 87, 88, 89, 90, 91, 93, 113, 126, 128, 129, 130, 139, 141, 142, 143, 188, 190, 191, 192, 194, 196, 199, 200, 202, 203, 204, 206, 207, 208, 234, 235, 238, 240, 245, 250, 255, 260, 264, 268, 276, 290, 292, 293, 294, 295, 296, 298, 299, 300, 301, 317, 327, 328, 342, 343, 344], "excluded_lines": [26, 28, 350, 351, 357, 358, 361, 362, 365, 366, 367, 370, 371, 372, 375, 376, 377, 378], "functions": {"CacheConfig.get_cache_directory": {"executed_lines": [47, 48, 49, 50], "summary": {"covered_lines": 4, "num_statements": 11, "percent_covered": 36.36363636363637, "percent_covered_display": "36", "missing_lines": 7, "excluded_lines": 0}, "missing_lines": [53, 54, 55, 56, 59, 60, 61], "excluded_lines": []}, "CacheConfig.is_test_mode": {"executed_lines": [71, 72], "summary": {"covered_lines": 2, "num_statements": 14, "percent_covered": 14.285714285714286, "percent_covered_display": "14", "missing_lines": 12, "excluded_lines": 0}, "missing_lines": [75, 76, 79, 80, 84, 86, 87, 88, 89, 90, 91, 93], "excluded_lines": []}, "CacheConfig.is_mock_mode": {"executed_lines": [103], "summary": {"covered_lines": 1, "num_statements": 1, "percent_covered": 100.0, "percent_covered_display": "100", "missing_lines": 0, "excluded_lines": 0}, "missing_lines": [], "excluded_lines": []}, "CacheConfig.is_headless_mode": {"executed_lines": [112, 116, 117], "summary": {"covered_lines": 3, "num_statements": 4, "percent_covered": 75.0, "percent_covered_display": "75", "missing_lines": 1, "excluded_lines": 0}, "missing_lines": [113], "excluded_lines": []}, "CacheConfig.clear_test_cache": {"executed_lines": [], "summary": {"covered_lines": 0, "num_statements": 4, "percent_covered": 0.0, "percent_covered_display": "0", "missing_lines": 4, "excluded_lines": 0}, "missing_lines": [126, 128, 129, 130], "excluded_lines": []}, "CacheConfig.clear_mock_cache": {"executed_lines": [], "summary": {"covered_lines": 0, "num_statements": 4, "percent_covered": 0.0, "percent_covered_display": "0", "missing_lines": 4, "excluded_lines": 0}, "missing_lines": [139, 141, 142, 143], "excluded_lines": []}, "CacheConfig.get_cache_info": {"executed_lines": [152, 154, 162, 164, 165, 166, 167, 168, 169, 171, 172, 174], "summary": {"covered_lines": 12, "num_statements": 12, "percent_covered": 100.0, "percent_covered_display": "100", "missing_lines": 0, "excluded_lines": 0}, "missing_lines": [], "excluded_lines": []}, "CacheConfig.migrate_cache": {"executed_lines": [], "summary": {"covered_lines": 0, "num_statements": 14, "percent_covered": 0.0, "percent_covered_display": "0", "missing_lines": 14, "excluded_lines": 0}, "missing_lines": [188, 190, 191, 192, 194, 196, 199, 200, 202, 203, 204, 206, 207, 208], "excluded_lines": []}, "UnifiedCacheConfig.__init__": {"executed_lines": [], "summary": {"covered_lines": 0, "num_statements": 4, "percent_covered": 0.0, "percent_covered_display": "0", "missing_lines": 4, "excluded_lines": 0}, "missing_lines": [234, 235, 238, 240], "excluded_lines": []}, "UnifiedCacheConfig.memory_limit_mb": {"executed_lines": [], "summary": {"covered_lines": 0, "num_statements": 1, "percent_covered": 0.0, "percent_covered_display": "0", "missing_lines": 1, "excluded_lines": 0}, "missing_lines": [245], "excluded_lines": []}, "UnifiedCacheConfig.memory_limit_bytes": {"executed_lines": [], "summary": {"covered_lines": 0, "num_statements": 1, "percent_covered": 0.0, "percent_covered_display": "0", "missing_lines": 1, "excluded_lines": 0}, "missing_lines": [250], "excluded_lines": []}, "UnifiedCacheConfig.expiry_minutes": {"executed_lines": [], "summary": {"covered_lines": 0, "num_statements": 1, "percent_covered": 0.0, "percent_covered_display": "0", "missing_lines": 1, "excluded_lines": 0}, "missing_lines": [255], "excluded_lines": []}, "UnifiedCacheConfig.expiry_seconds": {"executed_lines": [], "summary": {"covered_lines": 0, "num_statements": 1, "percent_covered": 0.0, "percent_covered_display": "0", "missing_lines": 1, "excluded_lines": 0}, "missing_lines": [260], "excluded_lines": []}, "UnifiedCacheConfig.get_memory_limit_mb": {"executed_lines": [], "summary": {"covered_lines": 0, "num_statements": 1, "percent_covered": 0.0, "percent_covered_display": "0", "missing_lines": 1, "excluded_lines": 0}, "missing_lines": [264], "excluded_lines": []}, "UnifiedCacheConfig.get_expiry_minutes": {"executed_lines": [], "summary": {"covered_lines": 0, "num_statements": 1, "percent_covered": 0.0, "percent_covered_display": "0", "missing_lines": 1, "excluded_lines": 0}, "missing_lines": [268], "excluded_lines": []}, "UnifiedCacheConfig.get_cache_config": {"executed_lines": [], "summary": {"covered_lines": 0, "num_statements": 1, "percent_covered": 0.0, "percent_covered_display": "0", "missing_lines": 1, "excluded_lines": 0}, "missing_lines": [276], "excluded_lines": []}, "UnifiedCacheConfig._on_settings_changed": {"executed_lines": [], "summary": {"covered_lines": 0, "num_statements": 10, "percent_covered": 0.0, "percent_covered_display": "0", "missing_lines": 10, "excluded_lines": 0}, "missing_lines": [290, 292, 293, 294, 295, 296, 298, 299, 300, 301], "excluded_lines": []}, "get_unified_cache_config": {"executed_lines": [], "summary": {"covered_lines": 0, "num_statements": 1, "percent_covered": 0.0, "percent_covered_display": "0", "missing_lines": 1, "excluded_lines": 0}, "missing_lines": [317], "excluded_lines": []}, "set_unified_cache_config": {"executed_lines": [], "summary": {"covered_lines": 0, "num_statements": 2, "percent_covered": 0.0, "percent_covered_display": "0", "missing_lines": 2, "excluded_lines": 0}, "missing_lines": [327, 328], "excluded_lines": []}, "create_unified_cache_config": {"executed_lines": [], "summary": {"covered_lines": 0, "num_statements": 3, "percent_covered": 0.0, "percent_covered_display": "0", "missing_lines": 3, "excluded_lines": 0}, "missing_lines": [342, 343, 344], "excluded_lines": []}, "": {"executed_lines": [1, 8, 11, 12, 13, 14, 15, 18, 21, 24, 26, 31, 32, 35, 36, 37, 39, 40, 63, 64, 95, 96, 105, 106, 119, 120, 132, 133, 145, 146, 176, 177, 211, 212, 224, 225, 226, 228, 242, 243, 247, 248, 252, 253, 257, 258, 262, 266, 270, 283, 308, 311, 320, 331, 350], "summary": {"covered_lines": 50, "num_statements": 50, "percent_covered": 100.0, "percent_covered_display": "100", "missing_lines": 0, "excluded_lines": 18}, "missing_lines": [], "excluded_lines": [26, 28, 350, 351, 357, 358, 361, 362, 365, 366, 367, 370, 371, 372, 375, 376, 377, 378]}}, "classes": {"CacheConfig": {"executed_lines": [47, 48, 49, 50, 71, 72, 103, 112, 116, 117, 152, 154, 162, 164, 165, 166, 167, 168, 169, 171, 172, 174], "summary": {"covered_lines": 22, "num_statements": 64, "percent_covered": 34.375, "percent_covered_display": "34", "missing_lines": 42, "excluded_lines": 0}, "missing_lines": [53, 54, 55, 56, 59, 60, 61, 75, 76, 79, 80, 84, 86, 87, 88, 89, 90, 91, 93, 113, 126, 128, 129, 130, 139, 141, 142, 143, 188, 190, 191, 192, 194, 196, 199, 200, 202, 203, 204, 206, 207, 208], "excluded_lines": []}, "UnifiedCacheConfig": {"executed_lines": [], "summary": {"covered_lines": 0, "num_statements": 21, "percent_covered": 0.0, "percent_covered_display": "0", "missing_lines": 21, "excluded_lines": 0}, "missing_lines": [234, 235, 238, 240, 245, 250, 255, 260, 264, 268, 276, 290, 292, 293, 294, 295, 296, 298, 299, 300, 301], "excluded_lines": []}, "": {"executed_lines": [1, 8, 11, 12, 13, 14, 15, 18, 21, 24, 26, 31, 32, 35, 36, 37, 39, 40, 63, 64, 95, 96, 105, 106, 119, 120, 132, 133, 145, 146, 176, 177, 211, 212, 224, 225, 226, 228, 242, 243, 247, 248, 252, 253, 257, 258, 262, 266, 270, 283, 308, 311, 320, 331, 350], "summary": {"covered_lines": 50, "num_statements": 56, "percent_covered": 89.28571428571429, "percent_covered_display": "89", "missing_lines": 6, "excluded_lines": 18}, "missing_lines": [317, 327, 328, 342, 343, 344], "excluded_lines": [26, 28, 350, 351, 357, 358, 361, 362, 365, 366, 367, 370, 371, 372, 375, 376, 377, 378]}}}, "cache_manager.py": {"executed_lines": [1, 39, 42, 43, 44, 45, 46, 47, 48, 49, 52, 53, 56, 57, 59, 68, 73, 74, 75, 79, 80, 82, 83, 84, 85, 88, 100, 103, 112, 113, 114, 118, 119, 121, 128, 129, 132, 133, 139, 140, 142, 153, 156, 159, 161, 165, 167, 168, 173, 174, 175, 176, 177, 178, 181, 184, 186, 188, 190, 191, 192, 193, 194, 195, 197, 213, 227, 228, 230, 231, 233, 235, 257, 262, 275, 276, 277, 279, 281, 282, 283, 284, 285, 286, 287, 290, 295, 296, 297, 298, 299, 301, 311, 312, 313, 314, 315, 316, 317, 318, 321, 323, 325, 326, 352, 355, 356, 358, 406, 412, 414, 421, 422, 423, 424, 427, 429, 430, 432, 441, 443, 452, 454, 465, 466, 468, 470, 473, 476, 479, 480, 481, 484, 485, 486, 488, 491, 495, 496, 501, 508, 514, 516, 526, 528, 534, 535, 536, 537, 540, 542, 543, 545, 577, 579, 580, 583, 586, 589, 590, 592, 593, 594, 596, 598, 601, 605, 607, 614, 620, 623, 625, 631, 632, 634, 645, 646, 652, 671, 685, 691, 692, 693, 695, 696, 703, 705, 706, 708, 713, 714, 717, 718, 719, 721, 722, 727, 733, 734, 735, 736, 739, 740, 741, 742, 743, 744, 747, 752, 753, 754, 756, 771, 772, 776, 777, 781, 787, 788, 794, 802, 810, 818, 830, 842, 843, 845, 847, 848, 851, 852, 853, 856, 857, 860, 869, 872, 873, 874, 875, 876, 878, 880, 885, 893, 894, 895, 897, 907, 909, 912, 919, 922, 923, 924, 925, 926, 929, 931, 932, 940, 941, 942, 944, 950], "summary": {"covered_lines": 259, "num_statements": 342, "percent_covered": 75.73099415204679, "percent_covered_display": "76", "missing_lines": 83, "excluded_lines": 5}, "missing_lines": [122, 123, 124, 125, 169, 170, 172, 203, 204, 205, 206, 207, 263, 264, 265, 291, 292, 327, 328, 330, 331, 334, 335, 336, 337, 338, 341, 342, 343, 344, 346, 347, 348, 350, 376, 377, 378, 379, 381, 383, 384, 392, 393, 394, 395, 396, 398, 399, 400, 503, 659, 661, 662, 666, 668, 669, 680, 681, 682, 683, 697, 724, 725, 763, 764, 765, 774, 779, 808, 824, 862, 863, 866, 867, 881, 884, 886, 888, 891, 934, 936, 937, 938], "excluded_lines": [59, 60, 62, 64, 65], "functions": {"_get_shot_key": {"executed_lines": [100], "summary": {"covered_lines": 1, "num_statements": 1, "percent_covered": 100.0, "percent_covered_display": "100", "missing_lines": 0, "excluded_lines": 0}, "missing_lines": [], "excluded_lines": []}, "_shot_to_dict": {"executed_lines": [112, 113, 114], "summary": {"covered_lines": 3, "num_statements": 3, "percent_covered": 100.0, "percent_covered_display": "100", "missing_lines": 0, "excluded_lines": 0}, "missing_lines": [], "excluded_lines": []}, "ThumbnailCacheResult.__init__": {"executed_lines": [], "summary": {"covered_lines": 0, "num_statements": 4, "percent_covered": 0.0, "percent_covered_display": "0", "missing_lines": 4, "excluded_lines": 0}, "missing_lines": [122, 123, 124, 125], "excluded_lines": []}, "CacheManager.__init__": {"executed_lines": [153, 156, 159, 161, 165, 167, 168, 173, 174, 175, 176, 177, 178, 181, 184, 186], "summary": {"covered_lines": 16, "num_statements": 19, "percent_covered": 84.21052631578948, "percent_covered_display": "84", "missing_lines": 3, "excluded_lines": 0}, "missing_lines": [169, 170, 172], "excluded_lines": []}, "CacheManager._ensure_cache_dirs": {"executed_lines": [190, 191, 192, 193, 194, 195], "summary": {"covered_lines": 6, "num_statements": 6, "percent_covered": 100.0, "percent_covered_display": "100", "missing_lines": 0, "excluded_lines": 0}, "missing_lines": [], "excluded_lines": []}, "CacheManager.ensure_cache_directory": {"executed_lines": [], "summary": {"covered_lines": 0, "num_statements": 5, "percent_covered": 0.0, "percent_covered_display": "0", "missing_lines": 5, "excluded_lines": 0}, "missing_lines": [203, 204, 205, 206, 207], "excluded_lines": []}, "CacheManager.get_cached_thumbnail": {"executed_lines": [227, 228, 230, 231, 233], "summary": {"covered_lines": 5, "num_statements": 5, "percent_covered": 100.0, "percent_covered_display": "100", "missing_lines": 0, "excluded_lines": 0}, "missing_lines": [], "excluded_lines": []}, "CacheManager.cache_thumbnail": {"executed_lines": [257, 262, 275, 276, 277, 279, 281, 282, 283, 284, 285, 286, 287, 290, 295, 296, 297, 298, 299], "summary": {"covered_lines": 19, "num_statements": 24, "percent_covered": 79.16666666666667, "percent_covered_display": "79", "missing_lines": 5, "excluded_lines": 0}, "missing_lines": [263, 264, 265, 291, 292], "excluded_lines": []}, "CacheManager._process_standard_thumbnail": {"executed_lines": [311, 312, 313, 314, 315, 316, 317, 318, 321, 323, 325, 326, 352, 355, 356], "summary": {"covered_lines": 15, "num_statements": 32, "percent_covered": 46.875, "percent_covered_display": "47", "missing_lines": 17, "excluded_lines": 0}, "missing_lines": [327, 328, 330, 331, 334, 335, 336, 337, 338, 341, 342, 343, 344, 346, 347, 348, 350], "excluded_lines": []}, "CacheManager.cache_thumbnail_direct": {"executed_lines": [], "summary": {"covered_lines": 0, "num_statements": 15, "percent_covered": 0.0, "percent_covered_display": "0", "missing_lines": 15, "excluded_lines": 0}, "missing_lines": [376, 377, 378, 379, 381, 383, 384, 392, 393, 394, 395, 396, 398, 399, 400], "excluded_lines": []}, "CacheManager.get_cached_shots": {"executed_lines": [412], "summary": {"covered_lines": 1, "num_statements": 1, "percent_covered": 100.0, "percent_covered_display": "100", "missing_lines": 0, "excluded_lines": 0}, "missing_lines": [], "excl
[...]
09, 813, 820, 837, 857, 858, 860, 861, 863, 864, 923, 924, 926, 928, 979, 983, 984, 995, 996, 997, 998, 1001, 1003, 1004, 1005, 1008, 1009, 1010, 1012, 1013, 1014, 1078, 1079], "excluded_lines": []}, "VersionUtils": {"executed_lines": [1100, 1101, 1106, 1107, 1121, 1122, 1124, 1125, 1128, 1129, 1130, 1131, 1134, 1137, 1138, 1140, 1141, 1142, 1143, 1144, 1145, 1146, 1147, 1148, 1149, 1152, 1155, 1156, 1159, 1162, 1165, 1205, 1206, 1207, 1208, 1210, 1213, 1214, 1229, 1230, 1231, 1232, 1233, 1246, 1249, 1254, 1256, 1257, 1259, 1261, 1262, 1267, 1268, 1269, 1270, 1271, 1272, 1273, 1274, 1275, 1282], "summary": {"covered_lines": 61, "num_statements": 77, "percent_covered": 79.22077922077922, "percent_covered_display": "79", "missing_lines": 16, "excluded_lines": 0}, "missing_lines": [1163, 1175, 1177, 1178, 1181, 1189, 1191, 1247, 1263, 1264, 1265, 1276, 1277, 1278, 1279, 1280], "excluded_lines": []}, "FileUtils": {"executed_lines": [1344, 1345, 1348, 1349, 1351, 1352, 1353, 1354, 1355, 1357, 1358, 1360, 1362, 1364, 1365, 1366, 1368, 1369, 1370, 1371, 1373, 1390, 1391, 1392, 1393, 1396, 1397, 1398, 1399, 1414, 1430, 1431, 1433, 1434, 1436, 1437, 1438, 1439, 1441, 1442, 1445, 1447], "summary": {"covered_lines": 42, "num_statements": 52, "percent_covered": 80.76923076923077, "percent_covered_display": "81", "missing_lines": 10, "excluded_lines": 0}, "missing_lines": [1401, 1402, 1403, 1404, 1407, 1408, 1412, 1448, 1449, 1450], "excluded_lines": []}, "ImageUtils": {"executed_lines": [1474, 1475, 1476, 1477, 1480, 1481, 1484, 1487, 1488, 1490, 1491, 1494, 1496, 1510, 1511, 1512], "summary": {"covered_lines": 16, "num_statements": 46, "percent_covered": 34.78260869565217, "percent_covered_display": "35", "missing_lines": 30, "excluded_lines": 0}, "missing_lines": [1528, 1529, 1532, 1554, 1555, 1557, 1558, 1559, 1562, 1564, 1565, 1566, 1567, 1569, 1577, 1593, 1600, 1601, 1604, 1606, 1609, 1611, 1612, 1613, 1614, 1615, 1616, 1617, 1618, 1619], "excluded_lines": []}, "ValidationUtils": {"executed_lines": [1639, 1640, 1642, 1643, 1644, 1645, 1646, 1648, 1662, 1677, 1678, 1679, 1682, 1683, 1684, 1685, 1686, 1689, 1692, 1706, 1708, 1709, 1711, 1712], "summary": {"covered_lines": 24, "num_statements": 24, "percent_covered": 100.0, "percent_covered_display": "100", "missing_lines": 0, "excluded_lines": 0}, "missing_lines": [], "excluded_lines": []}, "": {"executed_lines": [1, 3, 6, 7, 8, 9, 10, 11, 12, 15, 16, 18, 28, 31, 32, 33, 34, 37, 40, 41, 42, 44, 45, 48, 51, 52, 53, 56, 59, 60, 63, 64, 66, 71, 84, 103, 105, 106, 108, 113, 116, 140, 144, 145, 148, 151, 166, 167, 168, 170, 175, 176, 177, 178, 179, 182, 183, 184, 194, 195, 197, 198, 219, 220, 248, 249, 397, 398, 463, 464, 475, 476, 489, 490, 503, 504, 563, 564, 592, 593, 641, 642, 664, 665, 751, 752, 866, 867, 955, 956, 1016, 1017, 1087, 1088, 1091, 1094, 1095, 1097, 1098, 1103, 1104, 1109, 1110, 1167, 1168, 1195, 1196, 1216, 1217, 1218, 1235, 1236, 1285, 1286, 1288, 1289, 1375, 1376, 1416, 1417, 1453, 1454, 1456, 1457, 1498, 1499, 1514, 1515, 1539, 1540, 1622, 1623, 1625, 1626, 1650, 1651, 1669, 1670, 1694, 1695], "summary": {"covered_lines": 132, "num_statements": 140, "percent_covered": 94.28571428571429, "percent_covered_display": "94", "missing_lines": 8, "excluded_lines": 3}, "missing_lines": [141, 146, 171, 172, 187, 188, 189, 191], "excluded_lines": [18, 20, 23]}}}, "verify_enhanced_mock.py": {"executed_lines": [], "summary": {"covered_lines": 0, "num_statements": 56, "percent_covered": 0.0, "percent_covered_display": "0", "missing_lines": 56, "excluded_lines": 11}, "missing_lines": [7, 10, 12, 14, 16, 17, 18, 21, 22, 23, 27, 28, 29, 30, 33, 34, 35, 37, 38, 39, 40, 41, 42, 43, 44, 46, 48, 49, 50, 51, 52, 53, 54, 55, 56, 57, 58, 59, 60, 61, 63, 64, 66, 68, 69, 70, 71, 72, 73, 74, 75, 76, 77, 78, 79, 80], "excluded_lines": [83, 86, 88, 89, 91, 92, 93, 94, 95, 96, 98], "functions": {"verify_mock_environment": {"executed_lines": [], "summary": {"covered_lines": 0, "num_statements": 54, "percent_covered": 0.0, "percent_covered_display": "0", "missing_lines": 54, "excluded_lines": 0}, "missing_lines": [12, 14, 16, 17, 18, 21, 22, 23, 27, 28, 29, 30, 33, 34, 35, 37, 38, 39, 40, 41, 42, 43, 44, 46, 48, 49, 50, 51, 52, 53, 54, 55, 56, 57, 58, 59, 60, 61, 63, 64, 66, 68, 69, 70, 71, 72, 73, 74, 75, 76, 77, 78, 79, 80], "excluded_lines": []}, "": {"executed_lines": [], "summary": {"covered_lines": 0, "num_statements": 2, "percent_covered": 0.0, "percent_covered_display": "0", "missing_lines": 2, "excluded_lines": 11}, "missing_lines": [7, 10], "excluded_lines": [83, 86, 88, 89, 91, 92, 93, 94, 95, 96, 98]}}, "classes": {"": {"executed_lines": [], "summary": {"covered_lines": 0, "num_statements": 56, "percent_covered": 0.0, "percent_covered_display": "0", "missing_lines": 56, "excluded_lines": 11}, "missing_lines": [7, 10, 12, 14, 16, 17, 18, 21, 22, 23, 27, 28, 29, 30, 33, 34, 35, 37, 38, 39, 40, 41, 42, 43, 44, 46, 48, 49, 50, 51, 52, 53, 54, 55, 56, 57, 58, 59, 60, 61, 63, 64, 66, 68, 69, 70, 71, 72, 73, 74, 75, 76, 77, 78, 79, 80], "excluded_lines": [83, 86, 88, 89, 91, 92, 93, 94, 95, 96, 98]}}}, "verify_incremental_caching.py": {"executed_lines": [], "summary": {"covered_lines": 0, "num_statements": 173, "percent_covered": 0.0, "percent_covered_display": "0", "missing_lines": 173, "excluded_lines": 2}, "missing_lines": [14, 16, 17, 18, 19, 22, 24, 25, 28, 30, 31, 32, 35, 37, 38, 39, 40, 41, 44, 54, 55, 56, 57, 58, 59, 62, 65, 71, 74, 75, 76, 79, 80, 83, 84, 87, 88, 89, 90, 92, 93, 98, 99, 100, 102, 103, 106, 115, 118, 119, 120, 121, 124, 125, 128, 129, 132, 133, 135, 136, 140, 141, 145, 146, 149, 158, 161, 162, 163, 164, 167, 170, 173, 174, 177, 178, 183, 184, 191, 192, 195, 198, 199, 200, 206, 213, 216, 225, 228, 229, 232, 235, 238, 243, 246, 247, 248, 249, 252, 253, 258, 259, 263, 264, 267, 268, 269, 271, 272, 275, 284, 287, 288, 291, 292, 295, 296, 297, 300, 301, 306, 307, 309, 310, 312, 313, 316, 322, 324, 325, 326, 327, 328, 331, 337, 338, 339, 340, 341, 342, 343, 344, 345, 347, 350, 351, 353, 354, 355, 358, 359, 362, 363, 366, 367, 370, 371, 374, 376, 377, 379, 380, 382, 385, 388, 389, 390, 391, 392, 393, 394, 395, 396], "excluded_lines": [399, 400], "functions": {"print_header": {"executed_lines": [], "summary": {"covered_lines": 0, "num_statements": 3, "percent_covered": 0.0, "percent_covered_display": "0", "missing_lines": 3, "excluded_lines": 0}, "missing_lines": [30, 31, 32], "excluded_lines": []}, "print_status": {"executed_lines": [], "summary": {"covered_lines": 0, "num_statements": 5, "percent_covered": 0.0, "percent_covered_display": "0", "missing_lines": 5, "excluded_lines": 0}, "missing_lines": [37, 38, 39, 40, 41], "excluded_lines": []}, "generate_mock_shots": {"executed_lines": [], "summary": {"covered_lines": 0, "num_statements": 7, "percent_covered": 0.0, "percent_covered_display": "0", "missing_lines": 7, "excluded_lines": 0}, "missing_lines": [54, 55, 56, 57, 58, 59, 62], "excluded_lines": []}, "verify_initial_load": {"executed_lines": [], "summary": {"covered_lines": 0, "num_statements": 19, "percent_covered": 0.0, "percent_covered_display": "0", "missing_lines": 19, "excluded_lines": 0}, "missing_lines": [71, 74, 75, 76, 79, 80, 83, 84, 87, 88, 89, 90, 92, 93, 98, 99, 100, 102, 103], "excluded_lines": []}, "verify_merge_no_changes": {"executed_lines": [], "summary": {"covered_lines": 0, "num_statements": 17, "percent_covered": 0.0, "percent_covered_display": "0", "missing_lines": 17, "excluded_lines": 0}, "missing_lines": [115, 118, 119, 120, 121, 124, 125, 128, 129, 132, 133, 135, 136, 140, 141, 145, 146], "excluded_lines": []}, "verify_remove_shots": {"executed_lines": [], "summary": {"covered_lines": 0, "num_statements": 21, "percent_covered": 0.0, "percent_covered_display": "0", "missing_lines": 21, "excluded_lines": 0}, "missing_lines": [158, 161, 162, 163, 164, 167, 170, 173, 174, 177, 178, 183, 184, 191, 192, 195, 198, 199, 200, 206, 213], "excluded_lines": []}, "verify_deduplication": {"executed_lines": [], "summary": {"covered_lines": 0, "num_statements": 22, "percent_covered": 0.0, "percent_covered_display": "0", "missing_lines": 22, "excluded_lines": 0}, "missing_lines": [225, 228, 229, 232, 235, 238, 243, 246, 247, 248, 249, 252, 253, 258, 259, 263, 264, 267, 268, 269, 271, 272], "excluded_lines": []}, "verify_performance": {"executed_lines": [], "summary": {"covered_lines": 0, "num_statements": 16, "percent_covered": 0.0, "percent_covered_display": "0", "missing_lines": 16, "excluded_lines": 0}, "missing_lines": [284, 287, 288, 291, 292, 295, 296, 297, 300, 301, 306, 307, 309, 310, 312, 313], "excluded_lines": []}, "cleanup_cache": {"executed_lines": [], "summary": {"covered_lines": 0, "num_statements": 6, "percent_covered": 0.0, "percent_covered_display": "0", "missing_lines": 6, "excluded_lines": 0}, "missing_lines": [322, 324, 325, 326, 327, 328], "excluded_lines": []}, "main": {"executed_lines": [], "summary": {"covered_lines": 0, "num_statements": 39, "percent_covered": 0.0, "percent_covered_display": "0", "missing_lines": 39, "excluded_lines": 0}, "missing_lines": [337, 338, 339, 340, 341, 342, 343, 344, 345, 347, 350, 351, 353, 354, 355, 358, 359, 362, 363, 366, 367, 370, 371, 374, 376, 377, 379, 380, 382, 385, 388, 389, 390, 391, 392, 393, 394, 395, 396], "excluded_lines": []}, "": {"executed_lines": [], "summary": {"covered_lines": 0, "num_statements": 18, "percent_covered": 0.0, "percent_covered_display": "0", "missing_lines": 18, "excluded_lines": 2}, "missing_lines": [14, 16, 17, 18, 19, 22, 24, 25, 28, 35, 44, 65, 106, 149, 216, 275, 316, 331], "excluded_lines": [399, 400]}}, "classes": {"": {"executed_lines": [], "summary": {"covered_lines": 0, "num_statements": 173, "percent_covered": 0.0, "percent_covered_display": "0", "missing_lines": 173, "excluded_lines": 2}, "missing_lines": [14, 16, 17, 18, 19, 22, 24, 25, 28, 30, 31, 32, 35, 37, 38, 39, 40, 41, 44, 54, 55, 56, 57, 58, 59, 62, 65, 71, 74, 75, 76, 79, 80, 83, 84, 87, 88, 89, 90, 92, 93, 98, 99, 100, 102, 103, 106, 115, 118, 119, 120, 121, 124, 125, 128, 129, 132, 133, 135, 136, 140, 141, 145, 146, 149, 158, 161, 162, 163, 164, 167, 170, 173, 174, 177, 178, 183, 184, 191, 192, 195, 198, 199, 200, 206, 213, 216, 225, 228, 229, 232, 235, 238, 243, 246, 247, 248, 249, 252, 253, 258, 259, 263, 264, 267, 268, 269, 271, 272, 275, 284, 287, 288, 291, 292, 295, 296, 297, 300, 301, 306, 307, 309, 310, 312, 313, 316, 322, 324, 325, 326, 327, 328, 331, 337, 338, 339, 340, 341, 342, 343, 344, 345, 347, 350, 351, 353, 354, 355, 358, 359, 362, 363, 366, 367, 370, 371, 374, 376, 377, 379, 380, 382, 385, 388, 389, 390, 391, 392, 393, 394, 395, 396], "excluded_lines": [399, 400]}}}, "verify_mock_environment.py": {"executed_lines": [], "summary": {"covered_lines": 0, "num_statements": 152, "percent_covered": 0.0, "percent_covered_display": "0", "missing_lines": 152, "excluded_lines": 2}, "missing_lines": [9, 10, 11, 12, 13, 16, 17, 19, 20, 23, 26, 28, 29, 30, 32, 33, 34, 36, 39, 40, 41, 42, 43, 44, 45, 46, 47, 49, 50, 51, 54, 55, 56, 59, 60, 62, 63, 65, 68, 71, 72, 73, 75, 76, 77, 80, 83, 84, 87, 89, 90, 93, 94, 96, 97, 98, 100, 101, 102, 105, 106, 107, 111, 112, 114, 115, 116, 119, 122, 124, 125, 126, 129, 132, 133, 134, 135, 136, 137, 140, 142, 143, 144, 146, 148, 149, 150, 153, 154, 155, 157, 158, 159, 161, 164, 166, 168, 169, 170, 171, 174, 175, 176, 177, 178, 179, 183, 186, 188, 189, 191, 194, 195, 197, 200, 201, 202, 203, 205, 206, 207, 208, 211, 212, 213, 214, 216, 217, 218, 219, 222, 223, 224, 225, 227, 228, 229, 230, 233, 234, 235, 237, 238, 241, 243, 244, 245, 246, 247, 249, 250, 252], "excluded_lines": [255, 256], "functions": {"test_mock_pool": {"executed_lines": [], "summary": {"covered_lines": 0, "num_statements": 28, "percent_covered": 0.0, "percent_covered_display": "0", "missing_lines": 28, "excluded_lines": 0}, "missing_lines": [26, 28, 29, 30, 32, 33, 34, 36, 39, 40, 41, 42, 43, 44, 45, 46, 47, 49, 50, 51, 54, 55, 56, 59, 60, 62, 63, 65], "excluded_lines": []}, "test_shot_model": {"executed_lines": [], "summary": {"covered_lines": 0, "num_statements": 28, "percent_covered": 0.0, "percent_covered_display": "0", "missing_lines": 28, "excluded_lines": 0}, "missing_lines": [71, 72, 73, 75, 76, 77, 80, 83, 84, 87, 89, 90, 93, 94, 96, 97, 98, 100, 101, 102, 105, 106, 107, 111, 112, 114, 115, 116], "excluded_lines": []}, "test_headless_app": {"executed_lines": [], "summary": {"covered_lines": 0, "num_statements": 11, "percent_covered": 0.0, "percent_covered_display": "0", "missing_lines": 11, "excluded_lines": 0}, "missing_lines": [122, 124, 125, 126, 129, 132, 133, 134, 135, 136, 137], "excluded_lines": []}, "verify_filesystem": {"executed_lines": [], "summary": {"covered_lines": 0, "num_statements": 27, "percent_covered": 0.0, "percent_covered_display": "0", "missing_lines": 27, "excluded_lines": 0}, "missing_lines": [142, 143, 144, 146, 148, 149, 150, 153, 154, 155, 157, 158, 159, 161, 164, 166, 168, 169, 170, 171, 174, 175, 176, 177, 178, 179, 183], "excluded_lines": []}, "main": {"executed_lines": [], "summary": {"covered_lines": 0, "num_statements": 44, "percent_covered": 0.0, "percent_covered_display": "0", "missing_lines": 44, "excluded_lines": 0}, "missing_lines": [188, 189, 191, 194, 195, 197, 200, 201, 202, 203, 205, 206, 207, 208, 211, 212, 213, 214, 216, 217, 218, 219, 222, 223, 224, 225, 227, 228, 229, 230, 233, 234, 235, 237, 238, 241, 243, 244, 245, 246, 247, 249, 250, 252], "excluded_lines": []}, "": {"executed_lines": [], "summary": {"covered_lines": 0, "num_statements": 14, "percent_covered": 0.0, "percent_covered_display": "0", "missing_lines": 14, "excluded_lines": 2}, "missing_lines": [9, 10, 11, 12, 13, 16, 17, 19, 20, 23, 68, 119, 140, 186], "excluded_lines": [255, 256]}}, "classes": {"": {"executed_lines": [], "summary": {"covered_lines": 0, "num_statements": 152, "percent_covered": 0.0, "percent_covered_display": "0", "missing_lines": 152, "excluded_lines": 2}, "missing_lines": [9, 10, 11, 12, 13, 16, 17, 19, 20, 23, 26, 28, 29, 30, 32, 33, 34, 36, 39, 40, 41, 42, 43, 44, 45, 46, 47, 49, 50, 51, 54, 55, 56, 59, 60, 62, 63, 65, 68, 71, 72, 73, 75, 76, 77, 80, 83, 84, 87, 89, 90, 93, 94, 96, 97, 98, 100, 101, 102, 105, 106, 107, 111, 112, 114, 115, 116, 119, 122, 124, 125, 126, 129, 132, 133, 134, 135, 136, 137, 140, 142, 143, 144, 146, 148, 149, 150, 153, 154, 155, 157, 158, 159, 161, 164, 166, 168, 169, 170, 171, 174, 175, 176, 177, 178, 179, 183, 186, 188, 189, 191, 194, 195, 197, 200, 201, 202, 203, 205, 206, 207, 208, 211, 212, 213, 214, 216, 217, 218, 219, 222, 223, 224, 225, 227, 228, 229, 230, 233, 234, 235, 237, 238, 241, 243, 244, 245, 246, 247, 249, 250, 252], "excluded_lines": [255, 256]}}}, "version_mixin.py": {"executed_lines": [1, 8, 11, 12, 13, 14, 17, 20, 21, 43, 47, 54, 67, 70, 71, 72, 73, 76, 78, 79, 80, 81, 82, 85, 86, 87, 88, 89, 90, 94, 96, 98, 110, 111, 113, 115, 116, 117, 118, 120, 121, 122, 125, 126, 128, 131, 133, 145, 146, 148, 150, 151, 152, 153, 155, 156, 159, 160, 162, 165, 167, 186, 187, 189, 190, 192, 193, 194, 195, 197, 200, 201, 204, 206, 211, 213, 225, 227, 228, 229, 230, 232, 233, 235, 237, 255, 257, 258, 259, 260, 261, 262, 263, 264, 266, 271, 273, 288, 290, 291, 292, 293, 294, 295, 297, 299, 301, 315, 318, 320, 321, 322, 323, 325, 326, 327, 329, 339], "summary": {"covered_lines": 116, "num_statements": 118, "percent_covered": 98.30508474576271, "percent_covered_display": "98", "missing_lines": 2, "excluded_lines": 0}, "missing_lines": [77, 316], "excluded_lines": [], "functions": {"VersionHandlingMixin._extract_version": {"executed_lines": [67, 70, 71, 72, 73, 76, 78, 79, 80, 81, 82, 85, 86, 87, 88, 89, 90, 94, 96], "summary": {"covered_lines": 19, "num_statements": 20, "percent_covered": 95.0, "percent_covered_display": "95", "missing_lines": 1, "excluded_lines": 0}, "missing_lines": [77], "excluded_lines": []}, "VersionHandlingMixin._find_latest_by_version": {"executed_lines": [110, 111, 113, 115, 116, 117, 118, 120, 121, 122, 125, 126, 128, 131], "summary": {"covered_lines": 14, "num_statements": 14, "percent_covered": 100.0, "percent_covered_display": "100", "missing_lines": 0, "excluded_lines": 0}, "missing_lines": [], "excluded_lines": []}, "VersionHandlingMixin._find_earliest_by_version": {"executed_lines": [145, 146, 148, 150, 151, 152, 153, 155, 156, 159, 160, 162, 165], "summary": {"covered_lines": 13, "num_statements": 13, "percent_covered": 100.0, "percent_covered_display": "100", "missing_lines": 0, "excluded_lines": 0}, "missing_lines": [], "excluded_lines": []}, "VersionHandlingMixin._sort_files_by_version": {"executed_lines": [186, 187, 189, 190, 192, 193, 194, 195, 197, 200, 201, 204, 206, 211], "summary": {"covered_lines": 14, "num_statements": 14, "percent_covered": 100.0, "percent_covered_display": "100", "missing_lines": 0, "excluded_lines": 0}, "missing_lines": [], "excluded_lines": []}, "VersionHandlingMixin._get_version_range": {"executed_lines": [225, 227, 228, 229, 230, 232, 233, 235], "summary": {"covered_lines": 8, "num_statements": 8, "percent_covered": 100.0, "percent_covered_display": "100", "missing_lines": 0, "excluded_lines": 0}, "missing_lines": [], "excluded_lines": []}, "VersionHandlingMixin._filter_by_version_range": {"executed_lines": [255, 257, 258, 259, 260, 261, 262, 263, 264, 266, 271], "summary": {"covered_lines": 11, "num_statements": 11, "percent_covered": 100.0, "percent_covered_display": "100", "missing_lines": 0, "excluded_lines": 0}, "missing_lines": [], "excluded_lines": []}, "VersionHandlingMixin._group_files_by_version": {"executed_lines": [288, 290, 291, 292, 293, 294, 295, 297, 299], "summary": {"covered_lines": 9, "num_statements": 9, "percent_covered": 100.0, "percent_covered_display": "100", "missing_lines": 0, "excluded_lines": 0}, "missing_lines": [], "excluded_lines": []}, "VersionHandlingMixin._find_next_version": {"executed_lines": [315, 318, 320, 321, 322, 323, 325, 326, 327], "summary": {"covered_lines": 9, "num_statements": 10, "percent_covered": 90.0, "percent_covered_display": "90", "missing_lines": 1, "excluded_lines": 0}, "missing_lines": [316], "excluded_lines": []}, "VersionHandlingMixin._format_version_string": {"executed_lines": [339], "summary": {"covered_lines": 1, "num_statements": 1, "percent_covered": 100.0, "percent_covered_display": "100", "missing_lines": 0, "excluded_lines": 0}, "missing_lines": [], "excluded_lines": []}, "": {"executed_lines": [1, 8, 11, 12, 13, 14, 17, 20, 21, 43, 47, 54, 98, 133, 167, 213, 237, 273, 301, 329], "summary": {"covered_lines": 18, "num_statements": 18, "percent_covered": 100.0, "percent_covered_display": "100", "missing_lines": 0, "excluded_lines": 0}, "missing_lines": [], "excluded_lines": []}}, "classes": {"VersionHandlingMixin": {"executed_lines": [67, 70, 71, 72, 73, 76, 78, 79, 80, 81, 82, 85, 86, 87, 88, 89, 90, 94, 96, 110, 111, 113, 115, 116, 117, 118, 120, 121, 122, 125, 126, 128, 131, 145, 146, 148, 150, 151, 152, 153, 155, 156, 159, 160, 162, 165, 186, 187, 189, 190, 192, 193, 194, 195, 197, 200, 201, 204, 206, 211, 225, 227, 228, 229, 230, 232, 233, 235, 255, 257, 258, 259, 260, 261, 262, 263, 264, 266, 271, 288, 290, 291, 292, 293, 294, 295, 297, 299, 315, 318, 320, 321, 322, 323, 325, 326, 327, 339], "summary": {"covered_lines": 98, "num_statements": 100, "percent_covered": 98.0, "percent_covered_display": "98", "missing_lines": 2, "excluded_lines": 0}, "missing_lines": [77, 316], "excluded_lines": []}, "": {"executed_lines": [1, 8, 11, 12, 13, 14, 17, 20, 21, 43, 47, 54, 98, 133, 167, 213, 237, 273, 301, 329], "summary": {"covered_lines": 18, "num_statements": 18, "percent_covered": 100.0, "percent_covered_display": "100", "missing_lines": 0, "excluded_lines": 0}, "missing_lines": [], "excluded_lines": []}}}}, "totals": {"covered_lines": 11578, "num_statements": 20892, "percent_covered": 55.41834194907141, "percent_covered_display": "55", "missing_lines": 9314, "excluded_lines": 649}}