============================= test session starts ==============================
platform linux -- Python 3.12.3, pytest-8.4.1, pluggy-1.6.0 -- /mnt/c/CustomScripts/Python/PyFFMPEG/BB/shotbot/venv/bin/python3
cachedir: .pytest_cache
hypothesis profile 'default'
PySide6 6.9.1 -- Qt runtime 6.9.1 -- Qt compiled 6.9.1
rootdir: /mnt/c/CustomScripts/Python/PyFFMPEG/BB/shotbot
configfile: pytest.ini
plugins: hypothesis-6.137.1, cov-6.2.1, mock-3.14.1, qt-4.5.0, timeout-2.4.0, xdist-3.8.0
timeout: 5.0s
timeout method: signal
timeout func_only: False
created: 16/16 workers
16 workers [1641 items]

scheduling tests via LoadScheduling

tests/unit/test_design_system.py::TestTypography::test_font_weights 
tests/unit/test_cache_manager.py::TestCacheManager::test_save_cache_to_file 
tests/unit/test_cache_manager.py::TestCacheThumbnailDirect::test_cache_thumbnail_direct_io_error 
tests/unit/test_common_view_behavior.py::TestCommonViewBehavior::test_visibility_timer_updates[threede_grid] 
tests/unit/test_failure_tracker.py::TestFailureTracker::test_pathlib_path_handling 
tests/unit/test_command_launcher.py::TestCommandLauncher::test_initialization 
tests/unit/test_example_best_practices.py::TestBehaviorNotImplementation::test_shot_model_behavior 
tests/unit/test_design_system.py::TestQtIntegration::test_label_variants_with_qt 
tests/unit/test_launcher_controller.py::TestApplicationLaunching::test_launch_app_with_shot_context 
tests/unit/test_async_shot_loader.py::TestAsyncShotLoader::test_loader_signals_exist 
tests/unit/test_finder_utils.py::TestParseShotPath::test_valid_shot_path 
tests/unit/test_cache_manager.py::TestCacheManagerThreading::test_threadingconfig_integration 
tests/unit/test_failure_tracker.py::TestFailureTracker::test_should_retry_no_previous_failures 
tests/unit/test_finder_utils.py::TestSanitizeUsername::test_valid_usernames 
tests/unit/test_launcher_dialog.py::TestLauncherListWidget::test_initialization 
tests/unit/test_base_asset_finder.py::TestBaseAssetFinder::test_clear_cache_all 
[gw7] [  0%] PASSED tests/unit/test_design_system.py::TestTypography::test_font_weights 
[gw13] [  0%] PASSED tests/unit/test_finder_utils.py::TestParseShotPath::test_valid_shot_path 
[gw10] [  0%] PASSED tests/unit/test_failure_tracker.py::TestFailureTracker::test_should_retry_no_previous_failures 
[gw11] [  0%] PASSED tests/unit/test_failure_tracker.py::TestFailureTracker::test_pathlib_path_handling 
[gw5] [  0%] PASSED tests/unit/test_command_launcher.py::TestCommandLauncher::test_initialization 
[gw1] [  0%] PASSED tests/unit/test_base_asset_finder.py::TestBaseAssetFinder::test_clear_cache_all 
[gw12] [  0%] PASSED tests/unit/test_finder_utils.py::TestSanitizeUsername::test_valid_usernames 
[gw4] [  0%] PASSED tests/unit/test_cache_manager.py::TestCacheManagerThreading::test_threadingconfig_integration 
[gw2] [  0%] PASSED tests/unit/test_cache_manager.py::TestCacheManager::test_save_cache_to_file 
[gw9] [  0%] PASSED tests/unit/test_example_best_practices.py::TestBehaviorNotImplementation::test_shot_model_behavior 
[gw0] [  0%] PASSED tests/unit/test_async_shot_loader.py::TestAsyncShotLoader::test_loader_signals_exist 
tests/unit/test_finder_utils.py::TestParseShotPath::test_partial_shot_path 
tests/unit/test_failure_tracker.py::TestFailureTracker::test_memory_cleanup_pattern 
[gw13] [  0%] PASSED tests/unit/test_finder_utils.py::TestParseShotPath::test_partial_shot_path 
tests/unit/test_command_launcher.py::TestCommandLauncher::test_set_current_shot 
[gw5] [  0%] PASSED tests/unit/test_command_launcher.py::TestCommandLauncher::test_set_current_shot 
tests/unit/test_failure_tracker.py::TestFailureTracker::test_should_retry_with_source_path 
[gw10] [  0%] PASSED tests/unit/test_failure_tracker.py::TestFailureTracker::test_should_retry_with_source_path 
tests/unit/test_design_system.py::TestTypography::test_line_heights 
[gw7] [  0%] PASSED tests/unit/test_design_system.py::TestTypography::test_line_heights 
tests/unit/test_cache_manager.py::TestCacheManagerThreading::test_cache_key_generation_thread_safety 
[gw15] [  0%] PASSED tests/unit/test_launcher_dialog.py::TestLauncherListWidget::test_initialization 
[gw4] [  1%] PASSED tests/unit/test_cache_manager.py::TestCacheManagerThreading::test_cache_key_generation_thread_safety 
tests/unit/test_finder_utils.py::TestSanitizeUsername::test_path_traversal_removal 
[gw12] [  1%] PASSED tests/unit/test_finder_utils.py::TestSanitizeUsername::test_path_traversal_removal 
tests/unit/test_example_best_practices.py::TestRealComponentsOverMocks::test_with_real_cache_manager 
[gw11] [  1%] PASSED tests/unit/test_failure_tracker.py::TestFailureTracker::test_memory_cleanup_pattern 
[gw8] [  1%] PASSED tests/unit/test_design_system.py::TestQtIntegration::test_label_variants_with_qt 
tests/unit/test_cache_manager.py::TestCacheManager::test_cache_shots_and_retrieval 
[gw2] [  1%] PASSED tests/unit/test_cache_manager.py::TestCacheManager::test_cache_shots_and_retrieval 
[gw3] [  1%] PASSED tests/unit/test_cache_manager.py::TestCacheThumbnailDirect::test_cache_thumbnail_direct_io_error 
tests/unit/test_base_asset_finder.py::TestBaseAssetFinder::test_matches_asset_type 
[gw1] [  1%] PASSED tests/unit/test_base_asset_finder.py::TestBaseAssetFinder::test_matches_asset_type 
[gw6] [  1%] PASSED tests/unit/test_common_view_behavior.py::TestCommonViewBehavior::test_visibility_timer_updates[threede_grid] 
tests/unit/test_failure_tracker.py::TestFailureTracker::test_record_failure_first_attempt 
[gw10] [  1%] PASSED tests/unit/test_failure_tracker.py::TestFailureTracker::test_record_failure_first_attempt 
tests/unit/test_cache_manager.py::TestCacheManagerThreading::test_thumbnail_cache_result_cleanup 
[gw4] [  1%] PASSED tests/unit/test_cache_manager.py::TestCacheManagerThreading::test_thumbnail_cache_result_cleanup 
tests/unit/test_finder_utils.py::TestParseShotPath::test_invalid_path_returns_none 
[gw13] [  1%] PASSED tests/unit/test_finder_utils.py::TestParseShotPath::test_invalid_path_returns_none 
tests/unit/test_design_system.py::TestSpacing::test_base_unit 
[gw7] [  1%] PASSED tests/unit/test_design_system.py::TestSpacing::test_base_unit 
tests/unit/test_failure_tracker.py::TestFailureTracker::test_concurrent_cleanup_safety 
tests/unit/test_command_launcher.py::TestCommandLauncher::test_set_current_shot_none 
[gw11] [  1%] PASSED tests/unit/test_failure_tracker.py::TestFailureTracker::test_concurrent_cleanup_safety 
[gw5] [  1%] PASSED tests/unit/test_command_launcher.py::TestCommandLauncher::test_set_current_shot_none 
tests/unit/test_finder_utils.py::TestSanitizeUsername::test_invalid_usernames_raise_error 
[gw12] [  1%] PASSED tests/unit/test_finder_utils.py::TestSanitizeUsername::test_invalid_usernames_raise_error 
tests/unit/test_cache_manager.py::TestCacheManager::test_cache_ttl_expiration 
[gw2] [  1%] PASSED tests/unit/test_cache_manager.py::TestCacheManager::test_cache_ttl_expiration 
tests/unit/test_launcher_dialog.py::TestLauncherPreviewPanel::test_initialization 
tests/unit/test_async_shot_loader.py::TestAsyncShotLoader::test_successful_shot_loading_signal_emission 
tests/unit/test_cache_manager.py::TestThreeDECaching::test_cache_threede_scenes 
[gw3] [  2%] PASSED tests/unit/test_cache_manager.py::TestThreeDECaching::test_cache_threede_scenes 
[gw0] [  2%] PASSED tests/unit/test_async_shot_loader.py::TestAsyncShotLoader::test_successful_shot_loading_signal_emission 
tests/unit/test_design_system.py::TestQtIntegration::test_complex_widget_hierarchy 
[gw15] [  2%] PASSED tests/unit/test_launcher_dialog.py::TestLauncherPreviewPanel::test_initialization 
tests/unit/test_base_asset_finder.py::TestBaseAssetFinder::test_recursive_search 
[gw1] [  2%] PASSED tests/unit/test_base_asset_finder.py::TestBaseAssetFinder::test_recursive_search 
[gw8] [  2%] PASSED tests/unit/test_design_system.py::TestQtIntegration::test_complex_widget_hierarchy 
[gw9] [  2%] PASSED tests/unit/test_example_best_practices.py::TestRealComponentsOverMocks::test_with_real_cache_manager 
tests/unit/test_failure_tracker.py::TestFailureTracker::test_record_failure_without_source_path 
[gw10] [  2%] PASSED tests/unit/test_failure_tracker.py::TestFailureTracker::test_record_failure_without_source_path 
tests/unit/test_common_view_behavior.py::TestCommonViewBehavior::test_visibility_timer_updates[previous_shots] 
tests/unit/test_filesystem_coordinator.py::TestSingletonPattern::test_single_instance_created 
tests/unit/test_command_launcher.py::TestCommandLauncher::test_launch_nuke 
[gw11] [  2%] PASSED tests/unit/test_filesystem_coordinator.py::TestSingletonPattern::test_single_instance_created 
tests/unit/test_finder_utils.py::TestGetWorkspaceFromPath::test_extract_workspace 
tests/unit/test_design_system.py::TestSpacing::test_spacing_scale 
[gw13] [  2%] PASSED tests/unit/test_finder_utils.py::TestGetWorkspaceFromPath::test_extract_workspace 
[gw7] [  2%] PASSED tests/unit/test_design_system.py::TestSpacing::test_spacing_scale 
[gw6] [  2%] PASSED tests/unit/test_common_view_behavior.py::TestCommonViewBehavior::test_visibility_timer_updates[previous_shots] 
tests/unit/test_cache_manager.py::TestCacheManagerThreading::test_lock_basic_behavior 
tests/unit/test_finder_utils.py::TestSanitizeUsername::test_edge_cases 
[gw12] [  2%] PASSED tests/unit/test_finder_utils.py::TestSanitizeUsername::test_edge_cases 
[gw4] [  2%] PASSED tests/unit/test_cache_manager.py::TestCacheManagerThreading::test_lock_basic_behavior 
tests/unit/test_cache_manager.py::TestCacheManager::test_cache_thumbnail_with_qimage 
tests/unit/test_cache_manager.py::TestThreeDECaching::test_get_cached_threede_scenes_valid 
[gw3] [  2%] PASSED tests/unit/test_cache_manager.py::TestThreeDECaching::test_get_cached_threede_scenes_valid 
[gw5] [  2%] PASSED tests/unit/test_command_launcher.py::TestCommandLauncher::test_launch_nuke 
tests/unit/test_launcher_dialog.py::TestLauncherPreviewPanel::test_set_launcher_with_data 
[gw15] [  2%] PASSED tests/unit/test_launcher_dialog.py::TestLauncherPreviewPanel::test_set_launcher_with_data 
tests/unit/test_base_scene_finder.py::TestBaseSceneFinder::test_initialization 
tests/unit/test_async_shot_loader.py::TestAsyncShotLoader::test_failed_loading_signal_emission 
[gw1] [  2%] PASSED tests/unit/test_base_scene_finder.py::TestBaseSceneFinder::test_initialization 
[gw0] [  3%] PASSED tests/unit/test_async_shot_loader.py::TestAsyncShotLoader::test_failed_loading_signal_emission 
tests/unit/test_design_system.py::test_color_values_parametrized[primary-#2196F3] 
[gw8] [  3%] PASSED tests/unit/test_design_system.py::test_color_values_parametrized[primary-#2196F3] 
tests/unit/test_example_best_practices.py::TestMockOnlyAtBoundaries::test_subprocess_at_boundary 
[gw9] [  3%] PASSED tests/unit/test_example_best_practices.py::TestMockOnlyAtBoundaries::test_subprocess_at_boundary 
tests/unit/test_failure_tracker.py::TestFailureTracker::test_exponential_backoff_progression 
[gw10] [  3%] PASSED tests/unit/test_failure_tracker.py::TestFailureTracker::test_exponential_backoff_progression 
tests/unit/test_finder_utils.py::TestGetWorkspaceFromPath::test_invalid_path_returns_none 
[gw13] [  3%] PASSED tests/unit/test_finder_utils.py::TestGetWorkspaceFromPath::test_invalid_path_returns_none 
[gw2] [  3%] PASSED tests/unit/test_cache_manager.py::TestCacheManager::test_cache_thumbnail_with_qimage 
tests/unit/test_common_view_behavior.py::TestCommonViewBehavior::test_focus_policy_consistency[shot_grid] 
tests/unit/test_design_system.py::TestSpacing::test_component_spacing 
[gw7] [  3%] PASSED tests/unit/test_design_system.py::TestSpacing::test_component_spacing 
[gw6] [  3%] PASSED tests/unit/test_common_view_behavior.py::TestCommonViewBehavior::test_focus_policy_consistency[shot_grid] 
tests/unit/test_filesystem_coordinator.py::TestSingletonPattern::test_thread_safe_initialization 
[gw11] [  3%] PASSED tests/unit/test_filesystem_coordinator.py::TestSingletonPattern::test_thread_safe_initialization 
tests/unit/test_finder_utils.py::TestExtractVersion::test_default_pattern 
[gw14] [  3%] PASSED tests/unit/test_launcher_controller.py::TestApplicationLaunching::test_launch_app_with_shot_context 
[gw12] [  3%] PASSED tests/unit/test_finder_utils.py::TestExtractVersion::test_default_pattern 
tests/unit/test_cache_validator.py::TestCacheValidator::test_validator_initialization 
[gw4] [  3%] PASSED tests/unit/test_cache_validator.py::TestCacheValidator::test_validator_initialization 
tests/unit/test_cache_manager.py::TestThreeDECaching::test_get_cached_threede_scenes_expired 
[gw3] [  3%] PASSED tests/unit/test_cache_manager.py::TestThreeDECaching::test_get_cached_threede_scenes_expired 
tests/unit/test_command_launcher.py::TestCommandLauncher::test_launch_nuke_with_raw_plate 
tests/unit/test_launcher_dialog.py::TestLauncherPreviewPanel::test_set_launcher_with_none 
[gw5] [  3%] PASSED tests/unit/test_command_launcher.py::TestCommandLauncher::test_launch_nuke_with_raw_plate 
[gw15] [  3%] PASSED tests/unit/test_launcher_dialog.py::TestLauncherPreviewPanel::test_set_launcher_with_none 
tests/unit/test_base_scene_finder.py::TestBaseSceneFinder::test_requires_version_pattern 
[gw1] [  3%] PASSED tests/unit/test_base_scene_finder.py::TestBaseSceneFinder::test_requires_version_pattern 
tests/unit/test_async_shot_loader.py::TestAsyncShotLoader::test_loader_stop_request 
[gw0] [  4%] PASSED tests/unit/test_async_shot_loader.py::TestAsyncShotLoader::test_loader_stop_request 
tests/unit/test_design_system.py::test_color_values_parametrized[success-#4CAF50] 
[gw8] [  4%] PASSED tests/unit/test_design_system.py::test_color_values_parametrized[success-#4CAF50] 
tests/unit/test_example_best_practices.py::TestNoSleepPattern::test_qt_event_processing 
[gw9] [  4%] PASSED tests/unit/test_example_best_practices.py::TestNoSleepPattern::test_qt_event_processing 
tests/unit/test_failure_tracker.py::TestFailureTracker::test_should_retry_within_backoff_period 
[gw10] [  4%] PASSED tests/unit/test_failure_tracker.py::TestFailureTracker::test_should_retry_within_backoff_period 
tests/unit/test_finder_utils.py::TestIsValidVfxPath::test_valid_vfx_paths 
[gw13] [  4%] PASSED tests/unit/test_finder_utils.py::TestIsValidVfxPath::test_valid_vfx_paths 
tests/unit/test_filesystem_coordinator.py::TestSingletonPattern::test_singleton_persists_data 
tests/unit/test_cache_manager.py::TestCacheManager::test_get_cached_thumbnail 
[gw11] [  4%] PASSED tests/unit/test_filesystem_coordinator.py::TestSingletonPattern::test_singleton_persists_data 
[gw2] [  4%] PASSED tests/unit/test_cache_manager.py::TestCacheManager::test_get_cached_thumbnail 
tests/unit/test_cache_validator.py::TestCacheValidator::test_get_cache_statistics_empty_cache 
tests/unit/test_finder_utils.py::TestExtractVersion::test_custom_pattern_string 
[gw12] [  4%] PASSED tests/unit/test_finder_utils.py::TestExtractVersion::test_custom_pattern_string 
[gw4] [  4%] PASSED tests/unit/test_cache_validator.py::TestCacheValidator::test_get_cache_statistics_empty_cache 
tests/unit/test_design_system.py::TestSpacing::test_grid_spacing 
tests/unit/test_common_view_behavior.py::TestCommonViewBehavior::test_focus_policy_consistency[threede_grid] 
[gw7] [  4%] PASSED tests/unit/test_design_system.py::TestSpacing::test_grid_spacing 
tests/unit/test_launcher_controller.py::TestApplicationLaunching::test_launch_app_with_scene_context_3de 
[gw6] [  4%] PASSED tests/unit/test_common_view_behavior.py::TestCommonViewBehavior::test_focus_policy_consistency[threede_grid] 
[gw14] [  4%] PASSED tests/unit/test_launcher_controller.py::TestApplicationLaunching::test_launch_app_with_scene_context_3de 
tests/unit/test_cache_manager.py::TestThreeDECaching::test_get_cached_threede_scenes_corrupted 
[gw3] [  4%] PASSED tests/unit/test_cache_manager.py::TestThreeDECaching::test_get_cached_threede_scenes_corrupted 
tests/unit/test_command_launcher.py::TestCommandLauncher::test_launch_nuke_with_undistortion 
[gw5] [  4%] PASSED tests/unit/test_command_launcher.py::TestCommandLauncher::test_launch_nuke_with_undistortion 
tests/unit/test_launcher_dialog.py::TestLauncherPreviewPanel::test_launch_button_signal 
[gw15] [  4%] PASSED tests/unit/test_launcher_dialog.py::TestLauncherPreviewPanel::test_launch_button_signal 
tests/unit/test_design_system.py::test_color_values_parametrized[error-#F44336] 
[gw8] [  4%] PASSED tests/unit/test_design_system.py::test_color_values_parametrized[error-#F44336] 
tests/unit/test_base_scene_finder.py::TestBaseSceneFinder::test_find_latest_scene_with_files 
[gw1] [  4%] PASSED tests/unit/test_base_scene_finder.py::TestBaseSceneFinder::test_find_latest_scene_with_files 
tests/unit/test_async_shot_loader.py::TestAsyncShotLoader::test_thread_cleanup 
tests/unit/test_example_best_practices.py::TestNoSleepPattern::test_with_synchronization 
[gw0] [  5%] PASSED tests/unit/test_async_shot_loader.py::TestAsyncShotLoader::test_thread_cleanup 
[gw9] [  5%] PASSED tests/unit/test_example_best_practices.py::TestNoSleepPattern::test_with_synchronization 
tests/unit/test_failure_tracker.py::TestFailureTracker::test_should_retry_after_backoff_period 
[gw10] [  5%] PASSED tests/unit/test_failure_tracker.py::TestFailureTracker::test_should_retry_after_backoff_period 
tests/unit/test_filesystem_coordinator.py::TestDirectoryCaching::test_get_directory_listing 
[gw11] [  5%] PASSED tests/unit/test_filesystem_coordinator.py::TestDirectoryCaching::test_get_directory_listing 
tests/unit/test_design_system.py::TestBorders::test_border_widths 
[gw7] [  5%] PASSED tests/unit/test_design_system.py::TestBorders::test_border_widths 
tests/unit/test_finder_utils.py::TestExtractVersion::test_custom_pattern_compiled 
[gw12] [  5%] PASSED tests/unit/test_finder_utils.py::TestExtractVersion::test_custom_pattern_compiled 
tests/unit/test_finder_utils.py::TestIsValidVfxPath::test_invalid_vfx_paths 
[gw13] [  5%] PASSED tests/unit/test_finder_utils.py::TestIsValidVfxPath::test_invalid_vfx_paths 
tests/unit/test_cache_validator.py::TestCacheValidator::test_get_cache_statistics_with_files 
[gw4] [  5%] PASSED tests/unit/test_cache_validator.py::TestCacheValidator::test_get_cache_statistics_with_files 
tests/unit/test_cache_manager.py::TestCacheManager::test_get_cached_thumbnail_not_found 
[gw2] [  5%] PASSED tests/unit/test_cache_manager.py::TestCacheManager::test_get_cached_thumbnail_not_found 
tests/unit/test_common_view_behavior.py::TestCommonViewBehavior::test_focus_policy_consistency[previous_shots] 
tests/unit/test_launcher_controller.py::TestApplicationLaunching::test_launch_app_with_scene_context_nuke 
[gw6] [  5%] PASSED tests/unit/test_common_view_behavior.py::TestCommonViewBehavior::test_focus_policy_consistency[previous_shots] 
[gw14] [  5%] PASSED tests/unit/test_launcher_controller.py::TestApplicationLaunching::test_launch_app_with_scene_context_nuke 
tests/unit/test_cache_manager.py::TestThreeDECaching::test_has_valid_threede_cache 
[gw3] [  5%] PASSED tests/unit/test_cache_manager.py::TestThreeDECaching::test_has_valid_threede_cache 
tests/unit/test_command_launcher.py::TestCommandLauncher::test_launch_3de 
[gw5] [  5%] PASSED tests/unit/test_command_launcher.py::TestCommandLauncher::test_launch_3de 
tests/unit/test_launcher_dialog.py::TestLauncherPreviewPanel::test_edit_button_signal 
[gw15] [  5%] PASSED tests/unit/test_launcher_dialog.py::TestLauncherPreviewPanel::test_edit_button_signal 
tests/unit/test_design_system.py::test_color_values_parametrized[warning-#FF9800] 
[gw8] [  5%] PASSED tests/unit/test_design_system.py::test_color_values_parametrized[warning-#FF9800] 
tests/unit/test_base_scene_finder.py::TestBaseSceneFinder::test_find_latest_scene_no_workspace 
[gw1] [  5%] PASSED tests/unit/test_base_scene_finder.py::TestBaseSceneFinder::test_find_latest_scene_no_workspace 
tests/unit/test_failure_tracker.py::TestFailureTracker::test_should_retry_exact_boundary_condition 
tests/unit/test_example_best_practices.py::TestIntegrationExample::test_complete_workflow 
[gw10] [  6%] PASSED tests/unit/test_failure_tracker.py::TestFailureTracker::test_should_retry_exact_boundary_condition 
tests/unit/test_filesystem_coordinator.py::TestDirectoryCaching::test_cache_hit_performance 
tests/unit/test_async_shot_loader.py::TestAsyncShotLoader::test_concurrent_loader_instances 
[gw0] [  6%] PASSED tests/unit/test_async_shot_loader.py::TestAsyncShotLoader::test_concurrent_loader_instances 
[gw11] [  6%] PASSED tests/unit/test_filesystem_coordinator.py::TestDirectoryCaching::test_cache_hit_performance 
tests/unit/test_cache_validator.py::TestCacheValidator::test_validate_cache_clean_state 
[gw4] [  6%] PASSED tests/unit/test_cache_validator.py::TestCacheValidator::test_validate_cache_clean_state 
tests/unit/test_finder_utils.py::TestFilterByExtensions::test_filter_case_insensitive 
[gw13] [  6%] PASSED tests/unit/test_finder_utils.py::TestFilterByExtensions::test_filter_case_insensitive 
tests/unit/test_finder_utils.py::TestExtractVersion::test_no_version_found 
[gw12] [  6%] PASSED tests/unit/test_finder_utils.py::TestExtractVersion::test_no_version_found 
tests/unit/test_design_system.py::TestBorders::test_border_radii 
[gw7] [  6%] PASSED tests/unit/test_design_system.py::TestBorders::test_border_radii 
[gw9] [  6%] PASSED tests/unit/test_example_best_practices.py::TestIntegrationExample::test_complete_workflow 
tests/unit/test_cache_manager.py::TestCacheManager::test_clear_cache 
[gw2] [  6%] PASSED tests/unit/test_cache_manager.py::TestCacheManager::test_clear_cache 
tests/unit/test_launcher_controller.py::TestApplicationLaunching::test_launch_app_failure 
tests/unit/test_common_view_behavior.py::TestCommonViewBehavior::test_show_filter_combo_exists[shot_grid] 
[gw14] [  6%] PASSED tests/unit/test_launcher_controller.py::TestApplicationLaunching::test_launch_app_failure 
[gw6] [  6%] PASSED tests/unit/test_common_view_behavior.py::TestCommonViewBehavior::test_show_filter_combo_exists[shot_grid] 
tests/unit/test_command_launcher.py::TestCommandLauncher::test_launch_3de_with_scene 
[gw5] [  6%] PASSED tests/unit/test_command_launcher.py::TestCommandLauncher::test_launch_3de_with_scene 
tests/unit/test_cache_manager.py::TestThreeDECaching::test_cache_threede_scenes_with_metadata 
[gw3] [  6%] PASSED tests/unit/test_cache_manager.py::TestThreeDECaching::test_cache_threede_scenes_with_metadata 
tests/unit/test_launcher_dialog.py::TestLauncherPreviewPanel::test_delete_button_signal 
tests/unit/test_design_system.py::test_color_values_parametrized[bg_primary-#1E1E1E] 
[gw8] [  6%] PASSED tests/unit/test_design_system.py::test_color_values_parametrized[bg_primary-#1E1E1E] 
[gw15] [  6%] PASSED tests/unit/test_launcher_dialog.py::TestLauncherPreviewPanel::test_delete_button_signal 
tests/unit/test_base_scene_finder.py::TestBaseSceneFinder::test_find_latest_scene_empty_workspace 
[gw1] [  6%] PASSED tests/unit/test_base_scene_finder.py::TestBaseSceneFinder::test_find_latest_scene_empty_workspace 
tests/unit/test_filesystem_coordinator.py::TestDirectoryCaching::test_cache_invalidation_on_change 
[gw11] [  7%] PASSED tests/unit/test_filesystem_coordinator.py::TestDirectoryCaching::test_cache_invalidation_on_change 
tests/unit/test_failure_tracker.py::TestFailureTracker::test_clear_failures_specific_key 
tests/unit/test_async_shot_loader.py::TestShotModelSignals::test_background_load_signals 
[gw10] [  7%] PASSED tests/unit/test_failure_tracker.py::TestFailureTracker::test_clear_failures_specific_key 
tests/unit/test_finder_utils.py::TestFilterByExtensions::test_filter_case_sensitive 
[gw13] [  7%] PASSED tests/unit/test_finder_utils.py::TestFilterByExtensions::test_filter_case_sensitive 
tests/unit/test_design_system.py::TestShadows::test_shadow_definitions 
tests/unit/test_cache_validator.py::TestCacheValidator::test_validate_cache_with_orphaned_files 
[gw7] [  7%] PASSED tests/unit/test_design_system.py::TestShadows::test_shadow_definitions 
[gw4] [  7%] PASSED tests/unit/test_cache_validator.py::TestCacheValidator::test_validate_cache_with_orphaned_files 
[gw0] [  7%] PASSED tests/unit/test_async_shot_loader.py::TestShotModelSignals::test_background_load_signals 
tests/unit/test_finder_utils.py::TestExtractVersion::test_multiple_versions 
tests/unit/test_launcher_controller.py::TestApplicationLaunching::test_launch_app_priority_open_latest_over_create_new 
tests/unit/test_cache_manager.py::TestCacheManager::test_thread_safety_warning 
[gw12] [  7%] PASSED tests/unit/test_finder_utils.py::TestExtractVersion::test_multiple_versions 
[gw14] [  7%] PASSED tests/unit/test_launcher_controller.py::TestApplicationLaunching::test_launch_app_priority_open_latest_over_create_new 
tests/unit/test_exr_edge_cases.py::TestCorruptedFiles::test_corrupted_exr_header 
tests/unit/test_cache_manager.py::TestThreeDECaching::test_cache_threede_scenes_empty 
[gw2] [  7%] PASSED tests/unit/test_cache_manager.py::TestCacheManager::test_thread_safety_warning 
[gw3] [  7%] PASSED tests/unit/test_cache_manager.py::TestThreeDECaching::test_cache_threede_scenes_empty 
tests/unit/test_command_launcher.py::TestCommandLauncher::test_launch_maya 
[gw5] [  7%] PASSED tests/unit/test_command_launcher.py::TestCommandLauncher::test_launch_maya 
tests/unit/test_common_view_behavior.py::TestCommonViewBehavior::test_show_filter_combo_exists[threede_grid] 
[gw6] [  7%] PASSED tests/unit/test_common_view_behavior.py::TestCommonViewBehavior::test_show_filter_combo_exists[threede_grid] 
tests/unit/test_design_system.py::test_font_sizes_in_range[size_h1-20-30] 
[gw8] [  7%] PASSED tests/unit/test_design_system.py::test_font_sizes_in_range[size_h1-20-30] 
tests/unit/test_filesystem_coordinator.py::TestDirectoryCaching::test_cache_ttl_expiration 
[gw11] [  7%] PASSED tests/unit/test_filesystem_coordinator.py::TestDirectoryCaching::test_cache_ttl_expiration 
tests/unit/test_base_scene_finder.py::TestBaseSceneFinder::test_find_all_scenes 
tests/unit/test_design_system.py::TestShadows::test_shadow_elevation_progression 
[gw1] [  7%] PASSED tests/unit/test_base_scene_finder.py::TestBaseSceneFinder::test_find_all_scenes 
[gw7] [  7%] PASSED tests/unit/test_design_system.py::TestShadows::test_shadow_elevation_progression 
tests/unit/test_finder_utils.py::TestFilterByExtensions::test_empty_files_list 
tests/unit/test_launcher_dialog.py::TestLauncherPreviewPanel::test_button_signals_when_no_launcher 
[gw13] [  7%] PASSED tests/unit/test_finder_utils.py::TestFilterByExtensions::test_empty_files_list 
tests/unit/test_failure_tracker.py::TestFailureTracker::test_clear_failures_nonexistent_key 
[gw9] [  8%] PASSED tests/unit/test_exr_edge_cases.py::TestCorruptedFiles::test_corrupted_exr_header 
[gw10] [  8%] PASSED tests/unit/test_failure_tracker.py::TestFailureTracker::test_clear_failures_nonexistent_key 
[gw15] [  8%] PASSED tests/unit/test_launcher_dialog.py::TestLauncherPreviewPanel::test_button_signals_when_no_launcher 
tests/unit/test_cache_validator.py::TestCacheValidator::test_validate_cache_fix_orphaned_files 
[gw4] [  8%] PASSED tests/unit/test_cache_validator.py::TestCacheValidator::test_validate_cache_fix_orphaned_files 
tests/unit/test_finder_utils.py::TestBuildUserPath::test_maya_path 
[gw12] [  8%] PASSED tests/unit/test_finder_utils.py::TestBuildUserPath::test_maya_path 
tests/unit/test_async_shot_loader.py::TestShotModelSignals::test_shots_changed_signal_on_background_update 
tests/unit/test_launcher_controller.py::TestCustomLaunchers::test_execute_custom_launcher_with_shot 
[gw14] [  8%] PASSED tests/unit/test_launcher_controller.py::TestCustomLaunchers::test_execute_custom_launcher_with_shot 
[gw0] [  8%] PASSED tests/unit/test_async_shot_loader.py::TestShotModelSignals::test_shots_changed_signal_on_background_update 
tests/unit/test_cache_manager.py::TestMemoryManagement::test_evict_old_thumbnails 
tests/unit/test_command_launcher.py::TestCommandLauncher::test_launch_rv 
[gw5] [  8%] PASSED tests/unit/test_command_launcher.py::TestCommandLauncher::test_launch_rv 
tests/unit/test_cache_manager.py::TestCacheManager::test_memory_tracking 
tests/unit/test_common_view_behavior.py::TestCommonViewBehavior::test_show_filter_combo_exists[previous_shots] 
[gw2] [  8%] PASSED tests/unit/test_cache_manager.py::TestCacheManager::test_memory_tracking 
[gw6] [  8%] PASSED tests/unit/test_common_view_behavior.py::TestCommonViewBehavior::test_show_filter_combo_exists[previous_shots] 
tests/unit/test_design_system.py::test_font_sizes_in_range[size_body-12-16] 
[gw8] [  8%] PASSED tests/unit/test_design_system.py::test_font_sizes_in_range[size_body-12-16] 
tests/unit/test_design_system.py::TestAnimation::test_duration_values 
[gw7] [  8%] PASSED tests/unit/test_design_system.py::TestAnimation::test_duration_values 
tests/unit/test_filesystem_coordinator.py::TestDirectoryCaching::test_nonexistent_directory 
[gw11] [  8%] PASSED tests/unit/test_filesystem_coordinator.py::TestDirectoryCaching::test_nonexistent_directory 
tests/unit/test_exr_edge_cases.py::TestCorruptedFiles::test_empty_exr_file 
tests/unit/test_failure_tracker.py::TestFailureTracker::test_clear_all_failures 
[gw10] [  8%] PASSED tests/unit/test_failure_tracker.py::TestFailureTracker::test_clear_all_failures 
tests/unit/test_launcher_dialog.py::TestLauncherEditDialog::test_create_mode_initialization 
tests/unit/test_finder_utils.py::TestFilterByExtensions::test_no_matching_extensions 
[gw13] [  8%] PASSED tests/unit/test_finder_utils.py::TestFilterByExtensions::test_no_matching_extensions 
tests/unit/test_base_scene_finder.py::TestBaseSceneFinder::test_find_all_scenes_include_unversioned 
[gw15] [  8%] PASSED tests/unit/test_launcher_dialog.py::TestLauncherEditDialog::test_create_mode_initialization 
[gw1] [  9%] PASSED tests/unit/test_base_scene_finder.py::TestBaseSceneFinder::test_find_all_scenes_include_unversioned 
tests/unit/test_launcher_controller.py::TestCustomLaunchers::test_execute_custom_launcher_with_scene 
[gw14] [  9%] PASSED tests/unit/test_launcher_controller.py::TestCustomLaunchers::test_execute_custom_launcher_with_scene 
tests/unit/test_finder_utils.py::TestBuildUserPath::test_nuke_path 
tests/unit/test_cache_validator.py::TestCacheValidator::test_validate_cache_missing_directory_create 
[gw12] [  9%] PASSED tests/unit/test_finder_utils.py::TestBuildUserPath::test_nuke_path 
[gw4] [  9%] PASSED tests/unit/test_cache_validator.py::TestCacheValidator::test_validate_cache_missing_directory_create 
tests/unit/test_base_asset_finder.py::TestBaseAssetFinder::test_initialization 
[gw0] [  9%] PASSED tests/unit/test_base_asset_finder.py::TestBaseAssetFinder::test_initialization 
[gw3] [  9%] PASSED tests/unit/test_cache_manager.py::TestMemoryManagement::test_evict_old_thumbnails 
tests/unit/test_command_launcher.py::TestCommandLauncher::test_no_shot_context_error 
[gw5] [  9%] PASSED tests/unit/test_command_launcher.py::TestCommandLauncher::test_no_shot_context_error 
tests/unit/test_cache_manager.py::TestCacheManager::test_cache_persistence_across_instances 
[gw2] [  9%] PASSED tests/unit/test_cache_manager.py::TestCacheManager::test_cache_persistence_across_instances 
tests/unit/test_common_view_behavior.py::TestCommonViewBehavior::test_loading_indicators_exist[shot_grid] 
[gw6] [  9%] PASSED tests/unit/test_common_view_behavior.py::TestCommonViewBehavior::test_loading_indicators_exist[shot_grid] 
[gw9] [  9%] PASSED tests/unit/test_exr_edge_cases.py::TestCorruptedFiles::test_empty_exr_file 
tests/unit/test_design_system.py::test_font_sizes_in_range[size_tiny-9-12] 
[gw8] [  9%] PASSED tests/unit/test_design_system.py::test_font_sizes_in_range[size_tiny-9-12] 
tests/unit/test_design_system.py::TestAnimation::test_easing_functions 
[gw7] [  9%] PASSED tests/unit/test_design_system.py::TestAnimation::test_easing_functions 
tests/unit/test_finder_utils.py::TestGetRelativePath::test_valid_relative_path 
[gw13] [  9%] PASSED tests/unit/test_finder_utils.py::TestGetRelativePath::test_valid_relative_path 
tests/unit/test_filesystem_coordinator.py::TestDirectoryCaching::test_empty_directory 
[gw11] [  9%] PASSED tests/unit/test_filesystem_coordinator.py::TestDirectoryCaching::test_empty_directory 
tests/unit/test_failure_tracker.py::TestFailureTracker::test_clear_all_failures_when_empty 
[gw10] [  9%] PASSED tests/unit/test_failure_tracker.py::TestFailureTracker::test_clear_all_failures_when_empty 
tests/unit/test_cache_validator.py::TestCacheValidator::test_validate_cache_missing_directory_no_fix 
[gw4] [  9%] PASSED tests/unit/test_cache_validator.py::TestCacheValidator::test_validate_cache_missing_directory_no_fix 
tests/unit/test_finder_utils.py::TestBuildUserPath::test_3de_special_path 
[gw12] [  9%] PASSED tests/unit/test_finder_utils.py::TestBuildUserPath::test_3de_special_path 
tests/unit/test_base_scene_finder.py::TestBaseSceneFinder::test_multiple_users 
[gw1] [ 10%] PASSED tests/unit/test_base_scene_finder.py::TestBaseSceneFinder::test_multiple_users 
tests/unit/test_launcher_controller.py::TestCustomLaunchers::test_execute_custom_launcher_no_context 
tests/unit/test_launcher_dialog.py::TestLauncherEditDialog::test_edit_mode_initialization 
[gw14] [ 10%] PASSED tests/unit/test_launcher_controller.py::TestCustomLaunchers::test_execute_custom_launcher_no_context 
[gw15] [ 10%] PASSED tests/unit/test_launcher_dialog.py::TestLauncherEditDialog::test_edit_mode_initialization 
tests/unit/test_command_launcher.py::TestCommandLauncher::test_subprocess_failure 
[gw5] [ 10%] PASSED tests/unit/test_command_launcher.py::TestCommandLauncher::test_subprocess_failure 
tests/unit/test_cache_manager.py::TestMemoryManagement::test_get_memory_usage 
tests/unit/test_cache_manager.py::TestCacheManager::test_corrupted_cache_handling 
[gw2] [ 10%] PASSED tests/unit/test_cache_manager.py::TestCacheManager::test_corrupted_cache_handling 
tests/unit/test_base_asset_finder.py::TestBaseAssetFinder::test_find_assets_basic 
[gw0] [ 10%] PASSED tests/unit/test_base_asset_finder.py::TestBaseAssetFinder::test_find_assets_basic 
[gw3] [ 10%] PASSED tests/unit/test_cache_manager.py::TestMemoryManagement::test_get_memory_usage 
tests/unit/test_common_view_behavior.py::TestCommonViewBehavior::test_loading_indicators_exist[threede_grid] 
[gw6] [ 10%] PASSED tests/unit/test_common_view_behavior.py::TestCommonViewBehavior::test_loading_indicators_exist[threede_grid] 
tests/unit/test_exr_edge_cases.py::TestCorruptedFiles::test_truncated_exr_file 
tests/unit/test_design_system.py::test_animation_durations[duration_instant-100] 
[gw8] [ 10%] PASSED tests/unit/test_design_system.py::test_animation_durations[duration_instant-100] 
tests/unit/test_design_system.py::TestDesignSystem::test_initialization 
[gw7] [ 10%] PASSED tests/unit/test_design_system.py::TestDesignSystem::test_initialization 
tests/unit/test_filesystem_coordinator.py::TestSharedCaching::test_multiple_models_share_cache 
[gw11] [ 10%] PASSED tests/unit/test_filesystem_coordinator.py::TestSharedCaching::test_multiple_models_share_cache 
tests/unit/test_finder_utils.py::TestGetRelativePath::test_no_common_base_returns_original 
[gw13] [ 10%] PASSED tests/unit/test_finder_utils.py::TestGetRelativePath::test_no_common_base_returns_original 
tests/unit/test_failure_tracker.py::TestFailureTracker::test_cleanup_old_failures 
[gw10] [ 10%] PASSED tests/unit/test_failure_tracker.py::TestFailureTracker::test_cleanup_old_failures 
tests/unit/test_finder_utils.py::TestBuildUserPath::test_custom_subdir 
[gw12] [ 10%] PASSED tests/unit/test_finder_utils.py::TestBuildUserPath::test_custom_subdir 
tests/unit/test_cache_validator.py::TestCacheValidator::test_validate_memory_tracking_integration 
[gw4] [ 10%] PASSED tests/unit/test_cache_validator.py::TestCacheValidator::test_validate_memory_tracking_integration 
tests/unit/test_launcher_dialog.py::TestLauncherEditDialog::test_conda_environment_population 
[gw15] [ 10%] PASSED tests/unit/test_launcher_dialog.py::TestLauncherEditDialog::test_conda_environment_population 
tests/unit/test_launcher_controller.py::TestCustomLaunchers::test_execute_custom_launcher_not_found 
[gw14] [ 11%] PASSED tests/unit/test_launcher_controller.py::TestCustomLaunchers::test_execute_custom_launcher_not_found 
[gw9] [ 11%] PASSED tests/unit/test_exr_edge_cases.py::TestCorruptedFiles::test_truncated_exr_file 
tests/unit/test_command_launcher.py::TestCommandLauncher::test_persistent_terminal_usage 
[gw5] [ 11%] PASSED tests/unit/test_command_launcher.py::TestCommandLauncher::test_persistent_terminal_usage 
tests/unit/test_base_scene_finder.py::TestBaseSceneFinder::test_subdirectory_search 
[gw1] [ 11%] PASSED tests/unit/test_base_scene_finder.py::TestBaseSceneFinder::test_subdirectory_search 
tests/unit/test_cache_manager.py::TestCacheManager::test_cache_size_limit[medium_load] 
[gw2] [ 11%] PASSED tests/unit/test_cache_manager.py::TestCacheManager::test_cache_size_limit[medium_load] 
tests/unit/test_cache_manager.py::TestCacheValidation::test_validate_cache 
tests/unit/test_common_view_behavior.py::TestCommonViewBehavior::test_loading_indicators_exist[previous_shots] 
[gw6] [ 11%] PASSED tests/unit/test_common_view_behavior.py::TestCommonViewBehavior::test_loading_indicators_exist[previous_shots] 
tests/unit/test_base_asset_finder.py::TestBaseAssetFinder::test_find_assets_with_type_filter 
[gw0] [ 11%] PASSED tests/unit/test_base_asset_finder.py::TestBaseAssetFinder::test_find_assets_with_type_filter 
tests/unit/test_design_system.py::TestDesignSystem::test_get_stylesheet_structure 
[gw7] [ 11%] PASSED tests/unit/test_design_system.py::TestDesignSystem::test_get_stylesheet_structure 
[gw3] [ 11%] PASSED tests/unit/test_cache_manager.py::TestCacheValidation::test_validate_cache 
tests/unit/test_design_system.py::test_animation_durations[duration_fast-200] 
[gw8] [ 11%] PASSED tests/unit/test_design_system.py::test_animation_durations[duration_fast-200] 
tests/unit/test_finder_utils.py::TestGetRelativePath::test_same_path 
[gw13] [ 11%] PASSED tests/unit/test_finder_utils.py::TestGetRelativePath::test_same_path 
tests/unit/test_filesystem_coordinator.py::TestSharedCaching::test_concurrent_access_same_directory 
tests/unit/test_failure_tracker.py::TestFailureTracker::test_automatic_cleanup_trigger 
[gw10] [ 11%] PASSED tests/unit/test_failure_tracker.py::TestFailureTracker::test_automatic_cleanup_trigger 
[gw11] [ 11%] PASSED tests/unit/test_filesystem_coordinator.py::TestSharedCaching::test_concurrent_access_same_directory 
tests/unit/test_finder_utils.py::TestBuildUserPath::test_3de_ignores_subdir 
[gw12] [ 11%] PASSED tests/unit/test_finder_utils.py::TestBuildUserPath::test_3de_ignores_subdir 
tests/unit/test_cache_validator.py::TestCacheValidator::test_repair_cache_comprehensive 
[gw4] [ 11%] PASSED tests/unit/test_cache_validator.py::TestCacheValidator::test_repair_cache_comprehensive 
tests/unit/test_launcher_controller.py::TestCustomLaunchers::test_execute_custom_launcher_failure 
tests/unit/test_launcher_dialog.py::TestLauncherEditDialog::test_name_validation_empty 
[gw14] [ 11%] PASSED tests/unit/test_launcher_controller.py::TestCustomLaunchers::test_execute_custom_launcher_failure 
tests/unit/test_exr_edge_cases.py::TestPermissionErrors::test_no_read_permission 
[gw15] [ 12%] PASSED tests/unit/test_launcher_dialog.py::TestLauncherEditDialog::test_name_validation_empty 
tests/unit/test_base_scene_finder.py::TestBaseSceneFinder::test_filter_autosave_files 
[gw1] [ 12%] PASSED tests/unit/test_base_scene_finder.py::TestBaseSceneFinder::test_filter_autosave_files 
tests/unit/test_command_launcher.py::TestCommandLauncher::test_persistent_terminal_unavailable 
[gw5] [ 12%] PASSED tests/unit/test_command_launcher.py::TestCommandLauncher::test_persistent_terminal_unavailable 
tests/unit/test_cache_manager.py::TestCacheManager::test_cache_size_limit[high_load_performance] 
[gw2] [ 12%] PASSED tests/unit/test_cache_manager.py::TestCacheManager::test_cache_size_limit[high_load_performance] 
tests/unit/test_concurrent_optimizations.py::TestConcurrentOperations::test_concurrent_refresh_operations 
[gw6] [ 12%] PASSED tests/unit/test_concurrent_optimizations.py::TestConcurrentOperations::test_concurrent_refresh_operations 
[gw9] [ 12%] PASSED tests/unit/test_exr_edge_cases.py::TestPermissionErrors::test_no_read_permission 
tests/unit/test_base_asset_finder.py::TestBaseAssetFinder::test_find_assets_with_cache 
tests/unit/test_cache_manager.py::TestCacheValidation::test_clear_cache 
[gw0] [ 12%] PASSED tests/unit/test_base_asset_finder.py::TestBaseAssetFinder::test_find_assets_with_cache 
tests/unit/test_finder_utils.py::TestFindFilesRecursive::test_find_files_no_depth_limit 
[gw13] [ 12%] PASSED tests/unit/test_finder_utils.py::TestFindFilesRecursive::test_find_files_no_depth_limit 
tests/unit/test_design_system.py::TestDesignSystem::test_get_stylesheet_button_states 
[gw7] [ 12%] PASSED tests/unit/test_design_system.py::TestDesignSystem::test_get_stylesheet_button_states 
tests/unit/test_design_system.py::test_animation_durations[duration_normal-300] 
[gw8] [ 12%] PASSED tests/unit/test_design_system.py::test_animation_durations[duration_normal-300] 
tests/unit/test_failure_tracker.py::TestFailureTracker::test_custom_configuration 
[gw10] [ 12%] PASSED tests/unit/test_failure_tracker.py::TestFailureTracker::test_custom_configuration 
tests/unit/test_filesystem_coordinator.py::TestCacheInvalidation::test_invalidate_single_path 
[gw3] [ 12%] PASSED tests/unit/test_cache_manager.py::TestCacheValidation::test_clear_cache 
[gw11] [ 12%] PASSED tests/unit/test_filesystem_coordinator.py::TestCacheInvalidation::test_invalidate_single_path 
tests/unit/test_finder_utils.py::TestFindLatestByVersion::test_find_latest_from_versioned_files 
[gw12] [ 12%] PASSED tests/unit/test_finder_utils.py::TestFindLatestByVersion::test_find_latest_from_versioned_files 
tests/unit/test_cache_validator.py::TestCacheValidator::test_clean_empty_directories 
[gw4] [ 12%] PASSED tests/unit/test_cache_validator.py::TestCacheValidator::test_clean_empty_directories 
tests/unit/test_launcher_dialog.py::TestLauncherEditDialog::test_name_validation_valid 
tests/unit/test_launcher_controller.py::TestCustomLaunchers::test_update_launcher_menu_no_manager 
[gw14] [ 12%] PASSED tests/unit/test_launcher_controller.py::TestCustomLaunchers::test_update_launcher_menu_no_manager 
[gw15] [ 12%] PASSED tests/unit/test_launcher_dialog.py::TestLauncherEditDialog::test_name_validation_valid 
tests/unit/test_command_launcher.py::TestCommandLauncherSignals::test_signal_data_format 
[gw5] [ 13%] PASSED tests/unit/test_command_launcher.py::TestCommandLauncherSignals::test_signal_data_format 
tests/unit/test_base_scene_finder.py::TestBaseSceneFinder::test_filter_by_pattern 
[gw1] [ 13%] PASSED tests/unit/test_base_scene_finder.py::TestBaseSceneFinder::test_filter_by_pattern 
tests/unit/test_cache_manager.py::TestCacheManager::test_cache_size_limit[stress_test] 
[gw2] [ 13%] PASSED tests/unit/test_cache_manager.py::TestCacheManager::test_cache_size_limit[stress_test] 
tests/unit/test_exr_edge_cases.py::TestPermissionErrors::test_directory_no_execute_permission 
tests/unit/test_concurrent_optimizations.py::TestConcurrentOperations::test_concurrent_initialize_async_calls 
[gw6] [ 13%] PASSED tests/unit/test_concurrent_optimizations.py::TestConcurrentOperations::test_concurrent_initialize_async_calls 
tests/unit/test_finder_utils.py::TestFindFilesRecursive::test_find_files_with_depth_limit 
tests/unit/test_failure_tracker.py::TestFailureTracker::test_thread_safety_concurrent_failures 
[gw13] [ 13%] PASSED tests/unit/test_finder_utils.py::TestFindFilesRecursive::test_find_files_with_depth_limit 
tests/unit/test_base_asset_finder.py::TestBaseAssetFinder::test_find_assets_nonexistent_workspace 
[gw0] [ 13%] PASSED tests/unit/test_base_asset_finder.py::TestBaseAssetFinder::test_find_assets_nonexistent_workspace 
[gw10] [ 13%] PASSED tests/unit/test_failure_tracker.py::TestFailureTracker::test_thread_safety_concurrent_failures 
tests/unit/test_design_system.py::TestDesignSystem::test_get_stylesheet_uses_design_tokens 
[gw7] [ 13%] PASSED tests/unit/test_design_system.py::TestDesignSystem::test_get_stylesheet_uses_design_tokens 
tests/unit/test_design_system.py::test_animation_durations[duration_slow-500] 
tests/unit/test_cache_manager.py::TestCacheValidation::test_shutdown 
[gw8] [ 13%] PASSED tests/unit/test_design_system.py::test_animation_durations[duration_slow-500] 
[gw3] [ 13%] PASSED tests/unit/test_cache_manager.py::TestCacheValidation::test_shutdown 
tests/unit/test_filesystem_coordinator.py::TestCacheInvalidation::test_invalidate_all_cache 
tests/unit/test_finder_utils.py::TestFindLatestByVersion::test_empty_list_returns_none 
[gw12] [ 13%] PASSED tests/unit/test_finder_utils.py::TestFindLatestByVersion::test_empty_list_returns_none 
[gw11] [ 13%] PASSED tests/unit/test_filesystem_coordinator.py::TestCacheInvalidation::test_invalidate_all_cache 
[gw9] [ 13%] PASSED tests/unit/test_exr_edge_cases.py::TestPermissionErrors::test_directory_no_execute_permission 
tests/unit/test_cache_validator.py::TestCacheValidator::test_clean_empty_directories_nonexistent_cache 
[gw4] [ 13%] PASSED tests/unit/test_cache_validator.py::TestCacheValidator::test_clean_empty_directories_nonexistent_cache 
tests/unit/test_common_view_behavior.py::TestCommonViewBehavior::test_wheel_event_resizing[shot_grid] 
tests/unit/test_launcher_dialog.py::TestLauncherEditDialog::test_name_validation_duplicate 
tests/unit/test_launcher_controller.py::TestCustomLaunchers::test_update_launcher_menu_with_launchers 
[gw14] [ 13%] PASSED tests/unit/test_launcher_controller.py::TestCustomLaunchers::test_update_launcher_menu_with_launchers 
tests/unit/test_base_scene_finder.py::TestBaseSceneFinder::test_group_by_user 
[gw1] [ 13%] PASSED tests/unit/test_base_scene_finder.py::TestBaseSceneFinder::test_group_by_user 
[gw15] [ 14%] PASSED tests/unit/test_launcher_dialog.py::TestLauncherEditDialog::test_name_validation_duplicate 
[gw5] [ 14%] PASSED tests/unit/test_common_view_behavior.py::TestCommonViewBehavior::test_wheel_event_resizing[shot_grid] 
tests/unit/test_cache_manager.py::TestCacheManager::test_cache_update_timestamp 
[gw2] [ 14%] PASSED tests/unit/test_cache_manager.py::TestCacheManager::test_cache_update_timestamp 
tests/unit/test_failure_tracker.py::TestFailureTracker::test_thread_safety_concurrent_should_retry 
[gw10] [ 14%] PASSED tests/unit/test_failure_tracker.py::TestFailureTracker::test_thread_safety_concurrent_should_retry 
tests/unit/test_finder_utils.py::TestFindFilesRecursive::test_nonexistent_root_returns_empty 
[gw13] [ 14%] PASSED tests/unit/test_finder_utils.py::TestFindFilesRecursive::test_nonexistent_root_returns_empty 
tests/unit/test_cache_manager.py::TestThreadSafety::test_thread_safety_lock_exists 
[gw3] [ 14%] PASSED tests/unit/test_cache_manager.py::TestThreadSafety::test_thread_safety_lock_exists 
tests/unit/test_concurrent_optimizations.py::TestConcurrentOperations::test_cleanup_during_background_load 
tests/unit/test_design_system.py::TestDesignSystem::test_get_component_style_card_variants 
[gw7] [ 14%] PASSED tests/unit/test_design_system.py::TestDesignSystem::test_get_component_style_card_variants 
tests/unit/test_finder_utils.py::TestFindLatestByVersion::test_no_versioned_files_returns_none 
[gw12] [ 14%] PASSED tests/unit/test_finder_utils.py::TestFindLatestByVersion::test_no_versioned_files_returns_none 
tests/unit/test_design_system.py::test_stylesheet_is_not_empty 
[gw8] [ 14%] PASSED tests/unit/test_design_system.py::test_stylesheet_is_not_empty 
tests/unit/test_filesystem_coordinator.py::TestCacheInvalidation::test_share_discovered_paths 
[gw11] [ 14%] PASSED tests/unit/test_filesystem_coordinator.py::TestCacheInvalidation::test_share_discovered_paths 
tests/unit/test_exr_edge_cases.py::TestPermissionErrors::test_cache_dir_not_writable 
tests/unit/test_base_asset_finder.py::TestBaseAssetFinder::test_find_latest_asset 
[gw0] [ 14%] PASSED tests/unit/test_base_asset_finder.py::TestBaseAssetFinder::test_find_latest_asset 
tests/unit/test_cache_validator.py::TestCacheValidator::test_analyze_cache_efficiency_high_usage 
[gw4] [ 14%] SKIPPED tests/unit/test_cache_validator.py::TestCacheValidator::test_analyze_cache_efficiency_high_usage 
tests/unit/test_cache_validator.py::TestCacheValidator::test_analyze_cache_efficiency_low_usage 
[gw4] [ 14%] SKIPPED tests/unit/test_cache_validator.py::TestCacheValidator::test_analyze_cache_efficiency_low_usage 
tests/unit/test_cache_validator.py::TestCacheValidator::test_analyze_cache_efficiency_large_files 
[gw4] [ 14%] SKIPPED tests/unit/test_cache_validator.py::TestCacheValidator::test_analyze_cache_efficiency_large_files 
tests/unit/test_cache_validator.py::TestCacheValidator::test_validate_cache_error_handling 
[gw4] [ 14%] PASSED tests/unit/test_cache_validator.py::TestCacheValidator::test_validate_cache_error_handling 
tests/unit/test_launcher_controller.py::TestCustomLaunchers::test_update_launcher_menu_single_category 
[gw14] [ 14%] PASSED tests/unit/test_launcher_controller.py::TestCustomLaunchers::test_update_launcher_menu_single_category 
tests/unit/test_launcher_dialog.py::TestLauncherEditDialog::test_name_validation_duplicate_self_edit 
tests/unit/test_common_view_behavior.py::TestCommonViewBehavior::test_wheel_event_resizing[threede_grid] 
[gw9] [ 14%] PASSED tests/unit/test_exr_edge_cases.py::TestPermissionErrors::test_cache_dir_not_writable 
[gw5] [ 15%] PASSED tests/unit/test_common_view_behavior.py::TestCommonViewBehavior::test_wheel_event_resizing[threede_grid] 
tests/unit/test_base_scene_finder.py::TestBaseSceneFinder::test_validate_workspace_none 
[gw1] [ 15%] PASSED tests/unit/test_base_scene_finder.py::TestBaseSceneFinder::test_validate_workspace_none 
[gw15] [ 15%] PASSED tests/unit/test_launcher_dialog.py::TestLauncherEditDialog::test_name_validation_duplicate_self_edit 
tests/unit/test_cache_manager.py::TestCacheManagerIntegration::test_integration_with_shot_model 
tests/unit/test_failure_tracker.py::TestFailureTracker::test_thread_safety_mixed_operations 
tests/unit/test_finder_utils.py::TestFindFilesRecursive::test_complex_pattern 
[gw13] [ 15%] PASSED tests/unit/test_finder_utils.py::TestFindFilesRecursive::test_complex_pattern 
tests/unit/test_cache_manager.py::TestEdgeCases::test_cache_nonexistent_file 
[gw2] [ 15%] PASSED tests/unit/test_cache_manager.py::TestCacheManagerIntegration::test_integration_with_shot_model 
tests/unit/test_design_system.py::test_stylesheet_valid_css_syntax 
[gw8] [ 15%] PASSED tests/unit/test_design_system.py::test_stylesheet_valid_css_syntax 
tests/unit/test_design_system.py::TestDesignSystem::test_get_component_style_button_variants 
[gw7] [ 15%] PASSED tests/unit/test_design_system.py::TestDesignSystem::test_get_component_style_button_variants 
[gw3] [ 15%] PASSED tests/unit/test_cache_manager.py::TestEdgeCases::test_cache_nonexistent_file 
tests/unit/test_finder_utils.py::TestFindLatestByVersion::test_mixed_versioned_and_unversioned 
[gw12] [ 15%] PASSED tests/unit/test_finder_utils.py::TestFindLatestByVersion::test_mixed_versioned_and_unversioned 
tests/unit/test_filesystem_coordinator.py::TestAdditionalMethods::test_find_files_with_extension 
[gw11] [ 15%] PASSED tests/unit/test_filesystem_coordinator.py::TestAdditionalMethods::test_find_files_with_extension 
[gw10] [ 15%] PASSED tests/unit/test_failure_tracker.py::TestFailureTracker::test_thread_safety_mixed_operations 
tests/unit/test_base_asset_finder.py::TestBaseAssetFinder::test_find_latest_asset_no_version_pattern 
[gw0] [ 15%] PASSED tests/unit/test_base_asset_finder.py::TestBaseAssetFinder::test_find_latest_asset_no_version_pattern 
tests/unit/test_cache_validator.py::TestCacheValidator::test_validate_cache_integration_with_real_tracking 
[gw4] [ 15%] PASSED tests/unit/test_cache_validator.py::TestCacheValidator::test_validate_cache_integration_with_real_tracking 
tests/unit/test_common_view_behavior.py::TestCommonViewBehavior::test_wheel_event_resizing[previous_shots] 
[gw5] [ 15%] PASSED tests/unit/test_common_view_behavior.py::TestCommonViewBehavior::test_wheel_event_resizing[previous_shots] 
tests/unit/test_launcher_controller.py::TestCustomLaunchers::test_update_launcher_menu_no_launchers 
[gw14] [ 15%] PASSED tests/unit/test_launcher_controller.py::TestCustomLaunchers::test_update_launcher_menu_no_launchers 
tests/unit/test_exr_edge_cases.py::TestUnusualFormats::test_unusual_filenames[UPPERCASE.EXR-EXR] 
tests/unit/test_base_scene_finder.py::TestBaseSceneFinder::test_validate_workspace_empty_string 
tests/unit/test_design_system.py::test_all_colors_are_valid_hex_or_rgba 
[gw1] [ 15%] PASSED tests/unit/test_base_scene_finder.py::TestBaseSceneFinder::test_validate_workspace_empty_string 
[gw8] [ 16%] PASSED tests/unit/test_design_system.py::test_all_colors_are_valid_hex_or_rgba 
tests/unit/test_launcher_controller.py::TestLauncherControllerBasics::test_initialization 
[gw6] [ 16%] PASSED tests/unit/test_concurrent_optimizations.py::TestConcurrentOperations::test_cleanup_during_background_load 
tests/unit/test_launcher_dialog.py::TestLauncherEditDialog::test_command_validation_empty 
tests/unit/test_cache_manager.py::TestCacheManagerIntegration::test_concurrent_cache_access 
[gw15] [ 16%] PASSED tests/unit/test_launcher_dialog.py::TestLauncherEditDialog::test_command_validation_empty 
[gw2] [ 16%] PASSED tests/unit/test_cache_manager.py::TestCacheManagerIntegration::test_concurrent_cache_access 
tests/unit/test_cache_manager.py::TestEdgeCases::test_cache_invalid_image 
tests/unit/test_design_system.py::TestDesignSystem::test_get_component_style_invalid_component 
[gw7] [ 16%] PASSED tests/unit/test_design_system.py::TestDesignSystem::test_get_component_style_invalid_component 
tests/unit/test_finder_utils.py::TestFindLatestByVersion::test_custom_version_pattern 
tests/unit/test_failure_tracker.py::TestFailureTracker::test_get_failure_status_returns_copy 
[gw12] [ 16%] PASSED tests/unit/test_finder_utils.py::TestFindLatestByVersion::test_custom_version_pattern 
[gw10] [ 16%] PASSED tests/unit/test_failure_tracker.py::TestFailureTracker::test_get_failure_status_returns_copy 
tests/unit/test_filesystem_coordinator.py::TestAdditionalMethods::test_find_files_recursive 
[gw11] [ 16%] PASSED tests/unit/test_filesystem_coordinator.py::TestAdditionalMethods::test_find_files_recursive 
[gw9] [ 16%] PASSED tests/unit/test_exr_edge_cases.py::TestUnusualFormats::test_unusual_filenames[UPPERCASE.EXR-EXR] 
[gw3] [ 16%] PASSED tests/unit/test_cache_manager.py::TestEdgeCases::test_cache_invalid_image 
tests/unit/test_cache_validator.py::TestCacheValidator::test_directory_structure_validation_complex 
[gw4] [ 16%] PASSED tests/unit/test_cache_validator.py::TestCacheValidator::test_directory_structure_validation_complex 
tests/unit/test_base_asset_finder.py::TestBaseAssetFinder::test_find_latest_asset_not_found 
[gw0] [ 16%] PASSED tests/unit/test_base_asset_finder.py::TestBaseAssetFinder::test_find_latest_asset_not_found 
tests/unit/test_common_view_behavior.py::TestCommonViewBehavior::test_context_menu_exists[shot_grid] 
[gw5] [ 16%] PASSED tests/unit/test_common_view_behavior.py::TestCommonViewBehavior::test_context_menu_exists[shot_grid] 
tests/unit/test_launcher_controller.py::TestCustomLaunchers::test_update_custom_launcher_buttons 
[gw14] [ 16%] PASSED tests/unit/test_launcher_controller.py::TestCustomLaunchers::test_update_custom_launcher_buttons 
tests/unit/test_concurrent_optimizations.py::TestConcurrentOperations::test_memory_pressure_simulation 
tests/unit/test_base_scene_finder.py::TestBaseSceneFinder::test_validate_workspace_valid 
[gw1] [ 16%] PASSED tests/unit/test_base_scene_finder.py::TestBaseSceneFinder::test_validate_workspace_valid 
tests/unit/test_error_recovery_optimized.py::TestErrorRecovery::test_network_failure_recovery 
tests/unit/test_launcher_dialog.py::TestLauncherEditDialog::test_command_validation_valid 
tests/unit/test_filesystem_coordinator.py::TestAdditionalMethods::test_get_cache_stats 
[gw8] [ 16%] PASSED tests/unit/test_error_recovery_optimized.py::TestErrorRecovery::test_network_failure_recovery 
[gw6] [ 17%] PASSED tests/unit/test_concurrent_optimizations.py::TestConcurrentOperations::test_memory_pressure_simulation 
[gw11] [ 17%] PASSED tests/unit/test_filesystem_coordinator.py::TestAdditionalMethods::test_get_cache_stats 
[gw15] [ 17%] PASSED tests/unit/test_launcher_dialog.py::TestLauncherEditDialog::test_command_validation_valid 
tests/unit/test_design_system.py::TestDesignSystem::test_stylesheet_contains_all_widget_types 
tests/unit/test_cache_manager.py::TestThumbnailCacheLoader::test_thumbnail_cache_loader_initialization 
[gw7] [ 17%] PASSED tests/unit/test_design_system.py::TestDesignSystem::test_stylesheet_contains_all_widget_types 
[gw2] [ 17%] PASSED tests/unit/test_cache_manager.py::TestThumbnailCacheLoader::test_thumbnail_cache_loader_initialization 
tests/unit/test_failure_tracker.py::TestFailureTracker::test_dunder_len_method 
[gw10] [ 17%] PASSED tests/unit/test_failure_tracker.py::TestFailureTracker::test_dunder_len_method 
tests/unit/test_exr_edge_cases.py::TestUnusualFormats::test_unusual_filenames[mixed.ExR-EXR] 
tests/unit/test_finder_utils.py::TestSortByVersion::test_sort_ascending 
[gw12] [ 17%] PASSED tests/unit/test_finder_utils.py::TestSortByVersion::test_sort_ascending 
tests/unit/test_cache_manager.py::TestEdgeCases::test_cache_with_special_characters 
tests/unit/test_cache_validator.py::TestCacheValidator::test_statistics_with_nonexistent_directory 
[gw4] [ 17%] PASSED tests/unit/test_cache_validator.py::TestCacheValidator::test_statistics_with_nonexistent_directory 
[gw3] [ 17%] PASSED tests/unit/test_cache_manager.py::TestEdgeCases::test_cache_with_special_characters 
[gw9] [ 17%] PASSED tests/unit/test_exr_edge_cases.py::TestUnusualFormats::test_unusual_filenames[mixed.ExR-EXR] 
tests/unit/test_base_asset_finder.py::TestBaseAssetFinder::test_group_assets_by_type 
[gw0] [ 17%] PASSED tests/unit/test_base_asset_finder.py::TestBaseAssetFinder::test_group_assets_by_type 
tests/unit/test_common_view_behavior.py::TestCommonViewBehavior::test_context_menu_exists[threede_grid] 
[gw5] [ 17%] PASSED tests/unit/test_common_view_behavior.py::TestCommonViewBehavior::test_context_menu_exists[threede_grid] 
tests/unit/test_launcher_controller.py::TestCustomLaunchers::test_show_launcher_manager_dialog 
[gw14] [ 17%] PASSED tests/unit/test_launcher_controller.py::TestCustomLaunchers::test_show_launcher_manager_dialog 
tests/unit/test_base_scene_finder.py::TestBaseSceneFinder::test_logging_shot_name 
[gw1] [ 17%] PASSED tests/unit/test_base_scene_finder.py::TestBaseSceneFinder::test_logging_shot_name 
tests/unit/test_concurrent_optimizations.py::TestConcurrentOperations::test_signal_emission_thread_safety 
tests/unit/test_filesystem_coordinator.py::TestAdditionalMethods::test_cleanup_expired 
[gw6] [ 17%] PASSED tests/unit/test_concurrent_optimizations.py::TestConcurrentOperations::test_signal_emission_thread_safety 
[gw11] [ 17%] PASSED tests/unit/test_filesystem_coordinator.py::TestAdditionalMethods::test_cleanup_expired 
tests/unit/test_failure_tracker.py::TestFailureTracker::test_dunder_contains_method 
tests/unit/test_design_system.py::TestGlobalInstance::test_global_instance_exists 
tests/unit/test_cache_manager.py::TestThumbnailCacheLoader::test_thumbnail_cache_loader_run_success 
[gw7] [ 17%] PASSED tests/unit/test_design_system.py::TestGlobalInstance::test_global_instance_exists 
[gw10] [ 18%] PASSED tests/unit/test_failure_tracker.py::TestFailureTracker::test_dunder_contains_method 
tests/unit/test_error_recovery_optimized.py::TestErrorRecovery::test_timeout_handling 
tests/unit/test_finder_utils.py::TestSortByVersion::test_sort_descending 
[gw12] [ 18%] PASSED tests/unit/test_finder_utils.py::TestSortByVersion::test_sort_descending 
tests/unit/test_launcher_dialog.py::TestLauncherEditDialog::test_command_validation_invalid 
[gw8] [ 18%] PASSED tests/unit/test_error_recovery_optimized.py::TestErrorRecovery::test_timeout_handling 
[gw15] [ 18%] PASSED tests/unit/test_launcher_dialog.py::TestLauncherEditDialog::test_command_validation_invalid 
tests/unit/test_cache_validator.py::TestCacheValidator::test_orphaned_file_detection_with_subdirectories 
[gw4] [ 18%] PASSED tests/unit/test_cache_validator.py::TestCacheValidator::test_orphaned_file_detection_with_subdirectories 
tests/unit/test_cache_manager.py::TestEdgeCases::test_cache_with_unicode_names 
[gw2] [ 18%] PASSED tests/unit/test_cache_manager.py::TestThumbnailCacheLoader::test_thumbnail_cache_loader_run_success 
tests/unit/test_exr_edge_cases.py::TestUnusualFormats::test_unusual_filenames[with spaces.exr-EXR] 
[gw3] [ 18%] PASSED tests/unit/test_cache_manager.py::TestEdgeCases::test_cache_with_unicode_names 
tests/unit/test_common_view_behavior.py::TestCommonViewBehavior::test_context_menu_exists[previous_shots] 
[gw5] [ 18%] PASSED tests/unit/test_common_view_behavior.py::TestCommonViewBehavior::test_context_menu_exists[previous_shots] 
tests/unit/test_launcher_controller.py::TestCustomLaunchers::test_show_launcher_manager_no_manager 
[gw14] [ 18%] PASSED tests/unit/test_launcher_controller.py::TestCustomLaunchers::test_show_launcher_manager_no_manager 
tests/unit/test_base_asset_finder.py::TestBaseAssetFinder::test_group_assets_by_sequence 
[gw0] [ 18%] PASSED tests/unit/test_base_asset_finder.py::TestBaseAssetFinder::test_group_assets_by_sequence 
[gw9] [ 18%] PASSED tests/unit/test_exr_edge_cases.py::TestUnusualFormats::test_unusual_filenames[with spaces.exr-EXR] 
tests/unit/test_base_scene_finder.py::TestBaseSceneFinder::test_no_user_directory 
tests/unit/test_failure_tracker.py::TestFailureTracker::test_dunder_repr_method 
[gw1] [ 18%] PASSED tests/unit/test_base_scene_finder.py::TestBaseSceneFinder::test_no_user_directory 
[gw10] [ 18%] PASSED tests/unit/test_failure_tracker.py::TestFailureTracker::test_dunder_repr_method 
tests/unit/test_design_system.py::TestGlobalInstance::test_global_instance_initialized 
[gw7] [ 18%] PASSED tests/unit/test_design_system.py::TestGlobalInstance::test_global_instance_initialized 
tests/unit/test_filesystem_coordinator.py::TestAdditionalMethods::test_set_ttl 
[gw11] [ 18%] PASSED tests/unit/test_filesystem_coordinator.py::TestAdditionalMethods::test_set_ttl 
tests/unit/test_finder_utils.py::TestSortByVersion::test_unversioned_files_at_end 
tests/unit/test_error_recovery_optimized.py::TestErrorRecovery::test_corrupted_cache_recovery 
tests/unit/test_design_system.py::TestColorPalette::test_default_primary_colors 
[gw12] [ 18%] PASSED tests/unit/test_finder_utils.py::TestSortByVersion::test_unversioned_files_at_end 
[gw6] [ 19%] PASSED tests/unit/test_design_system.py::TestColorPalette::test_default_primary_colors 
[gw8] [ 19%] PASSED tests/unit/test_error_recovery_optimized.py::TestErrorRecovery::test_corrupted_cache_recovery 
tests/unit/test_launcher_dialog.py::TestLauncherEditDialog::test_command_testing_success 
[gw13] [ 19%] PASSED tests/unit/test_launcher_controller.py::TestLauncherControllerBasics::test_initialization 
[gw15] [ 19%] PASSED tests/unit/test_launcher_dialog.py::TestLauncherEditDialog::test_command_testing_success 
tests/unit/test_cache_validator.py::TestCacheValidator::test_comprehensive_cache_health_check 
[gw4] [ 19%] PASSED tests/unit/test_cache_validator.py::TestCacheValidator::test_comprehensive_cache_health_check 
tests/unit/test_cache_manager.py::TestThumbnailCacheLoader::test_thumbnail_cache_loader_run_failure 
[gw2] [ 19%] PASSED tests/unit/test_cache_manager.py::TestThumbnailCacheLoader::test_thumbnail_cache_loader_run_failure 
tests/unit/test_common_view_behavior.py::TestCommonViewBehavior::test_size_slider_functionality[shot_grid] 
tests/unit/test_cache_manager.py::TestCacheManagerThreading::test_thumbnail_cache_result_single_completion 
[gw3] [ 19%] PASSED tests/unit/test_cache_manager.py::TestCacheManagerThreading::test_thumbnail_cache_result_single_completion 
tests/unit/test_launcher_controller.py::TestErrorHandling::test_command_error_notification_not_found 
[gw14] [ 19%] PASSED tests/unit/test_launcher_controller.py::TestErrorHandling::test_command_error_notification_not_found 
[gw5] [ 19%] PASSED tests/unit/test_common_view_behavior.py::TestCommonViewBehavior::test_size_slider_functionality[shot_grid] 
tests/unit/test_exr_edge_cases.py::TestUnusualFormats::test_unusual_filenames[unicode_\u6587\u4ef6.exr-EXR] 
tests/unit/test_base_asset_finder.py::TestBaseAssetFinder::test_find_missing_frames 
tests/unit/test_design_system.py::TestQtIntegration::test_apply_stylesheet_to_widget 
tests/unit/test_filesystem_coordinator.py::TestErrorHandling::test_permission_denied 
[gw0] [ 19%] PASSED tests/unit/test_base_asset_finder.py::TestBaseAssetFinder::test_find_missing_frames 
tests/unit/test_design_system.py::TestColorPalette::test_default_secondary_colors 
[gw11] [ 19%] PASSED tests/unit/test_filesystem_coordinator.py::TestErrorHandling::test_permission_denied 
[gw6] [ 19%] PASSED tests/unit/test_design_system.py::TestColorPalette::test_default_secondary_colors 
tests/unit/test_failure_tracker.py::TestFailureTracker::test_cleanup_age_configuration 
[gw10] [ 19%] PASSED tests/unit/test_failure_tracker.py::TestFailureTracker::test_cleanup_age_configuration 
tests/unit/test_base_scene_finder.py::TestBaseSceneFinder::test_empty_scene_directory 
[gw1] [ 19%] PASSED tests/unit/test_base_scene_finder.py::TestBaseSceneFinder::test_empty_scene_directory 
tests/unit/test_finder_utils.py::TestSortByPriority::test_basic_priority_sorting 
[gw12] [ 19%] PASSED tests/unit/test_finder_utils.py::TestSortByPriority::test_basic_priority_sorting 
tests/unit/test_error_recovery_optimized.py::TestErrorRecovery::test_process_pool_failure_fallback 
[gw8] [ 19%] PASSED tests/unit/test_error_recovery_optimized.py::TestErrorRecovery::test_process_pool_failure_fallback 
[gw7] [ 19%] PASSED tests/unit/test_design_system.py::TestQtIntegration::test_apply_stylesheet_to_widget 
[gw9] [ 20%] PASSED tests/unit/test_exr_edge_cases.py::TestUnusualFormats::test_unusual_filenames[unicode_\u6587\u4ef6.exr-EXR] 
tests/unit/test_launcher_dialog.py::TestLauncherEditDialog::test_command_testing_failure 
tests/unit/test_launcher_controller.py::TestLauncherControllerBasics::test_set_current_shot 
[gw13] [ 20%] PASSED tests/unit/test_launcher_controller.py::TestLauncherControllerBasics::test_set_current_shot 
[gw15] [ 20%] PASSED tests/unit/test_launcher_dialog.py::TestLauncherEditDialog::test_command_testing_failure 
tests/unit/test_launcher_dialog.py::TestLauncherEditDialog::test_conda_environment_handling 
tests/unit/test_cache_manager.py::TestThumbnailCacheLoader::test_thumbnail_cache_loader_with_thread_pool 
tests/unit/test_cache_manager.py::TestCacheManagerThreading::test_thumbnail_cache_result_concurrent_completion 
[gw3] [ 20%] PASSED tests/unit/test_cache_manager.py::TestCacheManagerThreading::test_thumbnail_cache_result_concurrent_completion 
tests/unit/test_launcher_controller.py::TestErrorHandling::test_command_error_notification_permission 
[gw14] [ 20%] PASSED tests/unit/test_launcher_controller.py::TestErrorHandling::test_command_error_notification_permission 
[gw4] [ 20%] PASSED tests/unit/test_launcher_dialog.py::TestLauncherEditDialog::test_conda_environment_handling 
tests/unit/test_common_view_behavior.py::TestCommonViewBehavior::test_size_slider_functionality[threede_grid] 
[gw2] [ 20%] PASSED tests/unit/test_cache_manager.py::TestThumbnailCacheLoader::test_thumbnail_cache_loader_with_thread_pool 
tests/unit/test_failure_tracker.py::TestFailureTracker::test_max_attempts_capping 
tests/unit/test_filesystem_coordinator.py::TestErrorHandling::test_directory_deleted_after_cache 
[gw10] [ 20%] PASSED tests/unit/test_failure_tracker.py::TestFailureTracker::test_max_attempts_capping 
[gw11] [ 20%] PASSED tests/unit/test_filesystem_coordinator.py::TestErrorHandling::test_directory_deleted_after_cache 
tests/unit/test_finder_utils.py::TestSortByPriority::test_unknown_items_go_last 
[gw12] [ 20%] PASSED tests/unit/test_finder_utils.py::TestSortByPriority::test_unknown_items_go_last 
tests/unit/test_design_system.py::TestColorPalette::test_semantic_colors 
[gw6] [ 20%] PASSED tests/unit/test_design_system.py::TestColorPalette::test_semantic_colors 
tests/unit/test_error_recovery_optimized.py::TestErrorRecovery::test_async_loader_exception_handling 
[gw5] [ 20%] PASSED tests/unit/test_common_view_behavior.py::TestCommonViewBehavior::test_size_slider_functionality[threede_grid] 
[gw8] [ 20%] PASSED tests/unit/test_error_recovery_optimized.py::TestErrorRecovery::test_async_loader_exception_handling 
tests/unit/test_base_asset_finder.py::TestBaseAssetFinder::test_find_missing_frames_auto_range 
[gw0] [ 20%] PASSED tests/unit/test_base_asset_finder.py::TestBaseAssetFinder::test_find_missing_frames_auto_range 
tests/unit/test_base_scene_finder.py::TestBaseSceneFinder::test_files_without_version 
[gw1] [ 20%] PASSED tests/unit/test_base_scene_finder.py::TestBaseSceneFinder::test_files_without_version 
tests/unit/test_design_system.py::TestQtIntegration::test_apply_stylesheet_to_main_window 
tests/unit/test_launcher_controller.py::TestLauncherControllerBasics::test_set_current_shot_none 
tests/unit/test_exr_edge_cases.py::TestUnusualFormats::test_unusual_filenames[.hidden.exr-EXR] 
[gw7] [ 20%] PASSED tests/unit/test_design_system.py::TestQtIntegration::test_apply_stylesheet_to_main_window 
[gw13] [ 21%] PASSED tests/unit/test_launcher_controller.py::TestLauncherControllerBasics::test_set_current_shot_none 
tests/unit/test_launcher_dialog.py::TestLauncherEditDialog::test_command_testing_empty_command 
[gw15] [ 21%] PASSED tests/unit/test_launcher_dialog.py::TestLauncherEditDialog::test_command_testing_empty_command 
[gw9] [ 21%] PASSED tests/unit/test_exr_edge_cases.py::TestUnusualFormats::test_unusual_filenames[.hidden.exr-EXR] 
tests/unit/test_cache_manager.py::TestCacheManagerThreading::test_instance_variable_separation 
[gw3] [ 21%] PASSED tests/unit/test_cache_manager.py::TestCacheManagerThreading::test_instance_variable_separation 
tests/unit/test_launcher_controller.py::TestErrorHandling::test_command_error_notification_no_shot 
[gw14] [ 21%] PASSED tests/unit/test_launcher_controller.py::TestErrorHandling::test_command_error_notification_no_shot 
tests/unit/test_failure_tracker.py::TestFailureTracker::test_edge_case_zero_cleanup_age 
[gw10] [ 21%] PASSED tests/unit/test_failure_tracker.py::TestFailureTracker::test_edge_case_zero_cleanup_age 
tests/unit/test_filesystem_coordinator.py::TestErrorHandling::test_symbolic_links 
tests/unit/test_finder_utils.py::TestSortByPriority::test_empty_priority_list 
[gw12] [ 21%] PASSED tests/unit/test_finder_utils.py::TestSortByPriority::test_empty_priority_list 
[gw11] [ 21%] PASSED tests/unit/test_filesystem_coordinator.py::TestErrorHandling::test_symbolic_links 
tests/unit/test_cache_manager.py::TestCacheThumbnailDirect::test_cache_thumbnail_direct_success 
tests/unit/test_launcher_dialog.py::TestLauncherManagerDialog::test_initialization 
tests/unit/test_common_view_behavior.py::TestCommonViewBehavior::test_size_slider_functionality[previous_shots] 
[gw4] [ 21%] PASSED tests/unit/test_launcher_dialog.py::TestLauncherManagerDialog::test_initialization 
tests/unit/test_design_system.py::TestColorPalette::test_background_colors 
[gw6] [ 21%] PASSED tests/unit/test_design_system.py::TestColorPalette::test_background_colors 
tests/unit/test_error_recovery_optimized.py::TestErrorRecovery::test_partial_data_handling 
[gw8] [ 21%] PASSED tests/unit/test_error_recovery_optimized.py::TestErrorRecovery::test_partial_data_handling 
tests/unit/test_base_asset_finder.py::TestBaseAssetFinder::test_calculate_asset_size 
[gw0] [ 21%] PASSED tests/unit/test_base_asset_finder.py::TestBaseAssetFinder::test_calculate_asset_size 
[gw2] [ 21%] PASSED tests/unit/test_cache_manager.py::TestCacheThumbnailDirect::test_cache_thumbnail_direct_success 
[gw5] [ 21%] PASSED tests/unit/test_common_view_behavior.py::TestCommonViewBehavior::test_size_slider_functionality[previous_shots] 
tests/unit/test_launcher_controller.py::TestLauncherControllerBasics::test_set_current_scene 
[gw13] [ 21%] PASSED tests/unit/test_launcher_controller.py::TestLauncherControllerBasics::test_set_current_scene 
tests/unit/test_cache_manager.py::TestCacheManager::test_cache_manager_initialization 
[gw1] [ 21%] PASSED tests/unit/test_cache_manager.py::TestCacheManager::test_cache_manager_initialization 
tests/unit/test_design_system.py::TestQtIntegration::test_button_variants_with_qt 
[gw7] [ 21%] PASSED tests/unit/test_design_system.py::TestQtIntegration::test_button_variants_with_qt 
tests/unit/test_launcher_dialog.py::TestLauncherEditDialog::test_save_create_success 
[gw15] [ 22%] PASSED tests/unit/test_launcher_dialog.py::TestLauncherEditDialog::test_save_create_success 
tests/unit/test_exr_edge_cases.py::TestUnusualFormats::test_unusual_filenames[very_long_filename_xxxxxxxxxxxxxxxxxxxxxxxxxxxxxxxxxxxxxxxxxxxxxxxxxxxxxxxxxxxxxxxxxxxxxxxxxxxxxxxxxxxxxxxxxxxxxxxxxxxxxxxxxxxxxxxxxxxxxxxxxxxxxxxxxxxxxxxxxxxxxxxxxxxxxxxxxxxxxxxxxxxxxxxxxxxxxxxxxxxxxxxxxxxxxxxxxxxxxxxx.exr-EXR] 
tests/unit/test_cache_manager.py::TestCacheManagerThreading::test_concurrent_memory_tracking 
[gw3] [ 22%] PASSED tests/unit/test_cache_manager.py::TestCacheManagerThreading::test_concurrent_memory_tracking 
tests/unit/test_launcher_panel.py::TestLauncherPanel::test_checkbox_state_access 
tests/unit/test_main_window.py::TestApplicationLaunching::test_launch_app_without_shot_shows_error 
tests/unit/test_main_window_widgets.py::TestMainWindowErrorHandling::test_window_creation_with_no_cache_manager 
tests/unit/test_launcher_controller.py::TestErrorHandling::test_command_error_notification_generic 
[gw14] [ 22%] PASSED tests/unit/test_launcher_controller.py::TestErrorHandling::test_command_error_notification_generic 
tests/unit/test_design_system.py::TestColorPalette::test_text_colors_wcag_compliant 
[gw6] [ 22%] PASSED tests/unit/test_design_system.py::TestColorPalette::test_text_colors_wcag_compliant 
tests/unit/test_error_recovery_optimized.py::TestErrorRecovery::test_cleanup_after_error 
[gw8] [ 22%] PASSED tests/unit/test_error_recovery_optimized.py::TestErrorRecovery::test_cleanup_after_error 
[gw9] [ 22%] PASSED tests/unit/test_exr_edge_cases.py::TestUnusualFormats::test_unusual_filenames[very_long_filename_xxxxxxxxxxxxxxxxxxxxxxxxxxxxxxxxxxxxxxxxxxxxxxxxxxxxxxxxxxxxxxxxxxxxxxxxxxxxxxxxxxxxxxxxxxxxxxxxxxxxxxxxxxxxxxxxxxxxxxxxxxxxxxxxxxxxxxxxxxxxxxxxxxxxxxxxxxxxxxxxxxxxxxxxxxxxxxxxxxxxxxxxxxxxxxxxxxxxxxxx.exr-EXR] 
tests/unit/test_common_view_behavior.py::TestCommonViewBehavior::test_visibility_timer_updates[shot_grid] 
[gw5] [ 22%] PASSED tests/unit/test_common_view_behavior.py::TestCommonViewBehavior::test_visibility_timer_updates[shot_grid] 
tests/unit/test_cache_manager.py::TestCacheThumbnailDirect::test_cache_thumbnail_direct_large_image 
tests/unit/test_maya_latest_finder.py::TestEdgeCases::test_special_characters_in_paths 
[gw10] [ 22%] PASSED tests/unit/test_launcher_panel.py::TestLauncherPanel::test_checkbox_state_access 
[gw7] [ 22%] PASSED tests/unit/test_maya_latest_finder.py::TestEdgeCases::test_special_characters_in_paths 
tests/unit/test_base_asset_finder.py::TestBaseAssetFinder::test_format_size 
[gw0] [ 22%] PASSED tests/unit/test_base_asset_finder.py::TestBaseAssetFinder::test_format_size 
tests/unit/test_launcher_controller.py::TestLauncherControllerBasics::test_set_current_scene_none 
[gw13] [ 22%] PASSED tests/unit/test_launcher_controller.py::TestLauncherControllerBasics::test_set_current_scene_none 
tests/unit/test_launcher_dialog.py::TestLauncherEditDialog::test_save_update_success 
tests/unit/test_cache_manager.py::TestCacheManager::test_cache_directory_creation 
[gw15] [ 22%] PASSED tests/unit/test_launcher_dialog.py::TestLauncherEditDialog::test_save_update_success 
[gw1] [ 22%] PASSED tests/unit/test_cache_manager.py::TestCacheManager::test_cache_directory_creation 
tests/unit/test_cache_manager.py::TestCacheManagerThreading::test_async_sync_mode_behavior 
[gw3] [ 22%] PASSED tests/unit/test_cache_manager.py::TestCacheManagerThreading::test_async_sync_mode_behavior 
[gw12] [ 22%] PASSED tests/unit/test_main_window_widgets.py::TestMainWindowErrorHandling::test_window_creation_with_no_cache_manager 
[gw11] [ 22%] PASSED tests/unit/test_main_window.py::TestApplicationLaunching::test_launch_app_without_shot_shows_error 
tests/unit/test_exr_edge_cases.py::TestUnusualFormats::test_symlink_to_exr 
tests/unit/test_design_system.py::TestColorPalette::test_special_ui_elements 
[gw6] [ 23%] PASSED tests/unit/test_design_system.py::TestColorPalette::test_special_ui_elements 
tests/unit/test_launcher_controller.py::TestErrorHandling::test_launcher_started_progress 
[gw14] [ 23%] PASSED tests/unit/test_launcher_controller.py::TestErrorHandling::test_launcher_started_progress 
tests/unit/test_error_recovery_optimized.py::TestErrorRecovery::test_error_metrics_tracking 
tests/unit/test_maya_latest_finder.py::TestEdgeCases::test_deeply_nested_users 
tests/unit/test_memory_manager.py::TestThreadSafety::test_concurrent_statistics_access 
[gw7] [ 23%] PASSED tests/unit/test_maya_latest_finder.py::TestEdgeCases::test_deeply_nested_users 
tests/unit/test_launcher_controller.py::TestApplicationLaunching::test_get_launch_options_nuke 
[gw13] [ 23%] PASSED tests/unit/test_launcher_controller.py::TestApplicationLaunching::test_get_launch_options_nuke 
[gw5] [ 23%] PASSED tests/unit/test_memory_manager.py::TestThreadSafety::test_concurrent_statistics_access 
tests/unit/test_base_asset_finder.py::TestBaseAssetFinder::test_progress_reporting 
[gw0] [ 23%] PASSED tests/unit/test_base_asset_finder.py::TestBaseAssetFinder::test_progress_reporting 
tests/unit/test_launcher_dialog.py::TestLauncherEditDialog::test_save_validation_failure 
tests/unit/test_launcher_panel.py::TestLauncherPanel::test_custom_launcher_management 
[gw15] [ 23%] PASSED tests/unit/test_launcher_dialog.py::TestLauncherEditDialog::test_save_validation_failure 
tests/unit/test_cache_manager.py::TestCacheManager::test_load_cache_from_file 
[gw8] [ 23%] PASSED tests/unit/test_error_recovery_optimized.py::TestErrorRecovery::test_error_metrics_tracking 
[gw1] [ 23%] PASSED tests/unit/test_cache_manager.py::TestCacheManager::test_load_cache_from_file 
[gw10] [ 23%] PASSED tests/unit/test_launcher_panel.py::TestLauncherPanel::test_custom_launcher_management 
tests/unit/test_cache_manager.py::TestCacheManagerThreading::test_lock_protection_during_cleanup 
[gw3] [ 23%] PASSED tests/unit/test_cache_manager.py::TestCacheManagerThreading::test_lock_protection_during_cleanup 
[gw9] [ 23%] PASSED tests/unit/test_exr_edge_cases.py::TestUnusualFormats::test_symlink_to_exr 
tests/unit/test_design_system.py::TestColorPalette::test_color_palette_immutable_fields 
[gw6] [ 23%] PASSED tests/unit/test_design_system.py::TestColorPalette::test_color_palette_immutable_fields 
tests/unit/test_launcher_controller.py::TestErrorHandling::test_launcher_finished_success 
[gw14] [ 23%] PASSED tests/unit/test_launcher_controller.py::TestErrorHandling::test_launcher_finished_success 
tests/unit/test_maya_latest_finder.py::TestEdgeCases::test_permission_denied_handling 
[gw7] [ 23%] PASSED tests/unit/test_maya_latest_finder.py::TestEdgeCases::test_permission_denied_handling 
tests/unit/test_launcher_controller.py::TestApplicationLaunching::test_get_launch_options_3de 
[gw13] [ 23%] PASSED tests/unit/test_launcher_controller.py::TestApplicationLaunching::test_get_launch_options_3de 
tests/unit/test_notification_manager.py::TestNotificationManager::test_info_notification 
tests/unit/test_memory_manager.py::TestThreadSafety::test_concurrent_validation 
[...]
INTERNALERROR> E                 return (yield)
INTERNALERROR> E                         ^^^^^
INTERNALERROR> E               File "/mnt/c/CustomScripts/Python/PyFFMPEG/BB/shotbot/venv/lib/python3.12/site-packages/pluggy/_callers.py", line 139, in _multicall
INTERNALERROR> E                 teardown.throw(exception)
INTERNALERROR> E               File "/mnt/c/CustomScripts/Python/PyFFMPEG/BB/shotbot/venv/lib/python3.12/site-packages/_pytest/assertion/__init__.py", line 192, in pytest_runtest_protocol
INTERNALERROR> E                 return (yield)
INTERNALERROR> E                         ^^^^^
INTERNALERROR> E               File "/mnt/c/CustomScripts/Python/PyFFMPEG/BB/shotbot/venv/lib/python3.12/site-packages/pluggy/_callers.py", line 139, in _multicall
INTERNALERROR> E                 teardown.throw(exception)
INTERNALERROR> E               File "/mnt/c/CustomScripts/Python/PyFFMPEG/BB/shotbot/venv/lib/python3.12/site-packages/pluggy/_callers.py", line 53, in run_old_style_hookwrapper
INTERNALERROR> E                 return result.get_result()
INTERNALERROR> E                        ^^^^^^^^^^^^^^^^^^^
INTERNALERROR> E               File "/mnt/c/CustomScripts/Python/PyFFMPEG/BB/shotbot/venv/lib/python3.12/site-packages/pluggy/_result.py", line 103, in get_result
INTERNALERROR> E                 raise exc.with_traceback(tb)
INTERNALERROR> E               File "/mnt/c/CustomScripts/Python/PyFFMPEG/BB/shotbot/venv/lib/python3.12/site-packages/pluggy/_callers.py", line 38, in run_old_style_hookwrapper
INTERNALERROR> E                 res = yield
INTERNALERROR> E                       ^^^^^
INTERNALERROR> E               File "/mnt/c/CustomScripts/Python/PyFFMPEG/BB/shotbot/venv/lib/python3.12/site-packages/pluggy/_callers.py", line 139, in _multicall
INTERNALERROR> E                 teardown.throw(exception)
INTERNALERROR> E               File "/mnt/c/CustomScripts/Python/PyFFMPEG/BB/shotbot/venv/lib/python3.12/site-packages/_pytest/unittest.py", line 475, in pytest_runtest_protocol
INTERNALERROR> E                 return (yield)
INTERNALERROR> E                         ^^^^^
INTERNALERROR> E               File "/mnt/c/CustomScripts/Python/PyFFMPEG/BB/shotbot/venv/lib/python3.12/site-packages/pluggy/_callers.py", line 139, in _multicall
INTERNALERROR> E                 teardown.throw(exception)
INTERNALERROR> E               File "/mnt/c/CustomScripts/Python/PyFFMPEG/BB/shotbot/venv/lib/python3.12/site-packages/_pytest/faulthandler.py", line 88, in pytest_runtest_protocol
INTERNALERROR> E                 return (yield)
INTERNALERROR> E                         ^^^^^
INTERNALERROR> E               File "/mnt/c/CustomScripts/Python/PyFFMPEG/BB/shotbot/venv/lib/python3.12/site-packages/pluggy/_callers.py", line 121, in _multicall
INTERNALERROR> E                 res = hook_impl.function(*args)
INTERNALERROR> E                       ^^^^^^^^^^^^^^^^^^^^^^^^^
INTERNALERROR> E               File "/mnt/c/CustomScripts/Python/PyFFMPEG/BB/shotbot/venv/lib/python3.12/site-packages/_pytest/runner.py", line 117, in pytest_runtest_protocol
INTERNALERROR> E                 runtestprotocol(item, nextitem=nextitem)
INTERNALERROR> E               File "/mnt/c/CustomScripts/Python/PyFFMPEG/BB/shotbot/venv/lib/python3.12/site-packages/_pytest/runner.py", line 136, in runtestprotocol
INTERNALERROR> E                 reports.append(call_and_report(item, "call", log))
INTERNALERROR> E                                ^^^^^^^^^^^^^^^^^^^^^^^^^^^^^^^^^^
INTERNALERROR> E               File "/mnt/c/CustomScripts/Python/PyFFMPEG/BB/shotbot/venv/lib/python3.12/site-packages/_pytest/runner.py", line 248, in call_and_report
INTERNALERROR> E                 report: TestReport = ihook.pytest_runtest_makereport(item=item, call=call)
INTERNALERROR> E                                      ^^^^^^^^^^^^^^^^^^^^^^^^^^^^^^^^^^^^^^^^^^^^^^^^^^^^^
INTERNALERROR> E               File "/mnt/c/CustomScripts/Python/PyFFMPEG/BB/shotbot/venv/lib/python3.12/site-packages/pluggy/_hooks.py", line 512, in __call__
INTERNALERROR> E                 return self._hookexec(self.name, self._hookimpls.copy(), kwargs, firstresult)
INTERNALERROR> E                        ^^^^^^^^^^^^^^^^^^^^^^^^^^^^^^^^^^^^^^^^^^^^^^^^^^^^^^^^^^^^^^^^^^^^^^
INTERNALERROR> E               File "/mnt/c/CustomScripts/Python/PyFFMPEG/BB/shotbot/venv/lib/python3.12/site-packages/pluggy/_manager.py", line 120, in _hookexec
INTERNALERROR> E                 return self._inner_hookexec(hook_name, methods, kwargs, firstresult)
INTERNALERROR> E                        ^^^^^^^^^^^^^^^^^^^^^^^^^^^^^^^^^^^^^^^^^^^^^^^^^^^^^^^^^^^^^
INTERNALERROR> E               File "/mnt/c/CustomScripts/Python/PyFFMPEG/BB/shotbot/venv/lib/python3.12/site-packages/pluggy/_callers.py", line 167, in _multicall
INTERNALERROR> E                 raise exception
INTERNALERROR> E               File "/mnt/c/CustomScripts/Python/PyFFMPEG/BB/shotbot/venv/lib/python3.12/site-packages/pluggy/_callers.py", line 139, in _multicall
INTERNALERROR> E                 teardown.throw(exception)
INTERNALERROR> E               File "/mnt/c/CustomScripts/Python/PyFFMPEG/BB/shotbot/venv/lib/python3.12/site-packages/_pytest/tmpdir.py", line 308, in pytest_runtest_makereport
INTERNALERROR> E                 rep = yield
INTERNALERROR> E                       ^^^^^
INTERNALERROR> E               File "/mnt/c/CustomScripts/Python/PyFFMPEG/BB/shotbot/venv/lib/python3.12/site-packages/pluggy/_callers.py", line 139, in _multicall
INTERNALERROR> E                 teardown.throw(exception)
INTERNALERROR> E               File "/mnt/c/CustomScripts/Python/PyFFMPEG/BB/shotbot/venv/lib/python3.12/site-packages/pytestqt/logging.py", line 45, in pytest_runtest_makereport
INTERNALERROR> E                 report = yield
INTERNALERROR> E                          ^^^^^
INTERNALERROR> E               File "/mnt/c/CustomScripts/Python/PyFFMPEG/BB/shotbot/venv/lib/python3.12/site-packages/pluggy/_callers.py", line 139, in _multicall
INTERNALERROR> E                 teardown.throw(exception)
INTERNALERROR> E               File "/mnt/c/CustomScripts/Python/PyFFMPEG/BB/shotbot/venv/lib/python3.12/site-packages/pluggy/_callers.py", line 43, in run_old_style_hookwrapper
INTERNALERROR> E                 teardown.send(result)
INTERNALERROR> E               File "/mnt/c/CustomScripts/Python/PyFFMPEG/BB/shotbot/venv/lib/python3.12/site-packages/_hypothesis_pytestplugin.py", line 334, in pytest_runtest_makereport
INTERNALERROR> E                 report = (yield).get_result()
INTERNALERROR> E                          ^^^^^^^^^^^^^^^^^^^^
INTERNALERROR> E               File "/mnt/c/CustomScripts/Python/PyFFMPEG/BB/shotbot/venv/lib/python3.12/site-packages/pluggy/_result.py", line 103, in get_result
INTERNALERROR> E                 raise exc.with_traceback(tb)
INTERNALERROR> E               File "/mnt/c/CustomScripts/Python/PyFFMPEG/BB/shotbot/venv/lib/python3.12/site-packages/pluggy/_callers.py", line 38, in run_old_style_hookwrapper
INTERNALERROR> E                 res = yield
INTERNALERROR> E                       ^^^^^
INTERNALERROR> E               File "/mnt/c/CustomScripts/Python/PyFFMPEG/BB/shotbot/venv/lib/python3.12/site-packages/pluggy/_callers.py", line 139, in _multicall
INTERNALERROR> E                 teardown.throw(exception)
INTERNALERROR> E               File "/mnt/c/CustomScripts/Python/PyFFMPEG/BB/shotbot/venv/lib/python3.12/site-packages/_pytest/skipping.py", line 275, in pytest_runtest_makereport
INTERNALERROR> E                 rep = yield
INTERNALERROR> E                       ^^^^^
INTERNALERROR> E               File "/mnt/c/CustomScripts/Python/PyFFMPEG/BB/shotbot/venv/lib/python3.12/site-packages/pluggy/_callers.py", line 121, in _multicall
INTERNALERROR> E                 res = hook_impl.function(*args)
INTERNALERROR> E                       ^^^^^^^^^^^^^^^^^^^^^^^^^
INTERNALERROR> E               File "/mnt/c/CustomScripts/Python/PyFFMPEG/BB/shotbot/venv/lib/python3.12/site-packages/_pytest/runner.py", line 368, in pytest_runtest_makereport
INTERNALERROR> E                 return TestReport.from_item_and_call(item, call)
INTERNALERROR> E                        ^^^^^^^^^^^^^^^^^^^^^^^^^^^^^^^^^^^^^^^^^
INTERNALERROR> E               File "/mnt/c/CustomScripts/Python/PyFFMPEG/BB/shotbot/venv/lib/python3.12/site-packages/_pytest/reports.py", line 377, in from_item_and_call
INTERNALERROR> E                 longrepr = item.repr_failure(excinfo)
INTERNALERROR> E                            ^^^^^^^^^^^^^^^^^^^^^^^^^^
INTERNALERROR> E               File "/mnt/c/CustomScripts/Python/PyFFMPEG/BB/shotbot/venv/lib/python3.12/site-packages/_pytest/python.py", line 1713, in repr_failure
INTERNALERROR> E                 return self._repr_failure_py(excinfo, style=style)
INTERNALERROR> E                        ^^^^^^^^^^^^^^^^^^^^^^^^^^^^^^^^^^^^^^^^^^^
INTERNALERROR> E               File "/mnt/c/CustomScripts/Python/PyFFMPEG/BB/shotbot/venv/lib/python3.12/site-packages/_pytest/nodes.py", line 456, in _repr_failure_py
INTERNALERROR> E                 return excinfo.getrepr(
INTERNALERROR> E                        ^^^^^^^^^^^^^^^^
INTERNALERROR> E               File "/mnt/c/CustomScripts/Python/PyFFMPEG/BB/shotbot/venv/lib/python3.12/site-packages/_pytest/_code/code.py", line 766, in getrepr
INTERNALERROR> E                 return fmt.repr_excinfo(self)
INTERNALERROR> E                        ^^^^^^^^^^^^^^^^^^^^^^
INTERNALERROR> E               File "/mnt/c/CustomScripts/Python/PyFFMPEG/BB/shotbot/venv/lib/python3.12/site-packages/_pytest/_code/code.py", line 1202, in repr_excinfo
INTERNALERROR> E                 reprtraceback = self.repr_traceback(excinfo_)
INTERNALERROR> E                                 ^^^^^^^^^^^^^^^^^^^^^^^^^^^^^
INTERNALERROR> E               File "/mnt/c/CustomScripts/Python/PyFFMPEG/BB/shotbot/venv/lib/python3.12/site-packages/_pytest/_code/code.py", line 1135, in repr_traceback
INTERNALERROR> E                 self.repr_traceback_entry(entry, excinfo if last == entry else None)
INTERNALERROR> E               File "/mnt/c/CustomScripts/Python/PyFFMPEG/BB/shotbot/venv/lib/python3.12/site-packages/_pytest/_code/code.py", line 1065, in repr_traceback_entry
INTERNALERROR> E                 source = self._getentrysource(entry)
INTERNALERROR> E                          ^^^^^^^^^^^^^^^^^^^^^^^^^^^
INTERNALERROR> E               File "/mnt/c/CustomScripts/Python/PyFFMPEG/BB/shotbot/venv/lib/python3.12/site-packages/_pytest/_code/code.py", line 903, in _getentrysource
INTERNALERROR> E                 source = entry.getsource(self.astcache)
INTERNALERROR> E                          ^^^^^^^^^^^^^^^^^^^^^^^^^^^^^^
INTERNALERROR> E               File "/mnt/c/CustomScripts/Python/PyFFMPEG/BB/shotbot/venv/lib/python3.12/site-packages/_pytest/_code/code.py", line 290, in getsource
INTERNALERROR> E                 source = self.frame.code.fullsource
INTERNALERROR> E                          ^^^^^^^^^^^^^^^^^^^^^^^^^^
INTERNALERROR> E               File "/mnt/c/CustomScripts/Python/PyFFMPEG/BB/shotbot/venv/lib/python3.12/site-packages/_pytest/_code/code.py", line 107, in fullsource
INTERNALERROR> E                 full, _ = findsource(self.raw)
INTERNALERROR> E                           ^^^^^^^^^^^^^^^^^^^^
INTERNALERROR> E               File "/mnt/c/CustomScripts/Python/PyFFMPEG/BB/shotbot/venv/lib/python3.12/site-packages/_pytest/_code/source.py", line 127, in findsource
INTERNALERROR> E                 sourcelines, lineno = inspect.findsource(obj)
INTERNALERROR> E                                       ^^^^^^^^^^^^^^^^^^^^^^^
INTERNALERROR> E               File "/usr/lib/python3.12/inspect.py", line 1083, in findsource
INTERNALERROR> E                 module = getmodule(object, file)
INTERNALERROR> E                          ^^^^^^^^^^^^^^^^^^^^^^^
INTERNALERROR> E               File "/usr/lib/python3.12/inspect.py", line 1006, in getmodule
INTERNALERROR> E                 f = getabsfile(module)
INTERNALERROR> E                     ^^^^^^^^^^^^^^^^^^
INTERNALERROR> E               File "/usr/lib/python3.12/inspect.py", line 975, in getabsfile
INTERNALERROR> E                 _filename = getsourcefile(object) or getfile(object)
INTERNALERROR> E                             ^^^^^^^^^^^^^^^^^^^^^
INTERNALERROR> E               File "/usr/lib/python3.12/inspect.py", line 960, in getsourcefile
INTERNALERROR> E                 if os.path.exists(filename):
INTERNALERROR> E                    ^^^^^^^^^^^^^^^^^^^^^^^^
INTERNALERROR> E               File "<frozen genericpath>", line 19, in exists
INTERNALERROR> E               File "/mnt/c/CustomScripts/Python/PyFFMPEG/BB/shotbot/venv/lib/python3.12/site-packages/pytest_timeout.py", line 317, in handler
INTERNALERROR> E                 timeout_sigalrm(item, settings)
INTERNALERROR> E               File "/mnt/c/CustomScripts/Python/PyFFMPEG/BB/shotbot/venv/lib/python3.12/site-packages/pytest_timeout.py", line 502, in timeout_sigalrm
INTERNALERROR> E                 pytest.fail(PYTEST_FAILURE_MESSAGE % settings.timeout)
INTERNALERROR> E               File "/mnt/c/CustomScripts/Python/PyFFMPEG/BB/shotbot/venv/lib/python3.12/site-packages/_pytest/outcomes.py", line 177, in fail
INTERNALERROR> E                 raise Failed(msg=reason, pytrace=pytrace)
INTERNALERROR> E             Failed: Timeout (>5.0s) from pytest-timeout.
INTERNALERROR> E           assert False
INTERNALERROR> 
INTERNALERROR> venv/lib/python3.12/site-packages/xdist/dsession.py:232: AssertionError
[gw1] [ 89%] PASSED tests/unit/test_utils.py::TestPathUtils::test_build_threede_scene_path 
[gw3] [ 89%] PASSED tests/unit/test_property_based.py::TestPathValidationProperties::test_path_validation_consistency 
[gw9] [ 89%] PASSED tests/unit/test_utils.py::TestPathUtils::test_batch_validate_paths 
[gw5] [ 89%] PASSED tests/unit/test_utils.py::TestPathUtils::test_validate_path_exists_caching_behavior 
tests/unit/test_utils.py::TestFileUtils::test_find_files_by_extension_with_limit 
[gw2] [ 89%] PASSED tests/unit/test_utils.py::TestFileUtils::test_find_files_by_extension_with_limit 
tests/unit/test_utils.py::TestFileUtils::test_find_files_by_extension_permission_error 
[gw8] [ 90%] PASSED tests/unit/test_utils.py::TestFileUtils::test_find_files_by_extension_permission_error 
tests/unit/test_maya_latest_finder.py::TestFindLatestMayaScene::test_logging_for_found_files 
tests/unit/test_utils.py::TestFileUtils::test_get_first_image_file 
[gw0] [ 90%] PASSED tests/unit/test_utils.py::TestFileUtils::test_get_first_image_file 
tests/unit/test_property_based.py::TestPathValidationProperties::test_path_building_consistency 
[gw12] [ 90%] PASSED tests/unit/test_maya_latest_finder.py::TestFindLatestMayaScene::test_logging_for_found_files 
tests/unit/test_utils.py::TestFileUtils::test_validate_file_size_within_limit 
[gw15] [ 90%] PASSED tests/unit/test_utils.py::TestFileUtils::test_validate_file_size_within_limit 
tests/unit/test_utils.py::TestVersionUtils::test_find_version_directories 
[gw4] [ 90%] PASSED tests/unit/test_utils.py::TestVersionUtils::test_find_version_directories 
tests/unit/test_utils.py::TestVersionUtils::test_find_version_directories_nonexistent_path 
tests/unit/test_utils.py::TestFileUtils::test_validate_file_size_nonexistent_file 
[gw5] [ 90%] PASSED tests/unit/test_utils.py::TestVersionUtils::test_find_version_directories_nonexistent_path 
[gw9] [ 90%] PASSED tests/unit/test_utils.py::TestFileUtils::test_validate_file_size_nonexistent_file 
[gw3] [ 90%] PASSED tests/unit/test_property_based.py::TestPathValidationProperties::test_path_building_consistency 
tests/unit/test_thumbnail_processor.py::TestThumbnailManagerBasicProcessing::test_process_jpeg_success 
tests/unit/test_property_based.py::TestSceneFinderProperties::test_scene_finding_consistency 
[gw10] [ 90%] PASSED tests/unit/test_thumbnail_processor.py::TestThumbnailManagerBasicProcessing::test_process_jpeg_success 
[gw3] [ 90%] PASSED tests/unit/test_property_based.py::TestSceneFinderProperties::test_scene_finding_consistency 
tests/unit/test_maya_latest_finder.py::TestFindAllMayaScenes::test_find_all_basic 
tests/unit/test_qt_integration_optimized.py::TestQtIntegration::test_event_loop_responsiveness 
[gw3] [ 90%] PASSED tests/unit/test_qt_integration_optimized.py::TestQtIntegration::test_event_loop_responsiveness 
[gw12] [ 90%] PASSED tests/unit/test_maya_latest_finder.py::TestFindAllMayaScenes::test_find_all_basic 
INTERNALERROR> Traceback (most recent call last):
INTERNALERROR>   File "/mnt/c/CustomScripts/Python/PyFFMPEG/BB/shotbot/venv/lib/python3.12/site-packages/_pytest/main.py", line 289, in wrap_session
INTERNALERROR>     session.exitstatus = doit(config, session) or 0
INTERNALERROR>                          ^^^^^^^^^^^^^^^^^^^^^
INTERNALERROR>   File "/mnt/c/CustomScripts/Python/PyFFMPEG/BB/shotbot/venv/lib/python3.12/site-packages/_pytest/main.py", line 343, in _main
INTERNALERROR>     config.hook.pytest_runtestloop(session=session)
INTERNALERROR>   File "/mnt/c/CustomScripts/Python/PyFFMPEG/BB/shotbot/venv/lib/python3.12/site-packages/pluggy/_hooks.py", line 512, in __call__
INTERNALERROR>     return self._hookexec(self.name, self._hookimpls.copy(), kwargs, firstresult)
INTERNALERROR>            ^^^^^^^^^^^^^^^^^^^^^^^^^^^^^^^^^^^^^^^^^^^^^^^^^^^^^^^^^^^^^^^^^^^^^^
INTERNALERROR>   File "/mnt/c/CustomScripts/Python/PyFFMPEG/BB/shotbot/venv/lib/python3.12/site-packages/pluggy/_manager.py", line 120, in _hookexec
INTERNALERROR>     return self._inner_hookexec(hook_name, methods, kwargs, firstresult)
INTERNALERROR>            ^^^^^^^^^^^^^^^^^^^^^^^^^^^^^^^^^^^^^^^^^^^^^^^^^^^^^^^^^^^^^
INTERNALERROR>   File "/mnt/c/CustomScripts/Python/PyFFMPEG/BB/shotbot/venv/lib/python3.12/site-packages/pluggy/_callers.py", line 167, in _multicall
INTERNALERROR>     raise exception
INTERNALERROR>   File "/mnt/c/CustomScripts/Python/PyFFMPEG/BB/shotbot/venv/lib/python3.12/site-packages/pluggy/_callers.py", line 139, in _multicall
INTERNALERROR>     teardown.throw(exception)
INTERNALERROR>   File "/mnt/c/CustomScripts/Python/PyFFMPEG/BB/shotbot/venv/lib/python3.12/site-packages/_pytest/logging.py", line 801, in pytest_runtestloop
INTERNALERROR>     return (yield)  # Run all the tests.
INTERNALERROR>             ^^^^^
INTERNALERROR>   File "/mnt/c/CustomScripts/Python/PyFFMPEG/BB/shotbot/venv/lib/python3.12/site-packages/pluggy/_callers.py", line 139, in _multicall
INTERNALERROR>     teardown.throw(exception)
INTERNALERROR>   File "/mnt/c/CustomScripts/Python/PyFFMPEG/BB/shotbot/venv/lib/python3.12/site-packages/_pytest/terminal.py", line 688, in pytest_runtestloop
INTERNALERROR>     result = yield
INTERNALERROR>              ^^^^^
INTERNALERROR>   File "/mnt/c/CustomScripts/Python/PyFFMPEG/BB/shotbot/venv/lib/python3.12/site-packages/pluggy/_callers.py", line 121, in _multicall
INTERNALERROR>     res = hook_impl.function(*args)
INTERNALERROR>           ^^^^^^^^^^^^^^^^^^^^^^^^^
INTERNALERROR>   File "/mnt/c/CustomScripts/Python/PyFFMPEG/BB/shotbot/venv/lib/python3.12/site-packages/xdist/dsession.py", line 138, in pytest_runtestloop
INTERNALERROR>     self.loop_once()
INTERNALERROR>   File "/mnt/c/CustomScripts/Python/PyFFMPEG/BB/shotbot/venv/lib/python3.12/site-packages/xdist/dsession.py", line 163, in loop_once
INTERNALERROR>     call(**kwargs)
INTERNALERROR>   File "/mnt/c/CustomScripts/Python/PyFFMPEG/BB/shotbot/venv/lib/python3.12/site-packages/xdist/dsession.py", line 217, in worker_workerfinished
INTERNALERROR>     assert not crashitem, (crashitem, node)
INTERNALERROR> AssertionError: ('tests/unit/test_thumbnail_processor_thread_safety.py::TestThumbnailManagerThreadSafety::test_race_condition_file_operations', <WorkerController gw7>)
INTERNALERROR> assert not 'tests/unit/test_thumbnail_processor_thread_safety.py::TestThumbnailManagerThreadSafety::test_race_condition_file_operations'

= 1 failed, 1482 passed, 3 skipped, 2 xfailed, 9199 warnings in 79.85s (0:01:19) =
