============================= test session starts ==============================
platform linux -- Python 3.12.3, pytest-8.4.1, pluggy-1.6.0 -- /mnt/c/CustomScripts/Python/PyFFMPEG/BB/shotbot/venv/bin/python3
cachedir: .pytest_cache
hypothesis profile 'default'
PySide6 6.9.1 -- Qt runtime 6.9.1 -- Qt compiled 6.9.1
rootdir: /mnt/c/CustomScripts/Python/PyFFMPEG/BB/shotbot
configfile: pytest.ini
plugins: hypothesis-6.137.1, cov-6.2.1, mock-3.14.1, qt-4.5.0, timeout-2.4.0
timeout: 60.0s
timeout method: thread
timeout func_only: False
collecting ... collected 1172 items

tests/integration/test_cache_integration.py::TestCacheIntegration::test_cache_manager_thumbnail_workflow_integration PASSED [  0%]
tests/integration/test_cache_integration.py::TestCacheIntegration::test_cache_manager_storage_backend_integration PASSED [  0%]
tests/integration/test_cache_integration.py::TestCacheIntegration::test_cache_manager_failure_tracking_integration PASSED [  0%]
tests/integration/test_cache_integration.py::TestCacheIntegration::test_cache_manager_memory_management_integration PASSED [  0%]
tests/integration/test_cache_integration.py::TestCacheIntegration::test_cache_manager_shot_cache_integration PASSED [  0%]
tests/integration/test_cache_integration.py::TestCacheIntegration::test_cache_manager_validation_and_repair_integration PASSED [  0%]
tests/integration/test_cache_integration.py::TestCacheIntegration::test_cache_manager_concurrent_access_integration PASSED [  0%]
tests/integration/test_cache_integration.py::TestCacheIntegration::test_cache_manager_backward_compatibility_integration PASSED [  0%]
tests/integration/test_launcher_workflow_integration.py::TestLauncherWorkflowIntegration::test_launcher_manager_command_execution_integration PASSED [  0%]
tests/integration/test_launcher_workflow_integration.py::TestLauncherWorkflowIntegration::test_launcher_manager_process_tracking_integration PASSED [  0%]
tests/integration/test_launcher_workflow_integration.py::TestLauncherWorkflowIntegration::test_launcher_manager_signal_emission_flow PASSED [  0%]
tests/integration/test_launcher_workflow_integration.py::TestLauncherWorkflowIntegration::test_launcher_manager_concurrent_execution_integration PASSED [  1%]
tests/integration/test_launcher_workflow_integration.py::TestLauncherWorkflowIntegration::test_launcher_manager_persistence_integration PASSED [  1%]
tests/integration/test_main_window_coordination.py::TestMainWindowUICoordination::test_window_initialization PASSED [  1%]
tests/integration/test_main_window_coordination.py::TestMainWindowUICoordination::test_shot_selection_enables_launchers PASSED [  1%]
tests/integration/test_main_window_coordination.py::TestMainWindowUICoordination::test_tab_switching_updates_context PASSED [  1%]
tests/integration/test_main_window_coordination.py::TestMainWindowUICoordination::test_refresh_button_triggers_shot_refresh PASSED [  1%]
tests/integration/test_main_window_coordination.py::TestMainWindowUICoordination::test_launcher_execution_workflow PASSED [  1%]
tests/integration/test_main_window_coordination.py::TestMainWindowUICoordination::test_error_handling_shows_message PASSED [  1%]
tests/integration/test_main_window_coordination.py::TestMainWindowUICoordination::test_signal_slot_connections_established PASSED [  1%]
tests/integration/test_main_window_coordination.py::TestMainWindowUICoordination::test_custom_launcher_integration PASSED [  1%]
tests/integration/test_main_window_coordination.py::TestMainWindowUICoordination::test_settings_persistence PASSED [  1%]
tests/integration/test_main_window_coordination.py::TestMainWindowUICoordination::test_progress_indication_during_operations PASSED [  1%]
tests/integration/test_main_window_coordination.py::TestMainWindowKeyboardShortcuts::test_keyboard_shortcuts_work PASSED [  2%]
tests/integration/test_main_window_coordination.py::TestMainWindowKeyboardShortcuts::test_tab_navigation_with_keyboard PASSED [  2%]
tests/integration/test_main_window_coordination.py::TestMainWindowErrorScenarios::test_handles_shot_refresh_failure PASSED [  2%]
tests/integration/test_main_window_coordination.py::TestMainWindowErrorScenarios::test_handles_missing_cache_directory PASSED [  2%]
tests/integration/test_shot_model_refresh.py::TestShotModelRefreshCriticalPaths::test_refresh_shots_success_with_changes PASSED [  2%]
tests/integration/test_shot_model_refresh.py::TestShotModelRefreshCriticalPaths::test_refresh_shots_no_changes PASSED [  2%]
tests/integration/test_shot_model_refresh.py::TestShotModelRefreshCriticalPaths::test_refresh_shots_timeout_handling PASSED [  2%]
tests/integration/test_shot_model_refresh.py::TestShotModelRefreshCriticalPaths::test_refresh_shots_parse_error_handling PASSED [  2%]
tests/integration/test_shot_model_refresh.py::TestShotModelRefreshCriticalPaths::test_refresh_shots_with_cache_integration PASSED [  2%]
tests/integration/test_shot_model_refresh.py::TestShotModelRefreshCriticalPaths::test_change_detection_algorithm PASSED [  2%]
tests/integration/test_shot_model_refresh.py::TestShotModelRefreshCriticalPaths::test_refresh_result_namedtuple_usage PASSED [  2%]
tests/integration/test_shot_model_refresh.py::TestShotModelRefreshCriticalPaths::test_concurrent_refresh_handling PASSED [  2%]
tests/integration/test_shot_model_refresh.py::TestShotModelRefreshCriticalPaths::test_cache_invalidation_workflow PASSED [  3%]
tests/integration/test_shot_model_refresh.py::TestShotModelSignalIntegration::test_signal_emission_order PASSED [  3%]
tests/integration/test_shot_model_refresh.py::TestShotModelSignalIntegration::test_error_signal_on_failure PASSED [  3%]
tests/integration/test_shot_workflow_integration.py::TestShotWorkflowIntegration::test_shot_model_refresh_with_cache_integration PASSED [  3%]
tests/integration/test_shot_workflow_integration.py::TestShotWorkflowIntegration::test_shot_data_persistence_through_cache PASSED [  3%]
tests/integration/test_shot_workflow_integration.py::TestShotWorkflowIntegration::test_shot_model_change_detection PASSED [  3%]
tests/integration/test_shot_workflow_integration.py::TestShotWorkflowIntegration::test_shot_model_cache_invalidation_workflow PASSED [  3%]
tests/integration/test_shot_workflow_integration.py::TestShotWorkflowIntegration::test_shot_model_error_handling_with_cache_fallback PASSED [  3%]
tests/integration/test_threede_scanner_integration.py::TestThreeDEScannerIntegration::test_threede_scanner_file_discovery_integration PASSED [  3%]
tests/integration/test_threede_scanner_integration.py::TestThreeDEScannerIntegration::test_threede_scanner_cache_integration PASSED [  3%]
tests/integration/test_threede_scanner_integration.py::TestThreeDEScannerIntegration::test_threede_scanner_filtering_and_deduplication PASSED [  3%]
tests/integration/test_threede_scanner_integration.py::TestThreeDEScannerIntegration::test_threede_scanner_user_exclusion_integration PASSED [  4%]
tests/integration/test_threede_scanner_integration.py::TestThreeDEScannerIntegration::test_threede_scanner_background_scanning_workflow PASSED [  4%]
tests/integration/test_threede_scanner_integration.py::TestThreeDEScannerIntegration::test_threede_scanner_error_handling_integration PASSED [  4%]
tests/integration/test_thumbnail_discovery_integration.py::TestThumbnailDiscoveryIntegration::test_turnover_plate_discovery_integration PASSED [  4%]
tests/integration/test_thumbnail_discovery_integration.py::TestThumbnailDiscoveryIntegration::test_plate_priority_integration PASSED [  4%]
tests/integration/test_thumbnail_discovery_integration.py::TestThumbnailDiscoveryIntegration::test_fallback_discovery_integration PASSED [  4%]
tests/integration/test_thumbnail_discovery_integration.py::TestThumbnailDiscoveryIntegration::test_deep_nesting_integration PASSED [  4%]
tests/integration/test_thumbnail_discovery_integration.py::TestThumbnailDiscoveryIntegration::test_no_files_found_integration PASSED [  4%]
tests/integration/test_user_workflows.py::TestUserWorkflows::test_launch_nuke_with_shot PASSED [  4%]
tests/integration/test_user_workflows.py::TestUserWorkflows::test_launch_maya_with_scene PASSED [  4%]
tests/integration/test_user_workflows.py::TestUserWorkflows::test_refresh_shots_workflow FAILED [  4%]
tests/integration/test_user_workflows.py::TestUserWorkflows::test_custom_launcher_creation PASSED [  4%]
tests/integration/test_user_workflows.py::TestUserWorkflows::test_shot_selection_updates_ui PASSED [  5%]
tests/integration/test_user_workflows.py::TestUserWorkflows::test_thumbnail_loading_workflow PASSED [  5%]
tests/integration/test_user_workflows.py::TestUserWorkflows::test_error_recovery_workflow FAILED [  5%]
tests/integration/test_user_workflows.py::TestUserWorkflows::test_search_and_filter_shots PASSED [  5%]
tests/integration/test_user_workflows.py::TestUserWorkflows::test_previous_shots_scanning FAILED [  5%]
tests/integration/test_user_workflows.py::TestUserWorkflows::test_concurrent_operations FAILED [  5%]
tests/performance/test_performance_benchmarks.py::TestProcessPoolManagerPerformance::test_subprocess_startup_performance PASSED [  5%]
tests/performance/test_performance_benchmarks.py::TestProcessPoolManagerPerformance::test_cache_effectiveness PASSED [  5%]
tests/performance/test_performance_benchmarks.py::TestProcessPoolManagerPerformance::test_parallel_execution_performance FAILED [  5%]
tests/performance/test_performance_benchmarks.py::TestThumbnailProcessorPerformance::test_sequential_vs_parallel_processing FAILED [  5%]
tests/performance/test_performance_benchmarks.py::TestThumbnailProcessorPerformance::test_smart_backend_selection PASSED [  5%]
tests/performance/test_performance_benchmarks.py::TestThumbnailProcessorPerformance::test_memory_efficiency PASSED [  5%]
tests/performance/test_performance_benchmarks.py::TestCachePerformance::test_cache_ttl_extension PASSED [  6%]
tests/performance/test_performance_benchmarks.py::TestCachePerformance::test_memory_cache_performance PASSED [  6%]
tests/performance/test_performance_benchmarks.py::TestOverallPerformance::test_combined_optimizations PASSED [  6%]
tests/performance/test_scene_finder_performance.py::TestFileSystemTraversalPerformance::test_rglob_vs_find_command_small PASSED [  6%]
tests/performance/test_scene_finder_performance.py::TestFileSystemTraversalPerformance::test_rglob_vs_find_command_medium PASSED [  6%]
tests/performance/test_scene_finder_performance.py::TestSceneFinderMethods::test_find_scenes_for_shot_performance PASSED [  6%]
tests/performance/test_scene_finder_performance.py::TestSceneFinderMethods::test_extract_plate_performance PASSED [  6%]
tests/performance/test_scene_finder_performance.py::TestSceneFinderMethods::test_regex_pattern_performance PASSED [  6%]
tests/performance/test_scene_finder_performance.py::TestScalingPerformance::test_performance_scaling PASSED [  6%]
tests/performance/test_scene_finder_performance.py::test_generate_performance_report PASSED [  6%]
tests/performance/test_threede_optimization_coverage.py::TestDirectoryCache::test_cache_basic_operations PASSED [  6%]
tests/performance/test_threede_optimization_coverage.py::TestDirectoryCache::test_cache_ttl_expiration PASSED [  6%]
tests/performance/test_threede_optimization_coverage.py::TestDirectoryCache::test_cache_thread_safety PASSED [  7%]
tests/performance/test_threede_optimization_coverage.py::TestDirectoryCache::test_cache_cleanup PASSED [  7%]
tests/performance/test_threede_optimization_coverage.py::TestWorkloadSizeEstimation::test_workload_size_estimation_small PASSED [  7%]
tests/performance/test_threede_optimization_coverage.py::TestWorkloadSizeEstimation::test_workload_size_estimation_medium PASSED [  7%]
tests/performance/test_threede_optimization_coverage.py::TestWorkloadSizeEstimation::test_workload_size_nonexistent PASSED [  7%]
tests/performance/test_threede_optimization_coverage.py::TestWorkloadSizeEstimation::test_workload_size_no_users PASSED [  7%]
tests/performance/test_threede_optimization_coverage.py::TestOptimizedFileFinding::test_python_method_performance PASSED [  7%]
tests/performance/test_threede_optimization_coverage.py::TestOptimizedFileFinding::test_subprocess_method_with_exclusions PASSED [  7%]
tests/performance/test_threede_optimization_coverage.py::TestOptimizedFileFinding::test_subprocess_fallback_behavior PASSED [  7%]
tests/performance/test_threede_optimization_coverage.py::TestOptimizedFileFinding::test_subprocess_timeout_handling PASSED [  7%]
tests/performance/test_threede_optimization_coverage.py::TestOptimizedPlateExtraction::test_plate_extraction_fast_path PASSED [  7%]
tests/performance/test_threede_optimization_coverage.py::TestOptimizedPlateExtraction::test_plate_extraction_pattern_matching PASSED [  8%]
tests/performance/test_threede_optimization_coverage.py::TestOptimizedPlateExtraction::test_plate_extraction_error_handling PASSED [  8%]
tests/performance/test_threede_optimization_coverage.py::TestOptimizedSceneFinding::test_find_scenes_strategy_selection PASSED [  8%]
tests/performance/test_threede_optimization_coverage.py::TestOptimizedSceneFinding::test_find_scenes_with_published_files PASSED [  8%]
tests/performance/test_threede_optimization_coverage.py::TestOptimizedSceneFinding::test_find_scenes_error_handling PASSED [  8%]
tests/performance/test_threede_optimization_coverage.py::TestOptimizedSceneFinding::test_find_scenes_file_verification PASSED [  8%]
tests/performance/test_threede_optimization_coverage.py::TestOptimizedUtilityMethods::test_quick_3de_exists_check PASSED [  8%]
tests/performance/test_threede_optimization_coverage.py::TestOptimizedUtilityMethods::test_quick_check_depth_limit PASSED [  8%]
tests/performance/test_threede_optimization_coverage.py::TestOptimizedUtilityMethods::test_verify_scene_exists PASSED [  8%]
tests/performance/test_threede_optimization_coverage.py::TestCacheIntegration::test_cache_effectiveness_with_repeated_scans PASSED [  8%]
tests/performance/test_threede_optimization_coverage.py::TestPerformanceRegression::test_performance_baseline PASSED [  8%]
tests/performance/test_threede_optimization_coverage_fixed.py::TestDirectoryCachePerformance::test_cache_basic_operations PASSED [  8%]
tests/performance/test_threede_optimization_coverage_fixed.py::TestDirectoryCachePerformance::test_cache_ttl_expiration PASSED [  9%]
tests/performance/test_threede_optimization_coverage_fixed.py::TestDirectoryCachePerformance::test_cache_performance_with_many_entries PASSED [  9%]
tests/threading/test_threading_fixes.py::TestQTimerCascadePrevention::test_rapid_cleanup_requests PASSED [  9%]
tests/threading/test_threading_fixes.py::TestQTimerCascadePrevention::test_cleanup_coordination PASSED [  9%]
tests/threading/test_threading_fixes.py::TestWorkerStateTransitions::test_basic_state_transitions PASSED [  9%]
tests/threading/test_threading_fixes.py::TestWorkerStateTransitions::test_state_validation PASSED [  9%]
tests/threading/test_threading_fixes.py::TestWorkerStateTransitions::test_multiple_workers_lifecycle PASSED [  9%]
tests/threading/test_threading_fixes.py::TestPerformanceImprovements::test_timer_efficiency PASSED [  9%]
tests/threading/test_threading_fixes.py::TestSimpleThreadingIntegration::test_basic_worker_integration PASSED [  9%]
tests/unit/test_cache_manager.py::TestCacheManager::test_cache_manager_initialization PASSED [  9%]
tests/unit/test_cache_manager.py::TestCacheManager::test_cache_directory_creation PASSED [  9%]
tests/unit/test_cache_manager.py::TestCacheManager::test_load_cache_from_file PASSED [  9%]
tests/unit/test_cache_manager.py::TestCacheManager::test_save_cache_to_file PASSED [ 10%]
tests/unit/test_cache_manager.py::TestCacheManager::test_cache_shots_and_retrieval PASSED [ 10%]
tests/unit/test_cache_manager.py::TestCacheManager::test_cache_ttl_expiration PASSED [ 10%]
tests/unit/test_cache_manager.py::TestCacheManager::test_cache_thumbnail_with_qimage PASSED [ 10%]
tests/unit/test_cache_manager.py::TestCacheManager::test_get_cached_thumbnail PASSED [ 10%]
tests/unit/test_cache_manager.py::TestCacheManager::test_get_cached_thumbnail_not_found PASSED [ 10%]
tests/unit/test_cache_manager.py::TestCacheManager::test_clear_cache PASSED [ 10%]
tests/unit/test_cache_manager.py::TestCacheManager::test_thread_safety_warning PASSED [ 10%]
tests/unit/test_cache_manager.py::TestCacheManager::test_memory_tracking PASSED [ 10%]
tests/unit/test_cache_manager.py::TestCacheManager::test_cache_persistence_across_instances PASSED [ 10%]
tests/unit/test_cache_manager.py::TestCacheManager::test_corrupted_cache_handling PASSED [ 10%]
tests/unit/test_cache_manager.py::TestCacheManager::test_cache_size_limit[50] PASSED [ 11%]
tests/unit/test_cache_manager.py::TestCacheManager::test_cache_size_limit[100] PASSED [ 11%]
tests/unit/test_cache_manager.py::TestCacheManager::test_cache_update_timestamp PASSED [ 11%]
tests/unit/test_cache_manager.py::TestCacheManagerIntegration::test_integration_with_shot_model PASSED [ 11%]
tests/unit/test_cache_manager.py::TestCacheManagerIntegration::test_concurrent_cache_access PASSED [ 11%]
tests/unit/test_cache_manager.py::TestThumbnailCacheLoader::test_thumbnail_cache_loader_initialization PASSED [ 11%]
tests/unit/test_cache_manager.py::TestThumbnailCacheLoader::test_thumbnail_cache_loader_run_success PASSED [ 11%]
tests/unit/test_cache_manager.py::TestThumbnailCacheLoader::test_thumbnail_cache_loader_run_failure PASSED [ 11%]
tests/unit/test_cache_manager.py::TestThumbnailCacheLoader::test_thumbnail_cache_loader_with_thread_pool PASSED [ 11%]
tests/unit/test_cache_manager.py::TestCacheThumbnailDirect::test_cache_thumbnail_direct_success PASSED [ 11%]
tests/unit/test_cache_manager.py::TestCacheThumbnailDirect::test_cache_thumbnail_direct_large_image PASSED [ 11%]
tests/unit/test_cache_manager.py::TestCacheThumbnailDirect::test_cache_thumbnail_direct_exr_handling PASSED [ 11%]
tests/unit/test_cache_manager.py::TestCacheThumbnailDirect::test_cache_thumbnail_direct_memory_error PASSED [ 12%]
tests/unit/test_cache_manager.py::TestCacheThumbnailDirect::test_cache_thumbnail_direct_io_error PASSED [ 12%]
tests/unit/test_cache_manager.py::TestThreeDECaching::test_cache_threede_scenes PASSED [ 12%]
tests/unit/test_cache_manager.py::TestThreeDECaching::test_get_cached_threede_scenes_valid PASSED [ 12%]
tests/unit/test_cache_manager.py::TestThreeDECaching::test_get_cached_threede_scenes_expired PASSED [ 12%]
tests/unit/test_cache_manager.py::TestThreeDECaching::test_get_cached_threede_scenes_corrupted PASSED [ 12%]
tests/unit/test_cache_manager.py::TestThreeDECaching::test_has_valid_threede_cache PASSED [ 12%]
tests/unit/test_cache_manager.py::TestThreeDECaching::test_cache_threede_scenes_with_metadata PASSED [ 12%]
tests/unit/test_cache_manager.py::TestThreeDECaching::test_cache_threede_scenes_empty PASSED [ 12%]
tests/unit/test_cache_manager.py::TestMemoryManagement::test_evict_old_thumbnails PASSED [ 12%]
tests/unit/test_cache_manager.py::TestMemoryManagement::test_get_memory_usage PASSED [ 12%]
tests/unit/test_cache_manager.py::TestCacheValidation::test_validate_cache PASSED [ 12%]
tests/unit/test_cache_manager.py::TestCacheValidation::test_clear_cache PASSED [ 13%]
tests/unit/test_cache_manager.py::TestCacheValidation::test_shutdown PASSED [ 13%]
tests/unit/test_cache_manager.py::TestThreadSafety::test_concurrent_cache_operations SKIPPED [ 13%]
tests/unit/test_cache_manager.py::TestThreadSafety::test_thread_safety_with_lock SKIPPED [ 13%]
tests/unit/test_cache_manager.py::TestEdgeCases::test_cache_nonexistent_file PASSED [ 13%]
tests/unit/test_cache_manager.py::TestEdgeCases::test_cache_invalid_image PASSED [ 13%]
tests/unit/test_cache_manager.py::TestEdgeCases::test_cache_with_special_characters PASSED [ 13%]
tests/unit/test_cache_manager.py::TestEdgeCases::test_cache_with_unicode_names PASSED [ 13%]
tests/unit/test_cache_manager.py::TestCacheManagerThreading::test_thumbnail_cache_result_single_completion PASSED [ 13%]
tests/unit/test_cache_manager.py::TestCacheManagerThreading::test_thumbnail_cache_result_concurrent_completion PASSED [ 13%]
tests/unit/test_cache_manager.py::TestCacheManagerThreading::test_instance_variable_separation PASSED [ 13%]
tests/unit/test_cache_manager.py::TestCacheManagerThreading::test_concurrent_memory_tracking PASSED [ 13%]
tests/unit/test_cache_manager.py::TestCacheManagerThreading::test_concurrent_thumbnail_caching SKIPPED [ 14%]
tests/unit/test_cache_manager.py::TestCacheManagerThreading::test_async_sync_mode_behavior PASSED [ 14%]
tests/unit/test_cache_manager.py::TestCacheManagerThreading::test_lock_protection_during_cleanup PASSED [ 14%]
tests/unit/test_cache_manager.py::TestCacheManagerThreading::test_memory_limit_enforcement PASSED [ 14%]
tests/unit/test_cache_manager.py::TestCacheManagerThreading::test_threadingconfig_integration PASSED [ 14%]
tests/unit/test_cache_manager.py::TestCacheManagerThreading::test_cache_key_generation_thread_safety PASSED [ 14%]
tests/unit/test_cache_manager.py::TestCacheManagerThreading::test_thumbnail_cache_result_cleanup PASSED [ 14%]
tests/unit/test_cache_manager.py::TestCacheManagerThreading::test_concurrent_cache_retrieval SKIPPED [ 14%]
tests/unit/test_cache_manager.py::TestCacheManagerThreading::test_rlock_reentrant_behavior PASSED [ 14%]
tests/unit/test_cache_manager_refactored.py::TestCacheManagerRefactored::test_cache_initialization_creates_directories PASSED [ 14%]
tests/unit/test_cache_manager_refactored.py::TestCacheManagerRefactored::test_shot_caching_with_real_files PASSED [ 14%]
tests/unit/test_cache_manager_refactored.py::TestCacheManagerRefactored::test_shot_cache_expiration_with_real_timestamps PASSED [ 15%]
tests/unit/test_cache_manager_refactored.py::TestCacheManagerRefactored::test_thumbnail_caching_creates_real_files PASSED [ 15%]
tests/unit/test_cache_manager_refactored.py::TestCacheManagerRefactored::test_memory_tracking_with_real_images PASSED [ 15%]
tests/unit/test_cache_manager_refactored.py::TestCacheManagerRefactored::test_3de_scene_caching_with_real_files PASSED [ 15%]
tests/unit/test_cache_manager_refactored.py::TestCacheManagerRefactored::test_cache_validation_with_real_filesystem PASSED [ 15%]
tests/unit/test_cache_manager_refactored.py::TestCacheManagerRefactored::test_concurrent_access_with_real_threading PASSED [ 15%]
tests/unit/test_cache_manager_refactored.py::TestCacheManagerRefactored::test_cache_cleanup_with_real_files PASSED [ 15%]
tests/unit/test_cache_manager_refactored.py::TestCacheManagerRefactored::test_performance_with_real_operations PASSED [ 15%]
tests/unit/test_cache_manager_refactored.py::TestCacheManagerSignals::test_cache_progress_signals PASSED [ 15%]
tests/unit/test_cache_validator.py::TestCacheValidator::test_validator_initialization PASSED [ 15%]
tests/unit/test_cache_validator.py::TestCacheValidator::test_get_cache_statistics_empty_cache PASSED [ 15%]
tests/unit/test_cache_validator.py::TestCacheValidator::test_get_cache_statistics_with_files PASSED [ 15%]
tests/unit/test_cache_validator.py::TestCacheValidator::test_validate_cache_clean_state PASSED [ 16%]
tests/unit/test_cache_validator.py::TestCacheValidator::test_validate_cache_with_orphaned_files PASSED [ 16%]
tests/unit/test_cache_validator.py::TestCacheValidator::test_validate_cache_fix_orphaned_files PASSED [ 16%]
tests/unit/test_cache_validator.py::TestCacheValidator::test_validate_cache_missing_directory_create PASSED [ 16%]
tests/unit/test_cache_validator.py::TestCacheValidator::test_validate_cache_missing_directory_no_fix PASSED [ 16%]
tests/unit/test_cache_validator.py::TestCacheValidator::test_validate_memory_tracking_integration PASSED [ 16%]
tests/unit/test_cache_validator.py::TestCacheValidator::test_repair_cache_comprehensive PASSED [ 16%]
tests/unit/test_cache_validator.py::TestCacheValidator::test_clean_empty_directories PASSED [ 16%]
tests/unit/test_cache_validator.py::TestCacheValidator::test_clean_empty_directories_nonexistent_cache PASSED [ 16%]
tests/unit/test_cache_validator.py::TestCacheValidator::test_analyze_cache_efficiency_high_usage PASSED [ 16%]
tests/unit/test_cache_validator.py::TestCacheValidator::test_analyze_cache_efficiency_low_usage PASSED [ 16%]
tests/unit/test_cache_validator.py::TestCacheValidator::test_analyze_cache_efficiency_large_files PASSED [ 16%]
tests/unit/test_cache_validator.py::TestCacheValidator::test_validate_cache_error_handling PASSED [ 17%]
tests/unit/test_cache_validator.py::TestCacheValidator::test_validate_cache_integration_with_real_tracking PASSED [ 17%]
tests/unit/test_cache_validator.py::TestCacheValidator::test_directory_structure_validation_complex PASSED [ 17%]
tests/unit/test_cache_validator.py::TestCacheValidator::test_statistics_with_nonexistent_directory PASSED [ 17%]
tests/unit/test_cache_validator.py::TestCacheValidator::test_orphaned_file_detection_with_subdirectories PASSED [ 17%]
tests/unit/test_cache_validator.py::TestCacheValidator::test_comprehensive_cache_health_check PASSED [ 17%]
tests/unit/test_command_launcher.py::TestCommandLauncherInitialization::test_initialization PASSED [ 17%]
tests/unit/test_command_launcher.py::TestCommandLauncherInitialization::test_set_current_shot PASSED [ 17%]
tests/unit/test_command_launcher.py::TestApplicationLaunching::test_launch_app_without_shot PASSED [ 17%]
tests/unit/test_command_launcher.py::TestApplicationLaunching::test_launch_app_unknown_application PASSED [ 17%]
tests/unit/test_command_launcher.py::TestApplicationLaunching::test_launch_app_valid_configuration PASSED [ 17%]
tests/unit/test_command_launcher.py::TestApplicationLaunching::test_command_construction PASSED [ 18%]
tests/unit/test_command_launcher.py::TestApplicationLaunching::test_terminal_fallback_execution PASSED [ 18%]
tests/unit/test_command_launcher.py::TestThreeDESceneLaunching::test_launch_app_with_scene PASSED [ 18%]
tests/unit/test_command_launcher.py::TestThreeDESceneLaunching::test_launch_app_with_scene_unknown_app PASSED [ 18%]
tests/unit/test_command_launcher.py::TestThreeDESceneLaunching::test_launch_app_with_scene_context PASSED [ 18%]
tests/unit/test_command_launcher.py::TestWorkspaceIntegration::test_workspace_command_construction PASSED [ 18%]
tests/unit/test_command_launcher.py::TestWorkspaceIntegration::test_workspace_path_handling PASSED [ 18%]
tests/unit/test_command_launcher.py::TestErrorHandling::test_subprocess_execution_failure PASSED [ 18%]
tests/unit/test_command_launcher.py::TestErrorHandling::test_all_terminals_fail PASSED [ 18%]
tests/unit/test_command_launcher.py::TestErrorHandling::test_complete_execution_failure PASSED [ 18%]
tests/unit/test_command_launcher.py::TestNukeIntegration::test_nuke_with_raw_plate_option PASSED [ 18%]
tests/unit/test_command_launcher.py::TestNukeIntegration::test_nuke_with_undistortion_option PASSED [ 18%]
tests/unit/test_command_launcher.py::TestNukeIntegration::test_nuke_with_both_plate_and_undistortion PASSED [ 19%]
tests/unit/test_command_launcher.py::TestTimestampGeneration::test_timestamp_format PASSED [ 19%]
tests/unit/test_command_launcher.py::TestTimestampGeneration::test_consistent_timestamp_format PASSED [ 19%]
tests/unit/test_command_launcher.py::TestEdgeCases::test_empty_workspace_path PASSED [ 19%]
tests/unit/test_command_launcher.py::TestEdgeCases::test_special_characters_in_paths PASSED [ 19%]
tests/unit/test_command_launcher.py::TestEdgeCases::test_rapid_successive_launches PASSED [ 19%]
tests/unit/test_command_launcher_fixed.py::TestCommandLauncherCore::test_initialization PASSED [ 19%]
tests/unit/test_command_launcher_fixed.py::TestCommandLauncherCore::test_set_current_shot PASSED [ 19%]
tests/unit/test_command_launcher_fixed.py::TestCommandLauncherCore::test_launch_success_behavior PASSED [ 19%]
tests/unit/test_command_launcher_fixed.py::TestCommandLauncherCore::test_launch_failure_behavior PASSED [ 19%]
tests/unit/test_command_launcher_fixed.py::TestCommandLauncherCore::test_launch_without_shot PASSED [ 19%]
tests/unit/test_command_launcher_fixed.py::TestCommandLauncherCore::test_launch_unknown_app PASSED [ 19%]
tests/unit/test_command_launcher_fixed.py::TestCommandLauncherCore::test_multiple_launches_behavior PASSED [ 20%]
tests/unit/test_command_launcher_fixed.py::TestCommandLauncherCore::test_workspace_path_variations PASSED [ 20%]
tests/unit/test_command_launcher_fixed.py::TestCommandLauncherCore::test_command_formatting_behavior PASSED [ 20%]
tests/unit/test_command_launcher_fixed.py::TestCommandLauncherAdvanced::test_scene_launching_behavior PASSED [ 20%]
tests/unit/test_command_launcher_fixed.py::TestCommandLauncherAdvanced::test_terminal_fallback_behavior PASSED [ 20%]
tests/unit/test_command_launcher_fixed.py::TestCommandLauncherAdvanced::test_timestamp_format_behavior PASSED [ 20%]
tests/unit/test_command_launcher_fixed.py::TestCommandLauncherAdvanced::test_error_recovery_behavior PASSED [ 20%]
tests/unit/test_command_launcher_fixed.py::TestCommandLauncherEdgeCases::test_empty_workspace_path PASSED [ 20%]
tests/unit/test_command_launcher_fixed.py::TestCommandLauncherEdgeCases::test_special_characters_in_paths PASSED [ 20%]
tests/unit/test_command_launcher_fixed.py::TestCommandLauncherEdgeCases::test_rapid_launches PASSED [ 20%]
tests/unit/test_command_launcher_improved.py::TestCommandLauncherImproved::test_launch_app_success_behavior PASSED [ 20%]
tests/unit/test_command_launcher_improved.py::TestCommandLauncherImproved::test_launch_app_failure_behavior PASSED [ 20%]
tests/unit/test_command_launcher_improved.py::TestCommandLauncherImproved::test_launch_without_shot_behavior PASSED [ 21%]
tests/unit/test_command_launcher_improved.py::TestCommandLauncherImproved::test_concurrent_launches_behavior PASSED [ 21%]
tests/unit/test_command_launcher_improved.py::TestCommandLauncherImproved::test_command_formatting_behavior PASSED [ 21%]
tests/unit/test_command_launcher_improved.py::TestCommandLauncherImproved::test_workspace_change_behavior PASSED [ 21%]
tests/unit/test_command_launcher_improved.py::TestCommandLauncherIntegration::test_real_workspace_navigation PASSED [ 21%]
tests/unit/test_command_launcher_improved.py::TestCommandLauncherIntegration::test_missing_workspace_handling PASSED [ 21%]
tests/unit/test_command_launcher_refactored.py::TestCommandLauncherBehavior::test_launch_app_successful_behavior PASSED [ 21%]
tests/unit/test_command_launcher_refactored.py::TestCommandLauncherBehavior::test_launch_app_without_shot_behavior PASSED [ 21%]
tests/unit/test_command_launcher_refactored.py::TestCommandLauncherBehavior::test_launch_unknown_app_behavior PASSED [ 21%]
tests/unit/test_command_launcher_refactored.py::TestCommandLauncherBehavior::test_launch_app_subprocess_failure_behavior PASSED [ 21%]
tests/unit/test_command_launcher_refactored.py::TestCommandLauncherBehavior::test_multiple_app_launches_behavior PASSED [ 21%]
tests/unit/test_example_best_practices.py::TestBehaviorNotImplementation::test_shot_model_behavior PASSED [ 22%]
tests/unit/test_example_best_practices.py::TestRealComponentsOverMocks::test_with_real_cache_manager PASSED [ 22%]
tests/unit/test_example_best_practices.py::TestMockOnlyAtBoundaries::test_subprocess_at_boundary PASSED [ 22%]
tests/unit/test_example_best_practices.py::TestNoSleepPattern::test_qt_event_processing PASSED [ 22%]
tests/unit/test_example_best_practices.py::TestNoSleepPattern::test_with_synchronization PASSED [ 22%]
tests/unit/test_example_best_practices.py::TestIntegrationExample::test_complete_workflow PASSED [ 22%]
tests/unit/test_exr_edge_cases.py::TestCorruptedFiles::test_corrupted_exr_header PASSED [ 22%]
tests/unit/test_exr_edge_cases.py::TestCorruptedFiles::test_empty_exr_file PASSED [ 22%]
tests/unit/test_exr_edge_cases.py::TestCorruptedFiles::test_truncated_exr_file PASSED [ 22%]
tests/unit/test_exr_edge_cases.py::TestPermissionErrors::test_no_read_permission PASSED [ 22%]
tests/unit/test_exr_edge_cases.py::TestPermissionErrors::test_directory_no_execute_permission PASSED [ 22%]
tests/unit/test_exr_edge_cases.py::TestPermissionErrors::test_cache_dir_not_writable PASSED [ 22%]
tests/unit/test_exr_edge_cases.py::TestUnusualFormats::test_unusual_filenames[UPPERCASE.EXR-EXR] PASSED [ 23%]
tests/unit/test_exr_edge_cases.py::TestUnusualFormats::test_unusual_filenames[mixed.ExR-EXR] PASSED [ 23%]
tests/unit/test_exr_edge_cases.py::TestUnusualFormats::test_unusual_filenames[with spaces.exr-EXR] PASSED [ 23%]
tests/unit/test_exr_edge_cases.py::TestUnusualFormats::test_unusual_filenames[unicode_\u6587\u4ef6.exr-EXR] PASSED [ 23%]
tests/unit/test_exr_edge_cases.py::TestUnusualFormats::test_unusual_filenames[.hidden.exr-EXR] PASSED [ 23%]
tests/unit/test_exr_edge_cases.py::TestUnusualFormats::test_unusual_filenames[very_long_filename_xxxxxxxxxxxxxxxxxxxxxxxxxxxxxxxxxxxxxxxxxxxxxxxxxxxxxxxxxxxxxxxxxxxxxxxxxxxxxxxxxxxxxxxxxxxxxxxxxxxxxxxxxxxxxxxxxxxxxxxxxxxxxxxxxxxxxxxxxxxxxxxxxxxxxxxxxxxxxxxxxxxxxxxxxxxxxxxxxxxxxxxxxxxxxxxxxxxxxxxx.exr-EXR] PASSED [ 23%]
tests/unit/test_exr_edge_cases.py::TestUnusualFormats::test_symlink_to_exr PASSED [ 23%]
tests/unit/test_exr_edge_cases.py::TestUnusualFormats::test_very_deep_directory_structure PASSED [ 23%]
tests/unit/test_exr_edge_cases.py::TestConcurrentEdgeCases::test_file_deleted_during_processing PASSED [ 23%]
tests/unit/test_exr_edge_cases.py::TestConcurrentEdgeCases::test_file_modified_during_processing PASSED [ 23%]
tests/unit/test_exr_edge_cases.py::TestPlatformSpecific::test_windows_path_length_limit SKIPPED [ 23%]
tests/unit/test_exr_edge_cases.py::TestPlatformSpecific::test_unix_special_device_files PASSED [ 23%]
tests/unit/test_exr_edge_cases.py::TestResourceExhaustion::test_many_small_exr_files PASSED [ 24%]
tests/unit/test_exr_edge_cases.py::TestResourceExhaustion::test_cache_cleanup_under_pressure PASSED [ 24%]
tests/unit/test_exr_fallback_simple.py::TestThumbnailPriority::test_jpg_preferred_over_exr PASSED [ 24%]
tests/unit/test_exr_fallback_simple.py::TestThumbnailPriority::test_exr_used_as_fallback PASSED [ 24%]
tests/unit/test_exr_fallback_simple.py::TestThumbnailPriority::test_no_fallback_returns_none PASSED [ 24%]
tests/unit/test_exr_fallback_simple.py::TestShotThumbnailDiscovery::test_shot_finds_jpg_first PASSED [ 24%]
tests/unit/test_exr_fallback_simple.py::TestShotThumbnailDiscovery::test_shot_falls_back_to_turnover_plate PASSED [ 24%]
tests/unit/test_exr_fallback_simple.py::TestPlateDiscoveryPriority::test_fg_preferred_over_bg PASSED [ 24%]
tests/unit/test_exr_fallback_simple.py::TestCacheManagerIntegration::test_cache_small_jpg PASSED [ 24%]
tests/unit/test_exr_fallback_simple.py::TestCacheManagerIntegration::test_cache_creates_directory_structure PASSED [ 24%]
tests/unit/test_exr_fallback_simple.py::TestEndToEndPriority::test_jpg_preferred_in_full_workflow PASSED [ 24%]
tests/unit/test_exr_fallback_simple.py::TestEndToEndPriority::test_exr_fallback_in_full_workflow PASSED [ 25%]
tests/unit/test_exr_parametrized.py::TestParametrizedPriority::test_format_priority[formats0-.jpg] PASSED [ 25%]
tests/unit/test_exr_parametrized.py::TestParametrizedPriority::test_format_priority[formats1-.png] PASSED [ 25%]
tests/unit/test_exr_parametrized.py::TestParametrizedPriority::test_format_priority[formats2-.exr] PASSED [ 25%]
tests/unit/test_exr_parametrized.py::TestParametrizedPriority::test_format_priority[formats3-.jpg] PASSED [ 25%]
tests/unit/test_exr_parametrized.py::TestParametrizedPriority::test_format_priority[formats4-.png] PASSED [ 25%]
tests/unit/test_exr_parametrized.py::TestParametrizedPriority::test_format_priority[formats5-.jpg] PASSED [ 25%]
tests/unit/test_exr_parametrized.py::TestParametrizedPriority::test_format_priority[formats6-.jpg] PASSED [ 25%]
tests/unit/test_exr_parametrized.py::TestParametrizedPriority::test_format_priority[formats7-.exr] PASSED [ 25%]
tests/unit/test_exr_parametrized.py::TestParametrizedPriority::test_format_priority[formats8-.exr] PASSED [ 25%]
tests/unit/test_exr_parametrized.py::TestParametrizedPriority::test_format_priority[formats9-None] PASSED [ 25%]
tests/unit/test_exr_parametrized.py::TestParametrizedPriority::test_plate_priority_ordering[FG01-0] PASSED [ 25%]
tests/unit/test_exr_parametrized.py::TestParametrizedPriority::test_plate_priority_ordering[FG02-0] PASSED [ 26%]
tests/unit/test_exr_parametrized.py::TestParametrizedPriority::test_plate_priority_ordering[FG99-0] PASSED [ 26%]
tests/unit/test_exr_parametrized.py::TestParametrizedPriority::test_plate_priority_ordering[BG01-1] PASSED [ 26%]
tests/unit/test_exr_parametrized.py::TestParametrizedPriority::test_plate_priority_ordering[BG02-1] PASSED [ 26%]
tests/unit/test_exr_parametrized.py::TestParametrizedPriority::test_plate_priority_ordering[EL01-2] PASSED [ 26%]
tests/unit/test_exr_parametrized.py::TestParametrizedPriority::test_plate_priority_ordering[COMP01-2] PASSED [ 26%]
tests/unit/test_exr_parametrized.py::TestParametrizedPriority::test_plate_priority_ordering[random-2] PASSED [ 26%]
tests/unit/test_exr_parametrized.py::TestParametrizedFileOperations::test_file_size_handling[0.1-False] PASSED [ 26%]
tests/unit/test_exr_parametrized.py::TestParametrizedFileOperations::test_file_size_handling[1-False] PASSED [ 26%]
tests/unit/test_exr_parametrized.py::TestParametrizedFileOperations::test_file_size_handling[5-False] PASSED [ 26%]
tests/unit/test_exr_parametrized.py::TestParametrizedFileOperations::test_file_size_handling[10-True] PASSED [ 26%]
tests/unit/test_exr_parametrized.py::TestParametrizedFileOperations::test_file_size_handling[50-True] PASSED [ 26%]
tests/unit/test_exr_parametrized.py::TestParametrizedFileOperations::test_file_size_handling[100-True] PASSED [ 27%]
tests/unit/test_exr_parametrized.py::TestParametrizedFileOperations::test_extension_case_variations[.jpg] PASSED [ 27%]
tests/unit/test_exr_parametrized.py::TestParametrizedFileOperations::test_extension_case_variations[.JPG] PASSED [ 27%]
tests/unit/test_exr_parametrized.py::TestParametrizedFileOperations::test_extension_case_variations[.Jpg] PASSED [ 27%]
tests/unit/test_exr_parametrized.py::TestParametrizedFileOperations::test_extension_case_variations[.jPg] PASSED [ 27%]
tests/unit/test_exr_parametrized.py::TestParametrizedFileOperations::test_extension_case_variations[.png] PASSED [ 27%]
tests/unit/test_exr_parametrized.py::TestParametrizedFileOperations::test_extension_case_variations[.PNG] PASSED [ 27%]
tests/unit/test_exr_parametrized.py::TestParametrizedFileOperations::test_extension_case_variations[.Png] PASSED [ 27%]
tests/unit/test_exr_parametrized.py::TestParametrizedFileOperations::test_extension_case_variations[.exr] PASSED [ 27%]
tests/unit/test_exr_parametrized.py::TestParametrizedFileOperations::test_extension_case_variations[.EXR] PASSED [ 27%]
tests/unit/test_exr_parametrized.py::TestParametrizedFileOperations::test_extension_case_variations[.Exr] PASSED [ 27%]
tests/unit/test_exr_parametrized.py::TestParametrizedFileOperations::test_extension_case_variations[.tiff] PASSED [ 27%]
tests/unit/test_exr_parametrized.py::TestParametrizedFileOperations::test_extension_case_variations[.TIFF] PASSED [ 28%]
tests/unit/test_exr_parametrized.py::TestParametrizedFileOperations::test_extension_case_variations[.Tiff] PASSED [ 28%]
tests/unit/test_exr_parametrized.py::TestParametrizedPaths::test_shot_path_construction[show1-seq01-0010] PASSED [ 28%]
tests/unit/test_exr_parametrized.py::TestParametrizedPaths::test_shot_path_construction[MyShow-AB01-0020] PASSED [ 28%]
tests/unit/test_exr_parametrized.py::TestParametrizedPaths::test_shot_path_construction[test-show-seq_01-0030a] PASSED [ 28%]
tests/unit/test_exr_parametrized.py::TestParametrizedPaths::test_shot_path_construction[UPPERCASE-SEQ99-9999] PASSED [ 28%]
tests/unit/test_exr_parametrized.py::TestParametrizedPaths::test_shot_path_construction[with_underscore-with-dash-0001] PASSED [ 28%]
tests/unit/test_exr_parametrized.py::TestParametrizedPaths::test_directory_depth_handling[1-True] PASSED [ 28%]
tests/unit/test_exr_parametrized.py::TestParametrizedPaths::test_directory_depth_handling[5-True] PASSED [ 28%]
tests/unit/test_exr_parametrized.py::TestParametrizedPaths::test_directory_depth_handling[10-True] PASSED [ 28%]
tests/unit/test_exr_parametrized.py::TestParametrizedPaths::test_directory_depth_handling[20-False] PASSED [ 28%]
tests/unit/test_exr_parametrized.py::TestParametrizedCaching::test_cache_wait_behavior[True-path_or_none] PASSED [ 29%]
tests/unit/test_exr_parametrized.py::TestParametrizedCaching::test_cache_wait_behavior[False-always_none] PASSED [ 29%]
tests/unit/test_exr_parametrized.py::TestParametrizedErrorHandling::test_error_resilience[PermissionError-error_instance0] PASSED [ 29%]
tests/unit/test_exr_parametrized.py::TestParametrizedErrorHandling::test_error_resilience[FileNotFoundError-error_instance1] PASSED [ 29%]
tests/unit/test_exr_parametrized.py::TestParametrizedErrorHandling::test_error_resilience[OSError-error_instance2] PASSED [ 29%]
tests/unit/test_exr_parametrized.py::TestParametrizedErrorHandling::test_error_resilience[IOError-error_instance3] PASSED [ 29%]
tests/unit/test_exr_parametrized.py::TestParametrizedErrorHandling::test_error_resilience[ValueError-error_instance4] PASSED [ 29%]
tests/unit/test_exr_parametrized.py::TestParametrizedErrorHandling::test_missing_shot_components[show] PASSED [ 29%]
tests/unit/test_exr_parametrized.py::TestParametrizedErrorHandling::test_missing_shot_components[sequence] PASSED [ 29%]
tests/unit/test_exr_parametrized.py::TestParametrizedErrorHandling::test_missing_shot_components[shot] PASSED [ 29%]
tests/unit/test_exr_parametrized.py::TestParametrizedErrorHandling::test_missing_shot_components[workspace_path] PASSED [ 29%]
tests/unit/test_exr_parametrized.py::TestParametrizedIntegration::test_complete_discovery_scenarios[editorial_jpg] PASSED [ 29%]
tests/unit/test_exr_parametrized.py::TestParametrizedIntegration::test_complete_discovery_scenarios[editorial_exr] PASSED [ 30%]
tests/unit/test_exr_parametrized.py::TestParametrizedIntegration::test_complete_discovery_scenarios[turnover_fg] PASSED [ 30%]
tests/unit/test_exr_parametrized.py::TestParametrizedIntegration::test_complete_discovery_scenarios[turnover_bg] PASSED [ 30%]
tests/unit/test_exr_parametrized.py::TestParametrizedIntegration::test_complete_discovery_scenarios[publish_any] PASSED [ 30%]
tests/unit/test_exr_parametrized.py::TestParametrizedIntegration::test_complete_discovery_scenarios[no_thumbnail] PASSED [ 30%]
tests/unit/test_failure_tracker.py::TestFailureTracker::test_initial_state PASSED [ 30%]
tests/unit/test_failure_tracker.py::TestFailureTracker::test_should_retry_no_previous_failures PASSED [ 30%]
tests/unit/test_failure_tracker.py::TestFailureTracker::test_should_retry_with_source_path PASSED [ 30%]
tests/unit/test_failure_tracker.py::TestFailureTracker::test_record_failure_first_attempt PASSED [ 30%]
tests/unit/test_failure_tracker.py::TestFailureTracker::test_record_failure_without_source_path PASSED [ 30%]
tests/unit/test_failure_tracker.py::TestFailureTracker::test_exponential_backoff_progression PASSED [ 30%]
tests/unit/test_failure_tracker.py::TestFailureTracker::test_should_retry_within_backoff_period PASSED [ 30%]
tests/unit/test_failure_tracker.py::TestFailureTracker::test_should_retry_after_backoff_period PASSED [ 31%]
tests/unit/test_failure_tracker.py::TestFailureTracker::test_should_retry_exact_boundary_condition PASSED [ 31%]
tests/unit/test_failure_tracker.py::TestFailureTracker::test_clear_failures_specific_key PASSED [ 31%]
tests/unit/test_failure_tracker.py::TestFailureTracker::test_clear_failures_nonexistent_key PASSED [ 31%]
tests/unit/test_failure_tracker.py::TestFailureTracker::test_clear_all_failures PASSED [ 31%]
tests/unit/test_failure_tracker.py::TestFailureTracker::test_clear_all_failures_when_empty PASSED [ 31%]
tests/unit/test_failure_tracker.py::TestFailureTracker::test_cleanup_old_failures PASSED [ 31%]
tests/unit/test_failure_tracker.py::TestFailureTracker::test_automatic_cleanup_trigger PASSED [ 31%]
tests/unit/test_failure_tracker.py::TestFailureTracker::test_custom_configuration PASSED [ 31%]
tests/unit/test_failure_tracker.py::TestFailureTracker::test_thread_safety_concurrent_failures PASSED [ 31%]
tests/unit/test_failure_tracker.py::TestFailureTracker::test_thread_safety_concurrent_should_retry PASSED [ 31%]
tests/unit/test_failure_tracker.py::TestFailureTracker::test_thread_safety_mixed_operations PASSED [ 31%]
tests/unit/test_failure_tracker.py::TestFailureTracker::test_get_failure_status_returns_copy PASSED [ 32%]
tests/unit/test_failure_tracker.py::TestFailureTracker::test_dunder_len_method PASSED [ 32%]
tests/unit/test_failure_tracker.py::TestFailureTracker::test_dunder_contains_method PASSED [ 32%]
tests/unit/test_failure_tracker.py::TestFailureTracker::test_dunder_repr_method PASSED [ 32%]
tests/unit/test_failure_tracker.py::TestFailureTracker::test_cleanup_age_configuration PASSED [ 32%]
tests/unit/test_failure_tracker.py::TestFailureTracker::test_max_attempts_capping PASSED [ 32%]
tests/unit/test_failure_tracker.py::TestFailureTracker::test_edge_case_zero_cleanup_age PASSED [ 32%]
tests/unit/test_failure_tracker.py::TestFailureTracker::test_pathlib_path_handling PASSED [ 32%]
tests/unit/test_failure_tracker.py::TestFailureTracker::test_memory_cleanup_pattern PASSED [ 32%]
tests/unit/test_failure_tracker.py::TestFailureTracker::test_concurrent_cleanup_safety PASSED [ 32%]
tests/unit/test_launcher_dialog.py::TestLauncherListWidget::test_initialization PASSED [ 32%]
tests/unit/test_launcher_dialog.py::TestLauncherPreviewPanel::test_initialization PASSED [ 33%]
tests/unit/test_launcher_dialog.py::TestLauncherPreviewPanel::test_set_launcher_with_data PASSED [ 33%]
tests/unit/test_launcher_dialog.py::TestLauncherPreviewPanel::test_set_launcher_with_none PASSED [ 33%]
tests/unit/test_launcher_dialog.py::TestLauncherPreviewPanel::test_launch_button_signal PASSED [ 33%]
tests/unit/test_launcher_dialog.py::TestLauncherPreviewPanel::test_edit_button_signal PASSED [ 33%]
tests/unit/test_launcher_dialog.py::TestLauncherPreviewPanel::test_delete_button_signal PASSED [ 33%]
tests/unit/test_launcher_dialog.py::TestLauncherPreviewPanel::test_button_signals_when_no_launcher PASSED [ 33%]
tests/unit/test_launcher_dialog.py::TestLauncherEditDialog::test_create_mode_initialization PASSED [ 33%]
tests/unit/test_launcher_dialog.py::TestLauncherEditDialog::test_edit_mode_initialization PASSED [ 33%]
tests/unit/test_launcher_dialog.py::TestLauncherEditDialog::test_conda_environment_population PASSED [ 33%]
tests/unit/test_launcher_dialog.py::TestLauncherEditDialog::test_name_validation_empty PASSED [ 33%]
tests/unit/test_launcher_dialog.py::TestLauncherEditDialog::test_name_validation_valid PASSED [ 33%]
tests/unit/test_launcher_dialog.py::TestLauncherEditDialog::test_name_validation_duplicate PASSED [ 34%]
tests/unit/test_launcher_dialog.py::TestLauncherEditDialog::test_name_validation_duplicate_self_edit PASSED [ 34%]
tests/unit/test_launcher_dialog.py::TestLauncherEditDialog::test_command_validation_empty PASSED [ 34%]
tests/unit/test_launcher_dialog.py::TestLauncherEditDialog::test_command_validation_valid PASSED [ 34%]
tests/unit/test_launcher_dialog.py::TestLauncherEditDialog::test_command_validation_invalid PASSED [ 34%]
tests/unit/test_launcher_dialog.py::TestLauncherEditDialog::test_command_testing_success PASSED [ 34%]
tests/unit/test_launcher_dialog.py::TestLauncherEditDialog::test_command_testing_failure PASSED [ 34%]
tests/unit/test_launcher_dialog.py::TestLauncherEditDialog::test_command_testing_empty_command PASSED [ 34%]
tests/unit/test_launcher_dialog.py::TestLauncherEditDialog::test_save_create_success PASSED [ 34%]
tests/unit/test_launcher_dialog.py::TestLauncherEditDialog::test_save_update_success PASSED [ 34%]
tests/unit/test_launcher_dialog.py::TestLauncherEditDialog::test_save_validation_failure PASSED [ 34%]
tests/unit/test_launcher_dialog.py::TestLauncherEditDialog::test_save_create_failure PASSED [ 34%]
tests/unit/test_launcher_dialog.py::TestLauncherEditDialog::test_conda_environment_handling PASSED [ 35%]
tests/unit/test_launcher_dialog.py::TestLauncherManagerDialog::test_initialization PASSED [ 35%]
tests/unit/test_launcher_dialog.py::TestLauncherManagerDialog::test_launcher_list_population PASSED [ 35%]
tests/unit/test_launcher_dialog.py::TestLauncherManagerDialog::test_selection_updates_preview PASSED [ 35%]
tests/unit/test_launcher_dialog.py::TestLauncherManagerDialog::test_search_filtering PASSED [ 35%]
tests/unit/test_launcher_dialog.py::TestLauncherManagerDialog::test_search_command_filtering PASSED [ 35%]
tests/unit/test_launcher_dialog.py::TestLauncherManagerDialog::test_double_click_launches PASSED [ 35%]
tests/unit/test_launcher_dialog.py::TestLauncherManagerDialog::test_add_launcher_button PASSED [ 35%]
tests/unit/test_launcher_dialog.py::TestLauncherManagerDialog::test_preview_panel_signals PASSED [ 35%]
tests/unit/test_launcher_dialog.py::TestLauncherManagerDialog::test_keyboard_shortcuts PASSED [ 35%]
tests/unit/test_launcher_dialog.py::TestLauncherManagerDialog::test_execution_signals PASSED [ 35%]
tests/unit/test_launcher_dialog.py::TestLauncherManagerDialog::test_empty_launcher_list PASSED [ 36%]
tests/unit/test_launcher_dialog.py::TestLauncherManagerDialog::test_launcher_reload_on_changes PASSED [ 36%]
tests/unit/test_launcher_manager.py::TestLauncherManager::test_launcher_creation PASSED [ 36%]
tests/unit/test_launcher_manager.py::TestLauncherManager::test_launcher_manager_initialization PASSED [ 36%]
tests/unit/test_launcher_manager.py::TestLauncherManager::test_launcher_creation_with_factory PASSED [ 36%]
tests/unit/test_launcher_manager.py::TestLauncherManager::test_threading_config PASSED [ 36%]
tests/unit/test_launcher_manager.py::TestLauncherManager::test_shot_model_integration PASSED [ 36%]
tests/unit/test_launcher_manager.py::TestLauncherManager::test_worker_state_management PASSED [ 36%]
tests/unit/test_launcher_manager_coverage.py::TestLauncherWorkerBehavior::test_successful_command_execution_behavior PASSED [ 36%]
tests/unit/test_launcher_manager_coverage.py::TestLauncherWorkerBehavior::test_command_failure_behavior PASSED [ 36%]
tests/unit/test_launcher_manager_coverage.py::TestLauncherWorkerBehavior::test_stop_request_behavior PASSED [ 36%]
tests/unit/test_launcher_manager_coverage.py::TestLauncherWorkerBehavior::test_shell_command_behavior PASSED [ 36%]
tests/unit/test_launcher_manager_coverage.py::TestLauncherWorkerBehavior::test_process_termination_behavior PASSED [ 37%]
tests/unit/test_launcher_manager_coverage.py::TestLauncherWorkerBehavior::test_force_kill_behavior PASSED [ 37%]
tests/unit/test_launcher_manager_coverage.py::TestLauncherWorkerBehavior::test_process_cleanup_behavior PASSED [ 37%]
tests/unit/test_launcher_manager_coverage.py::TestLauncherWorkerBehavior::test_stop_request_with_active_process PASSED [ 37%]
tests/unit/test_launcher_manager_coverage.py::TestLauncherConfigBehavior::test_config_directory_creation_failure PASSED [ 37%]
tests/unit/test_launcher_manager_coverage.py::TestLauncherConfigBehavior::test_missing_config_file_behavior PASSED [ 37%]
tests/unit/test_launcher_manager_coverage.py::TestLauncherConfigBehavior::test_corrupted_config_recovery PASSED [ 37%]
tests/unit/test_launcher_manager_coverage.py::TestLauncherConfigBehavior::test_read_only_file_behavior PASSED [ 37%]
tests/unit/test_launcher_manager_coverage.py::TestLauncherConfigBehavior::test_config_persistence_integrity PASSED [ 37%]
tests/unit/test_launcher_manager_coverage.py::TestLauncherValidationBehavior::test_empty_name_rejection_behavior PASSED [ 37%]
tests/unit/test_launcher_manager_coverage.py::TestLauncherValidationBehavior::test_long_name_rejection_behavior PASSED [ 37%]
tests/unit/test_launcher_manager_coverage.py::TestLauncherValidationBehavior::test_empty_command_rejection_behavior PASSED [ 37%]
tests/unit/test_launcher_manager_coverage.py::TestLauncherValidationBehavior::test_variable_substitution_behavior PASSED [ 38%]
tests/unit/test_launcher_manager_coverage.py::TestLauncherValidationBehavior::test_security_validation_behavior PASSED [ 38%]
tests/unit/test_launcher_manager_coverage.py::TestLauncherCRUDOperations::test_create_launcher_validation_failure_behavior PASSED [ 38%]
tests/unit/test_launcher_manager_coverage.py::TestLauncherCRUDOperations::test_create_launcher_save_failure_behavior PASSED [ 38%]
tests/unit/test_launcher_manager_coverage.py::TestLauncherCRUDOperations::test_update_launcher_validation_failure_behavior PASSED [ 38%]
tests/unit/test_launcher_manager_coverage.py::TestLauncherCRUDOperations::test_update_launcher_security_failure_behavior PASSED [ 38%]
tests/unit/test_launcher_manager_coverage.py::TestLauncherCRUDOperations::test_successful_launcher_lifecycle PASSED [ 38%]
tests/unit/test_launcher_manager_coverage.py::TestLauncherCRUDOperations::test_launcher_persistence_integrity PASSED [ 38%]
tests/unit/test_launcher_manager_coverage.py::TestCommandValidationBehavior::test_empty_command_validation_behavior PASSED [ 38%]
tests/unit/test_launcher_manager_coverage.py::TestCommandValidationBehavior::test_valid_command_validation_behavior PASSED [ 38%]
tests/unit/test_launcher_manager_coverage.py::TestCommandValidationBehavior::test_command_validation_error_recovery PASSED [ 38%]
tests/unit/test_launcher_manager_coverage.py::TestLauncherExecutionBehavior::test_process_pool_execution_behavior PASSED [ 38%]
tests/unit/test_launcher_manager_coverage.py::TestLauncherExecutionBehavior::test_terminal_mode_execution_behavior PASSED [ 39%]
tests/unit/test_launcher_manager_coverage.py::TestLauncherExecutionBehavior::test_terminal_fallback_behavior PASSED [ 39%]
tests/unit/test_launcher_manager_coverage.py::TestLauncherExecutionBehavior::test_process_validation_failure_behavior PASSED [ 39%]
tests/unit/test_launcher_manager_coverage.py::TestLauncherExecutionBehavior::test_execution_exception_recovery PASSED [ 39%]
tests/unit/test_launcher_manager_coverage.py::TestShotContextIntegration::test_nonexistent_launcher_handling PASSED [ 39%]
tests/unit/test_launcher_manager_coverage.py::TestShotContextIntegration::test_process_limit_enforcement_behavior PASSED [ 39%]
tests/unit/test_launcher_manager_coverage.py::TestShotContextIntegration::test_dry_run_execution_behavior PASSED [ 39%]
tests/unit/test_launcher_manager_coverage.py::TestShotContextIntegration::test_workspace_directory_change_behavior PASSED [ 39%]
tests/unit/test_launcher_manager_coverage.py::TestShotContextIntegration::test_shot_context_variable_substitution PASSED [ 39%]
tests/unit/test_launcher_manager_coverage.py::TestShotContextIntegration::test_shot_context_exception_recovery PASSED [ 39%]
tests/unit/test_launcher_manager_coverage.py::TestPathValidationBehavior::test_nonexistent_launcher_validation PASSED [ 39%]
tests/unit/test_launcher_manager_coverage.py::TestPathValidationBehavior::test_executable_path_validation_behavior PASSED [ 40%]
tests/unit/test_launcher_manager_coverage.py::TestProcessLifecycleBehavior::test_process_validation_during_shutdown PASSED [ 40%]
tests/unit/test_launcher_manager_coverage.py::TestProcessLifecycleBehavior::test_process_validation_immediate_exit_behavior PASSED [ 40%]
tests/unit/test_launcher_manager_coverage.py::TestProcessLifecycleBehavior::test_process_validation_exception_handling PASSED [ 40%]
tests/unit/test_launcher_manager_coverage.py::TestProcessLifecycleBehavior::test_cleanup_during_shutdown_behavior PASSED [ 40%]
tests/unit/test_launcher_manager_coverage.py::TestProcessLifecycleBehavior::test_cleanup_error_recovery_behavior PASSED [ 40%]
tests/unit/test_launcher_manager_coverage.py::TestProcessLifecycleBehavior::test_periodic_cleanup_shutdown_behavior PASSED [ 40%]
tests/unit/test_launcher_manager_coverage.py::TestProcessLifecycleBehavior::test_old_process_cleanup_behavior PASSED [ 40%]
tests/unit/test_launcher_manager_coverage.py::TestProcessLifecycleBehavior::test_periodic_cleanup_exception_recovery PASSED [ 40%]
tests/unit/test_launcher_manager_coverage.py::TestProcessLifecycleBehavior::test_active_process_info_error_handling PASSED [ 40%]
tests/unit/test_launcher_manager_coverage.py::TestProcessLifecycleBehavior::test_terminate_already_finished_process_behavior PASSED [ 40%]
tests/unit/test_launcher_manager_coverage.py::TestProcessLifecycleBehavior::test_force_kill_process_behavior PASSED [ 40%]
tests/unit/test_launcher_manager_coverage.py::TestProcessLifecycleBehavior::test_terminate_process_exception_handling PASSED [ 41%]
tests/unit/test_launcher_manager_coverage.py::TestSystemShutdownBehavior::test_complete_shutdown_sequence PASSED [ 41%]
tests/unit/test_launcher_manager_coverage.py::TestSystemShutdownBehavior::test_shutdown_with_stubborn_processes PASSED [ 41%]
tests/unit/test_launcher_manager_coverage.py::TestSystemShutdownBehavior::test_config_reload_success_behavior PASSED [ 41%]
tests/unit/test_launcher_manager_coverage.py::TestSystemShutdownBehavior::test_config_reload_failure_recovery PASSED [ 41%]
tests/unit/test_launcher_manager_coverage.py::TestProcessPoolIntegration::test_process_pool_timeout_behavior PASSED [ 41%]
tests/unit/test_launcher_manager_coverage.py::TestProcessPoolIntegration::test_process_pool_exception_recovery PASSED [ 41%]
tests/unit/test_launcher_manager_coverage.py::TestProcessPoolIntegration::test_process_pool_integration_success PASSED [ 41%]
tests/unit/test_launcher_manager_coverage.py::TestWorkerExecutionBehavior::test_worker_creation_failure_behavior PASSED [ 41%]
tests/unit/test_launcher_manager_coverage.py::TestWorkerExecutionBehavior::test_worker_finished_success_behavior PASSED [ 41%]
tests/unit/test_launcher_manager_coverage.py::TestWorkerExecutionBehavior::test_worker_finished_failure_behavior PASSED [ 41%]
tests/unit/test_launcher_manager_coverage.py::TestWorkerExecutionBehavior::test_worker_finished_nonexistent_launcher_behavior PASSED [ 41%]
tests/unit/test_launcher_manager_coverage.py::TestWorkerManagementBehavior::test_nonexistent_worker_state_check PASSED [ 42%]
tests/unit/test_launcher_manager_coverage.py::TestWorkerManagementBehavior::test_worker_state_check_behavior PASSED [ 42%]
tests/unit/test_launcher_manager_coverage.py::TestWorkerManagementBehavior::test_deleted_worker_state_behavior PASSED [ 42%]
tests/unit/test_launcher_manager_coverage.py::TestWorkerManagementBehavior::test_worker_runtime_error_behavior PASSED [ 42%]
tests/unit/test_launcher_manager_coverage.py::TestWorkerManagementBehavior::test_worker_general_exception_behavior PASSED [ 42%]
tests/unit/test_launcher_manager_coverage.py::TestWorkerManagementBehavior::test_cleanup_scheduling_behavior PASSED [ 42%]
tests/unit/test_launcher_manager_coverage.py::TestWorkerManagementBehavior::test_inconsistent_worker_cleanup_behavior PASSED [ 42%]
tests/unit/test_launcher_manager_coverage.py::TestWorkerManagementBehavior::test_unstarted_worker_cleanup_behavior PASSED [ 42%]
tests/unit/test_launcher_manager_coverage.py::TestWorkerManagementBehavior::test_stuck_worker_cleanup_behavior PASSED [ 42%]
tests/unit/test_launcher_manager_coverage.py::TestWorkerManagementBehavior::test_worker_cleanup_exception_recovery PASSED [ 42%]
tests/unit/test_launcher_manager_coverage.py::TestWorkerManagementBehavior::test_inconsistent_worker_force_termination_behavior PASSED [ 42%]
tests/unit/test_launcher_manager_coverage.py::TestWorkerManagementBehavior::test_duplicate_cleanup_scheduling_prevention PASSED [ 43%]
tests/unit/test_launcher_manager_coverage.py::TestWorkerManagementBehavior::test_cleanup_timer_reuse_behavior PASSED [ 43%]
tests/unit/test_launcher_manager_coverage.py::TestWorkerManagementBehavior::test_cleanup_reset_behavior PASSED [ 43%]
tests/unit/test_launcher_manager_coverage.py::TestWorkerManagementBehavior::test_worker_graceful_stop_failure_behavior PASSED [ 43%]
tests/unit/test_launcher_manager_coverage.py::TestWorkerManagementBehavior::test_stop_all_workers_exception_recovery PASSED [ 43%]
tests/unit/test_launcher_manager_coverage.py::TestErrorRecoveryBehavior::test_manager_recovery_after_multiple_failures PASSED [ 43%]
tests/unit/test_launcher_manager_coverage.py::TestErrorRecoveryBehavior::test_concurrent_operation_resilience PASSED [ 43%]
tests/unit/test_launcher_manager_coverage.py::TestErrorRecoveryBehavior::test_system_state_consistency PASSED [ 43%]
tests/unit/test_launcher_manager_coverage_refactored.py::TestLauncherManagerBehavior::test_create_launcher_behavior PASSED [ 43%]
tests/unit/test_launcher_manager_coverage_refactored.py::TestLauncherManagerBehavior::test_execute_launcher_behavior PASSED [ 43%]
tests/unit/test_launcher_manager_coverage_refactored.py::TestLauncherManagerBehavior::test_delete_launcher_behavior PASSED [ 43%]
tests/unit/test_launcher_manager_coverage_refactored.py::TestLauncherManagerBehavior::test_concurrent_execution_behavior PASSED [ 43%]
tests/unit/test_launcher_manager_coverage_refactored.py::TestLauncherManagerBehavior::test_validation_error_behavior PASSED [ 44%]
tests/unit/test_launcher_manager_coverage_refactored.py::TestLauncherManagerBehavior::test_process_cleanup_behavior PASSED [ 44%]
tests/unit/test_launcher_manager_coverage_refactored.py::TestLauncherWorkerBehavior::test_worker_execution_behavior PASSED [ 44%]
tests/unit/test_launcher_manager_coverage_refactored.py::TestLauncherWorkerBehavior::test_worker_error_handling_behavior PASSED [ 44%]
tests/unit/test_launcher_manager_coverage_refactored.py::TestLauncherWorkerBehavior::test_worker_termination_behavior PASSED [ 44%]
tests/unit/test_launcher_manager_coverage_refactored.py::TestLauncherManagerPersistence::test_save_and_load_behavior PASSED [ 44%]
tests/unit/test_launcher_manager_coverage_refactored.py::TestLauncherManagerPersistence::test_config_corruption_recovery_behavior PASSED [ 44%]
tests/unit/test_launcher_manager_coverage_refactored.py::TestLauncherManagerThreadSafety::test_concurrent_launcher_creation_behavior PASSED [ 44%]
tests/unit/test_launcher_manager_refactored.py::TestLauncherManagerBasicOperations::test_launcher_creation_and_retrieval PASSED [ 44%]
tests/unit/test_launcher_manager_refactored.py::TestLauncherManagerBasicOperations::test_launcher_list_operations PASSED [ 44%]
tests/unit/test_launcher_manager_refactored.py::TestLauncherManagerBasicOperations::test_launcher_deletion PASSED [ 44%]
tests/unit/test_launcher_manager_refactored.py::TestLauncherConfigPersistence::test_config_save_and_load_cycle PASSED [ 44%]
tests/unit/test_launcher_manager_refactored.py::TestLauncherConfigPersistence::test_empty_config_handling PASSED [ 45%]
tests/unit/test_launcher_manager_refactored.py::TestLauncherConfigPersistence::test_corrupted_config_recovery PASSED [ 45%]
tests/unit/test_launcher_manager_refactored.py::TestLauncherValidation::test_empty_name_validation PASSED [ 45%]
tests/unit/test_launcher_manager_refactored.py::TestLauncherValidation::test_dangerous_command_detection PASSED [ 45%]
tests/unit/test_launcher_manager_refactored.py::TestLauncherValidation::test_valid_launcher_creation PASSED [ 45%]
tests/unit/test_launcher_manager_refactored.py::TestLauncherValidation::test_variable_substitution PASSED [ 45%]
tests/unit/test_launcher_manager_refactored.py::TestLauncherSignalEmission::test_launcher_added_signal PASSED [ 45%]
tests/unit/test_launcher_manager_refactored.py::TestLauncherSignalEmission::test_launcher_updated_signal PASSED [ 45%]
tests/unit/test_launcher_manager_refactored.py::TestLauncherSignalEmission::test_launcher_deleted_signal PASSED [ 45%]
tests/unit/test_launcher_manager_refactored.py::TestLauncherSignalEmission::test_validation_error_signal PASSED [ 45%]
tests/unit/test_launcher_manager_refactored.py::TestLauncherExecution::test_dry_run_execution PASSED [ 45%]
tests/unit/test_launcher_manager_refactored.py::TestLauncherExecution::test_execution_with_custom_variables PASSED [ 45%]
tests/unit/test_launcher_manager_refactored.py::TestLauncherExecution::test_nonexistent_launcher_execution PASSED [ 46%]
tests/unit/test_launcher_manager_refactored.py::TestShotContextExecution::test_shot_context_variable_substitution PASSED [ 46%]
tests/unit/test_launcher_manager_refactored.py::TestShotContextExecution::test_shot_context_dry_run PASSED [ 46%]
tests/unit/test_launcher_manager_refactored.py::TestShotContextExecution::test_nonexistent_launcher_in_shot_context PASSED [ 46%]
tests/unit/test_launcher_manager_refactored.py::TestLauncherUpdateOperations::test_launcher_update_name PASSED [ 46%]
tests/unit/test_launcher_manager_refactored.py::TestLauncherUpdateOperations::test_launcher_update_command PASSED [ 46%]
tests/unit/test_launcher_manager_refactored.py::TestLauncherUpdateOperations::test_launcher_update_nonexistent PASSED [ 46%]
tests/unit/test_launcher_manager_refactored.py::TestCommandValidation::test_valid_command_syntax PASSED [ 46%]
tests/unit/test_launcher_manager_refactored.py::TestCommandValidation::test_invalid_command_syntax PASSED [ 46%]
tests/unit/test_launcher_manager_refactored.py::TestCommandValidation::test_empty_command_validation PASSED [ 46%]
tests/unit/test_launcher_manager_refactored.py::TestLauncherCategories::test_default_category_assignment PASSED [ 46%]
tests/unit/test_launcher_manager_refactored.py::TestLauncherCategories::test_custom_category_assignment PASSED [ 47%]
tests/unit/test_launcher_manager_refactored.py::TestLauncherCategories::test_category_listing PASSED [ 47%]
tests/unit/test_launcher_manager_refactored.py::TestLauncherCategories::test_get_categories PASSED [ 47%]
tests/unit/test_launcher_manager_refactored.py::TestLauncherConfigReload::test_config_reload_success PASSED [ 47%]
tests/unit/test_launcher_manager_refactored.py::TestLauncherConfigReload::test_get_active_process_count PASSED [ 47%]
tests/unit/test_launcher_manager_refactored.py::TestLauncherConfigReload::test_get_active_process_info PASSED [ 47%]
tests/unit/test_launcher_manager_refactored.py::TestLauncherPersistenceIntegration::test_persistence_across_instances PASSED [ 47%]
tests/unit/test_log_viewer.py::TestLogViewer::test_initialization PASSED [ 47%]
tests/unit/test_log_viewer.py::TestLogViewer::test_ui_components_properties PASSED [ 47%]
tests/unit/test_log_viewer.py::TestLogViewer::test_layout_structure PASSED [ 47%]
tests/unit/test_log_viewer.py::TestLogViewer::test_add_command_basic PASSED [ 47%]
tests/unit/test_log_viewer.py::TestLogViewer::test_add_error_basic PASSED [ 47%]
tests/unit/test_log_viewer.py::TestLogViewer::test_entry_formatting_and_colors PASSED [ 48%]
tests/unit/test_log_viewer.py::TestLogViewer::test_auto_scroll_behavior PASSED [ 48%]
tests/unit/test_log_viewer.py::TestLogViewer::test_clear_log_method PASSED [ 48%]
tests/unit/test_log_viewer.py::TestLogViewer::test_clear_button_connection PASSED [ 48%]
tests/unit/test_log_viewer.py::TestLogViewer::test_log_trimming_at_max_lines PASSED [ 48%]
tests/unit/test_log_viewer.py::TestLogViewer::test_line_count_tracking PASSED [ 48%]
tests/unit/test_log_viewer.py::TestLogViewer::test_multiple_entries_order PASSED [ 48%]
tests/unit/test_log_viewer.py::TestLogViewer::test_empty_text_handling PASSED [ 48%]
tests/unit/test_log_viewer.py::TestLogViewer::test_special_characters_handling PASSED [ 48%]
tests/unit/test_log_viewer.py::TestLogViewer::test_very_long_text_handling PASSED [ 48%]
tests/unit/test_log_viewer.py::TestLogViewer::test_cursor_position_after_entries PASSED [ 48%]
tests/unit/test_log_viewer.py::TestLogViewer::test_html_escaping_behavior PASSED [ 48%]
tests/unit/test_log_viewer.py::TestLogViewer::test_timestamp_consistency PASSED [ 49%]
tests/unit/test_main_window.py::TestMainWindowInitialization::test_main_window_creates_all_components PASSED [ 49%]
tests/unit/test_main_window.py::TestMainWindowInitialization::test_main_window_without_cache_manager PASSED [ 49%]
tests/unit/test_main_window.py::TestMainWindowInitialization::test_window_title_is_set PASSED [ 49%]
tests/unit/test_main_window.py::TestTabSwitching::test_tab_switching_updates_current_view PASSED [ 49%]
tests/unit/test_main_window.py::TestShotSelection::test_shot_selection_enables_app_buttons PASSED [ 49%]
tests/unit/test_main_window.py::TestShotSelection::test_shot_deselection_disables_app_buttons PASSED [ 49%]
tests/unit/test_main_window.py::TestShotRefresh::test_refresh_shots_updates_display PASSED [ 49%]
tests/unit/test_main_window.py::TestApplicationLaunching::test_launch_app_with_selected_shot PASSED [ 49%]
tests/unit/test_main_window.py::TestApplicationLaunching::test_launch_app_without_shot_shows_error PASSED [ 49%]
tests/unit/test_main_window.py::TestSignalConnections::test_shot_model_refresh_behavior PASSED [ 49%]
tests/unit/test_main_window.py::TestSignalConnections::test_custom_launcher_signals_connected PASSED [ 50%]
tests/unit/test_main_window.py::TestWindowCleanup::test_cleanup_on_close PASSED [ 50%]
tests/unit/test_main_window.py::TestStatusBar::test_status_bar_updates PASSED [ 50%]
tests/unit/test_main_window.py::TestThumbnailSizeControl::test_increase_thumbnail_size PASSED [ 50%]
tests/unit/test_main_window.py::TestThumbnailSizeControl::test_decrease_thumbnail_size PASSED [ 50%]
tests/unit/test_main_window.py::TestMainWindowIntegration::test_complete_shot_selection_workflow PASSED [ 50%]
tests/unit/test_main_window_fixed.py::TestMainWindowNoHang::test_main_window_creates_components PASSED [ 50%]
tests/unit/test_main_window_fixed.py::TestMainWindowNoHang::test_shot_selection_enables_buttons PASSED [ 50%]
tests/unit/test_main_window_fixed.py::TestMainWindowNoHang::test_refresh_shots_with_mock_pool PASSED [ 50%]
tests/unit/test_main_window_fixed.py::TestApplicationLaunchingNoHang::test_launch_app_with_selected_shot PASSED [ 50%]
tests/unit/test_main_window_fixed.py::TestApplicationLaunchingNoHang::test_launch_without_shot_returns_false PASSED [ 50%]
tests/unit/test_main_window_widgets.py::TestMainWindowInitialization::test_window_creation PASSED [ 50%]
tests/unit/test_main_window_widgets.py::TestMainWindowInitialization::test_window_properties PASSED [ 51%]
tests/unit/test_main_window_widgets.py::TestMainWindowInitialization::test_window_central_widget PASSED [ 51%]
tests/unit/test_main_window_widgets.py::TestMainWindowInitialization::test_cache_manager_assignment PASSED [ 51%]
tests/unit/test_main_window_widgets.py::TestMainWindowUIComponents::test_tab_widget_exists PASSED [ 51%]
tests/unit/test_main_window_widgets.py::TestMainWindowUIComponents::test_status_bar_exists PASSED [ 51%]
tests/unit/test_main_window_widgets.py::TestMainWindowUIComponents::test_menu_bar_exists PASSED [ 51%]
tests/unit/test_main_window_widgets.py::TestMainWindowUIComponents::test_splitter_configuration PASSED [ 51%]
tests/unit/test_main_window_widgets.py::TestMainWindowUIComponents::test_essential_components_exist PASSED [ 51%]
tests/unit/test_main_window_widgets.py::TestMainWindowTabFunctionality::test_tab_navigation PASSED [ 51%]
tests/unit/test_main_window_widgets.py::TestMainWindowTabFunctionality::test_tab_content_exists PASSED [ 51%]
tests/unit/test_main_window_widgets.py::TestMainWindowTabFunctionality::test_tab_labels PASSED [ 51%]
tests/unit/test_main_window_widgets.py::TestMainWindowTabFunctionality::test_tab_switching_signals PASSED [ 51%]
tests/unit/test_main_window_widgets.py::TestMainWindowSignalConnections::test_shot_model_connections PASSED [ 52%]
tests/unit/test_main_window_widgets.py::TestMainWindowSignalConnections::test_launcher_manager_connections PASSED [ 52%]
tests/unit/test_main_window_widgets.py::TestMainWindowSignalConnections::test_threede_scene_worker_connections PASSED [ 52%]
tests/unit/test_main_window_widgets.py::TestMainWindowKeyboardShortcuts::test_refresh_shortcut PASSED [ 52%]
tests/unit/test_main_window_widgets.py::TestMainWindowKeyboardShortcuts::test_tab_navigation_shortcuts PASSED [ 52%]
tests/unit/test_main_window_widgets.py::TestMainWindowKeyboardShortcuts::test_escape_key_handling PASSED [ 52%]
tests/unit/test_main_window_widgets.py::TestMainWindowStateManagement::test_window_geometry_management PASSED [ 52%]
tests/unit/test_main_window_widgets.py::TestMainWindowStateManagement::test_window_show_hide PASSED [ 52%]
tests/unit/test_main_window_widgets.py::TestMainWindowStateManagement::test_window_minimize_restore PASSED [ 52%]
tests/unit/test_main_window_widgets.py::TestMainWindowErrorHandling::test_window_creation_with_no_cache_manager PASSED [ 52%]
tests/unit/test_main_window_widgets.py::TestMainWindowErrorHandling::test_window_close_event_handling PASSED [ 52%]
tests/unit/test_main_window_widgets.py::TestMainWindowErrorHandling::test_window_with_missing_components PASSED [ 52%]
tests/unit/test_main_window_widgets.py::TestMainWindowIntegration::test_component_communication PASSED [ 53%]
tests/unit/test_main_window_widgets.py::TestMainWindowIntegration::test_cache_manager_integration PASSED [ 53%]
tests/unit/test_main_window_widgets.py::TestMainWindowIntegration::test_status_updates PASSED [ 53%]
tests/unit/test_main_window_widgets.py::TestMainWindowIntegration::test_ui_responsiveness_under_load PASSED [ 53%]
tests/unit/test_main_window_widgets.py::TestMainWindowIntegration::test_component_cleanup PASSED [ 53%]
tests/unit/test_memory_manager.py::TestMemoryManagerInitialization::test_default_initialization PASSED [ 53%]
tests/unit/test_memory_manager.py::TestMemoryManagerInitialization::test_custom_memory_limit PASSED [ 53%]
tests/unit/test_memory_manager.py::TestMemoryManagerInitialization::test_zero_memory_limit PASSED [ 53%]
tests/unit/test_memory_manager.py::TestMemoryManagerInitialization::test_string_representation PASSED [ 53%]
tests/unit/test_memory_manager.py::TestMemoryTracking::test_track_item_with_file_size PASSED [ 53%]
tests/unit/test_memory_manager.py::TestMemoryTracking::test_track_item_with_explicit_size PASSED [ 53%]
tests/unit/test_memory_manager.py::TestMemoryTracking::test_track_nonexistent_file PASSED [ 54%]
tests/unit/test_memory_manager.py::TestMemoryTracking::test_track_item_update_size PASSED [ 54%]
tests/unit/test_memory_manager.py::TestMemoryTracking::test_untrack_item PASSED [ 54%]
tests/unit/test_memory_manager.py::TestMemoryTracking::test_untrack_nonexistent_item PASSED [ 54%]
tests/unit/test_memory_manager.py::TestMemoryTracking::test_memory_usage_setter_backward_compatibility PASSED [ 54%]
tests/unit/test_memory_manager.py::TestLRUEviction::test_evict_if_needed_under_limit PASSED [ 54%]
tests/unit/test_memory_manager.py::TestLRUEviction::test_evict_if_needed_over_limit PASSED [ 54%]
tests/unit/test_memory_manager.py::TestLRUEviction::test_lru_eviction_order PASSED [ 54%]
tests/unit/test_memory_manager.py::TestLRUEviction::test_evict_nonexistent_files PASSED [ 54%]
tests/unit/test_memory_manager.py::TestLRUEviction::test_evict_with_file_access_error PASSED [ 54%]
tests/unit/test_memory_manager.py::TestUsageStatistics::test_get_usage_stats_empty PASSED [ 54%]
tests/unit/test_memory_manager.py::TestUsageStatistics::test_get_usage_stats_with_items PASSED [ 54%]
tests/unit/test_memory_manager.py::TestUsageStatistics::test_is_over_limit PASSED [ 55%]
tests/unit/test_memory_manager.py::TestUsageStatistics::test_usage_stats_zero_limit PASSED [ 55%]
tests/unit/test_memory_manager.py::TestUsageStatistics::test_usage_stats_true_zero_limit PASSED [ 55%]
tests/unit/test_memory_manager.py::TestCacheValidation::test_validate_tracking_all_valid PASSED [ 55%]
tests/unit/test_memory_manager.py::TestCacheValidation::test_validate_tracking_invalid_files PASSED [ 55%]
tests/unit/test_memory_manager.py::TestCacheValidation::test_validate_tracking_size_mismatches PASSED [ 55%]
tests/unit/test_memory_manager.py::TestCacheValidation::test_validate_tracking_with_access_errors PASSED [ 55%]
tests/unit/test_memory_manager.py::TestClearAndReset::test_clear_all_tracking PASSED [ 55%]
tests/unit/test_memory_manager.py::TestClearAndReset::test_clear_empty_manager PASSED [ 55%]
tests/unit/test_memory_manager.py::TestThreadSafety::test_concurrent_track_untrack PASSED [ 55%]
tests/unit/test_memory_manager.py::TestThreadSafety::test_concurrent_statistics_access PASSED [ 55%]
tests/unit/test_memory_manager.py::TestThreadSafety::test_concurrent_validation PASSED [ 55%]
tests/unit/test_memory_manager.py::TestEdgeCasesAndErrorConditions::test_track_item_with_zero_size PASSED [ 56%]
tests/unit/test_memory_manager.py::TestEdgeCasesAndErrorConditions::test_track_item_with_negative_size PASSED [ 56%]
tests/unit/test_memory_manager.py::TestEdgeCasesAndErrorConditions::test_memory_usage_consistency_after_errors PASSED [ 56%]
tests/unit/test_memory_manager.py::TestEdgeCasesAndErrorConditions::test_property_access_thread_safety PASSED [ 56%]
tests/unit/test_memory_manager.py::TestEdgeCasesAndErrorConditions::test_evict_with_no_tracked_items PASSED [ 56%]
tests/unit/test_nuke_script_generator.py::TestNukeScriptGenerator::test_initialization PASSED [ 56%]
tests/unit/test_nuke_script_generator.py::TestNukeScriptGenerator::test_cleanup_registration PASSED [ 56%]
tests/unit/test_nuke_script_generator.py::TestNukeScriptGenerator::test_generate_script_basic PASSED [ 56%]
tests/unit/test_nuke_script_generator.py::TestNukeScriptGenerator::test_generate_script_with_undistortion PASSED [ 56%]
tests/unit/test_nuke_script_generator.py::TestNukeScriptGenerator::test_colorspace_detection PASSED [ 56%]
tests/unit/test_nuke_script_generator.py::TestNukeScriptGenerator::test_shot_name_sanitization PASSED [ 56%]
tests/unit/test_nuke_script_generator.py::TestNukeScriptGenerator::test_temporary_file_tracking PASSED [ 56%]
tests/unit/test_nuke_script_generator.py::TestNukeScriptGenerator::test_cleanup_temp_files PASSED [ 57%]
tests/unit/test_nuke_script_generator.py::TestNukeScriptGenerator::test_error_handling_missing_plate PASSED [ 57%]
tests/unit/test_nuke_script_generator.py::TestNukeScriptGenerator::test_multiple_script_generation PASSED [ 57%]
tests/unit/test_nuke_script_generator.py::TestNukeScriptGenerator::test_colorspace_with_spaces PASSED [ 57%]
tests/unit/test_nuke_script_generator.py::TestNukeScriptGenerator::test_generate_complete_comp_script PASSED [ 57%]
tests/unit/test_previous_shots_cache_integration.py::TestPreviousShootsCacheIntegration::test_cache_storage_and_retrieval PASSED [ 57%]
tests/unit/test_previous_shots_cache_integration.py::TestPreviousShootsCacheIntegration::test_cache_data_consistency PASSED [ 57%]
tests/unit/test_previous_shots_cache_integration.py::TestPreviousShootsCacheIntegration::test_cache_ttl_behavior PASSED [ 57%]
tests/unit/test_previous_shots_cache_integration.py::TestPreviousShootsCacheIntegration::test_cache_invalidation PASSED [ 57%]
tests/unit/test_previous_shots_cache_integration.py::TestPreviousShootsCacheIntegration::test_model_cache_integration_on_init PASSED [ 57%]
tests/unit/test_previous_shots_cache_integration.py::TestPreviousShootsCacheIntegration::test_model_cache_integration_on_refresh PASSED [ 57%]
tests/unit/test_previous_shots_cache_integration.py::TestPreviousShootsCacheIntegration::test_cache_corruption_recovery PASSED [ 58%]
tests/unit/test_previous_shots_cache_integration.py::TestPreviousShootsCacheIntegration::test_cache_partial_write_recovery PASSED [ 58%]
tests/unit/test_previous_shots_cache_integration.py::TestPreviousShootsCacheIntegration::test_concurrent_cache_access PASSED [ 58%]
tests/unit/test_previous_shots_cache_integration.py::TestPreviousShootsCacheIntegration::test_cache_directory_creation PASSED [ 58%]
tests/unit/test_previous_shots_cache_integration.py::TestPreviousShootsCacheIntegration::test_cache_permissions_handling PASSED [ 58%]
tests/unit/test_previous_shots_finder.py::TestPreviousShotsFinder::test_finder_initialization_with_username PASSED [ 58%]
tests/unit/test_previous_shots_finder.py::TestPreviousShotsFinder::test_finder_initialization_with_sanitization PASSED [ 58%]
tests/unit/test_previous_shots_finder.py::TestPreviousShotsFinder::test_finder_initialization_default_user PASSED [ 58%]
[...]
tests/unit/test_shot_grid_widget.py::TestShotGridView::test_model_data_changes PASSED [ 71%]
tests/unit/test_shot_grid_widget.py::TestShotGridView::test_view_widget_properties PASSED [ 71%]
tests/unit/test_shot_grid_widget.py::TestShotGridIntegration::test_integration_widget_creation PASSED [ 71%]
tests/unit/test_shot_grid_widget.py::TestShotGridIntegration::test_integration_thumbnail_loading PASSED [ 71%]
tests/unit/test_shot_grid_widget.py::TestShotGridIntegration::test_integration_selection_workflow PASSED [ 71%]
tests/unit/test_shot_grid_widget.py::TestShotGridIntegration::test_integration_resize_handling PASSED [ 71%]
tests/unit/test_shot_grid_widget.py::TestShotGridIntegration::test_integration_focus_handling PASSED [ 71%]
tests/unit/test_shot_grid_widget.py::TestShotGridIntegration::test_integration_event_processing PASSED [ 71%]
tests/unit/test_shot_model.py::TestShot::test_shot_creation PASSED       [ 71%]
tests/unit/test_shot_model.py::TestShot::test_shot_string_representation PASSED [ 71%]
tests/unit/test_shot_model.py::TestShot::test_shot_full_name_property PASSED [ 71%]
tests/unit/test_shot_model.py::TestShot::test_shot_thumbnail_dir_property PASSED [ 72%]
tests/unit/test_shot_model.py::TestShot::test_get_thumbnail_path_editorial_success PASSED [ 72%]
tests/unit/test_shot_model.py::TestShot::test_get_thumbnail_path_turnover_fallback PASSED [ 72%]
tests/unit/test_shot_model.py::TestShot::test_get_thumbnail_path_publish_fallback PASSED [ 72%]
tests/unit/test_shot_model.py::TestShot::test_get_thumbnail_path_no_thumbnails_found PASSED [ 72%]
tests/unit/test_shot_model.py::TestShot::test_shot_to_dict_serialization PASSED [ 72%]
tests/unit/test_shot_model.py::TestShot::test_shot_from_dict_deserialization PASSED [ 72%]
tests/unit/test_shot_model.py::TestShot::test_shot_serialization_roundtrip PASSED [ 72%]
tests/unit/test_shot_model.py::TestShotModel::test_shot_model_initialization PASSED [ 72%]
tests/unit/test_shot_model.py::TestShotModel::test_get_shots PASSED      [ 72%]
tests/unit/test_shot_model.py::TestShotModel::test_get_shot_by_name PASSED [ 72%]
tests/unit/test_shot_model.py::TestShotModel::test_get_shot_by_name_not_found PASSED [ 72%]
tests/unit/test_shot_model.py::TestShotModel::test_refresh_shots_success PASSED [ 73%]
tests/unit/test_shot_model.py::TestShotModel::test_refresh_shots_failure PASSED [ 73%]
tests/unit/test_shot_model.py::TestShotModel::test_refresh_result_tuple_unpacking PASSED [ 73%]
tests/unit/test_shot_model.py::TestShotModel::test_get_shots_method PASSED [ 73%]
tests/unit/test_shot_model.py::TestShotModel::test_get_shot_by_index_valid PASSED [ 73%]
tests/unit/test_shot_model.py::TestShotModel::test_get_shot_by_index_invalid PASSED [ 73%]
tests/unit/test_shot_model.py::TestShotModel::test_load_from_cache_success PASSED [ 73%]
tests/unit/test_shot_model.py::TestShotModel::test_load_from_cache_no_data PASSED [ 73%]
tests/unit/test_shot_model.py::TestShotModelErrorHandling::test_refresh_shots_timeout_error PASSED [ 73%]
tests/unit/test_shot_model.py::TestShotModelErrorHandling::test_refresh_shots_change_detection PASSED [ 73%]
tests/unit/test_shot_model.py::TestShotModelParser::test_parse_ws_output_invalid_input_type PASSED [ 73%]
tests/unit/test_shot_model.py::TestShotModelParser::test_parse_ws_output_empty_string PASSED [ 73%]
tests/unit/test_shot_model.py::TestShotModelParser::test_parse_ws_output_no_matches PASSED [ 74%]
tests/unit/test_shot_model.py::TestShotModelParser::test_parse_ws_output_mixed_valid_invalid PASSED [ 74%]
tests/unit/test_shot_model.py::TestShotModelParser::test_parse_ws_output_empty_lines PASSED [ 74%]
tests/unit/test_shot_model.py::TestShotModelParser::test_parse_ws_output_complex_shot_names PASSED [ 74%]
tests/unit/test_shot_model.py::TestShotModelPerformance::test_invalidate_workspace_cache PASSED [ 74%]
tests/unit/test_shot_model.py::TestShotModelPerformance::test_get_performance_metrics PASSED [ 74%]
tests/unit/test_shotbot.py::TestShotbotLogging::test_setup_logging_creates_log_directory PASSED [ 74%]
tests/unit/test_shotbot.py::TestShotbotLogging::test_setup_logging_configures_root_logger PASSED [ 74%]
tests/unit/test_shotbot.py::TestShotbotLogging::test_setup_logging_handles_debug_environment PASSED [ 74%]
tests/unit/test_shotbot.py::TestShotbotLogging::test_setup_logging_suppresses_pil_loggers PASSED [ 74%]
tests/unit/test_shotbot.py::TestShotbotMain::test_main_calls_setup_logging PASSED [ 74%]
tests/unit/test_shotbot.py::TestShotbotMain::test_main_creates_qapplication_with_correct_settings PASSED [ 75%]
tests/unit/test_shotbot.py::TestShotbotMain::test_main_sets_dark_palette PASSED [ 75%]
tests/unit/test_shotbot.py::TestShotbotMain::test_main_creates_and_shows_main_window PASSED [ 75%]
tests/unit/test_shotbot.py::TestShotbotMain::test_main_executes_application_and_exits PASSED [ 75%]
tests/unit/test_shotbot.py::TestShotbotMain::test_main_import_order PASSED [ 75%]
tests/unit/test_shotbot.py::TestShotbotIntegration::test_can_import_main_components PASSED [ 75%]
tests/unit/test_shotbot.py::TestShotbotIntegration::test_logging_configuration_persists PASSED [ 75%]
tests/unit/test_shotbot.py::TestShotbotIntegration::test_debug_environment_variations[1] PASSED [ 75%]
tests/unit/test_shotbot.py::TestShotbotIntegration::test_debug_environment_variations[true] PASSED [ 75%]
tests/unit/test_shotbot.py::TestShotbotIntegration::test_debug_environment_variations[True] PASSED [ 75%]
tests/unit/test_shotbot.py::TestShotbotIntegration::test_debug_environment_variations[DEBUG] PASSED [ 75%]
tests/unit/test_template.py::TestExampleClassBehavior::test_successful_operation_behavior PASSED [ 75%]
tests/unit/test_template.py::TestExampleClassBehavior::test_error_handling_behavior PASSED [ 76%]
tests/unit/test_template.py::TestExampleClassBehavior::test_various_inputs[alpha-processed_alpha] PASSED [ 76%]
tests/unit/test_template.py::TestExampleClassBehavior::test_various_inputs[123-processed_123] PASSED [ 76%]
tests/unit/test_template.py::TestExampleClassBehavior::test_various_inputs[special!@#-processed_special!@#] PASSED [ 76%]
tests/unit/test_template.py::TestExampleClassIntegration::test_with_filesystem PASSED [ 76%]
tests/unit/test_template.py::TestExampleClassIntegration::test_with_qt_signals PASSED [ 76%]
tests/unit/test_template.py::TestExampleClassIntegration::test_slow_operation PASSED [ 76%]
tests/unit/test_template.py::TestExampleClassEdgeCases::test_unicode_handling PASSED [ 76%]
tests/unit/test_template.py::TestExampleClassEdgeCases::test_resource_cleanup PASSED [ 76%]
tests/unit/test_threede_scene_finder.py::TestThreeDESceneFinderBasics::test_class_attributes PASSED [ 76%]
tests/unit/test_threede_scene_finder.py::TestThreeDESceneFinderBasics::test_static_methods_exist FAILED [ 76%]
tests/unit/test_threede_scene_finder.py::TestThreeDESceneFinderBasics::test_extract_plate_from_path PASSED [ 76%]
tests/unit/test_threede_scene_finder.py::TestThreeDESceneFinderBasics::test_verify_scene_exists PASSED [ 77%]
tests/unit/test_threede_scene_finder.py::TestThreeDESceneFinderBasics::test_quick_3de_exists_check_python FAILED [ 77%]
tests/unit/test_threede_scene_finder.py::TestSceneDiscovery::test_find_scenes_for_shot PASSED [ 77%]
tests/unit/test_threede_scene_finder.py::TestSceneDiscovery::test_find_scenes_with_no_excluded_users PASSED [ 77%]
tests/unit/test_threede_scene_finder.py::TestSceneDiscovery::test_find_scenes_flexible_paths PASSED [ 77%]
tests/unit/test_threede_scene_finder.py::TestSceneDiscovery::test_find_scenes_invalid_input PASSED [ 77%]
tests/unit/test_threede_scene_finder.py::TestSceneDiscovery::test_find_scenes_nonexistent_path PASSED [ 77%]
tests/unit/test_threede_scene_finder.py::TestSceneDiscovery::test_discover_all_shots_in_show FAILED [ 77%]
tests/unit/test_threede_scene_finder.py::TestSceneDiscovery::test_discover_all_shots_nonexistent_show FAILED [ 77%]
tests/unit/test_threede_scene_finder.py::TestPlateExtraction::test_extract_plate_bg_fg_pattern PASSED [ 77%]
tests/unit/test_threede_scene_finder.py::TestPlateExtraction::test_extract_plate_fallback PASSED [ 77%]
tests/unit/test_threede_scene_finder.py::TestPerformance::test_quick_check_with_timeout FAILED [ 77%]
tests/unit/test_threede_scene_finder.py::TestPerformance::test_excluded_dirs_not_scanned PASSED [ 78%]
tests/unit/test_threede_scene_model.py::TestThreeDEScene::test_scene_creation PASSED [ 78%]
tests/unit/test_threede_scene_model.py::TestThreeDEScene::test_full_name_property PASSED [ 78%]
tests/unit/test_threede_scene_model.py::TestThreeDEScene::test_display_name_property PASSED [ 78%]
tests/unit/test_threede_scene_model.py::TestThreeDEScene::test_get_thumbnail_path_with_real_files PASSED [ 78%]
tests/unit/test_threede_scene_model.py::TestThreeDEScene::test_get_thumbnail_path_none_found PASSED [ 78%]
tests/unit/test_threede_scene_model.py::TestThreeDEScene::test_to_dict_serialization PASSED [ 78%]
tests/unit/test_threede_scene_model.py::TestThreeDEScene::test_from_dict_deserialization PASSED [ 78%]
tests/unit/test_threede_scene_model.py::TestThreeDESceneModel::test_initialization PASSED [ 78%]
tests/unit/test_threede_scene_model.py::TestThreeDESceneModel::test_refresh_scenes_with_real_files PASSED [ 78%]
tests/unit/test_threede_scene_model.py::TestThreeDESceneModel::test_scenes_property PASSED [ 78%]
tests/unit/test_threede_scene_model.py::TestThreeDESceneModel::test_find_scene_by_display_name PASSED [ 79%]
tests/unit/test_threede_scene_model.py::TestThreeDESceneModel::test_get_scene_by_index PASSED [ 79%]
tests/unit/test_threede_scene_model.py::TestThreeDESceneModel::test_deduplicate_scenes_per_shot PASSED [ 79%]
tests/unit/test_threede_scene_model.py::TestThreeDESceneModel::test_load_from_cache PASSED [ 79%]
tests/unit/test_threede_scene_model.py::TestThreeDESceneModel::test_empty_cache_returns_false PASSED [ 79%]
tests/unit/test_threede_scene_model.py::TestThreeDESceneModel::test_concurrent_refresh PASSED [ 79%]
tests/unit/test_threede_scene_worker.py::TestProgressCalculator::test_initialization PASSED [ 79%]
tests/unit/test_threede_scene_worker.py::TestProgressCalculator::test_progress_calculation PASSED [ 79%]
tests/unit/test_threede_scene_worker.py::TestProgressCalculator::test_eta_calculation PASSED [ 79%]
tests/unit/test_threede_scene_worker.py::TestThreeDESceneWorker::test_worker_initialization PASSED [ 79%]
tests/unit/test_threede_scene_worker.py::TestThreeDESceneWorker::test_stop_mechanism PASSED [ 79%]
tests/unit/test_threede_scene_worker.py::TestThreeDESceneWorker::test_pause_resume_mechanism PASSED [ 79%]
tests/unit/test_threede_scene_worker.py::TestThreeDESceneWorker::test_signal_existence PASSED [ 80%]
tests/unit/test_threede_scene_worker.py::TestThreeDESceneWorker::test_run_with_no_shots PASSED [ 80%]
tests/unit/test_threede_scene_worker.py::TestThreeDESceneWorker::test_scene_discovery_with_test_double PASSED [ 80%]
tests/unit/test_threede_scene_worker.py::TestThreeDESceneWorker::test_batch_processing PASSED [ 80%]
tests/unit/test_threede_scene_worker.py::TestThreeDESceneWorker::test_error_handling PASSED [ 80%]
tests/unit/test_threede_scene_worker.py::TestThreeDESceneWorkerIntegration::test_real_filesystem_discovery SKIPPED disabled) [ 80%]
tests/unit/test_threede_shot_grid.py::TestThreeDEShotGridInitialization::test_initialization PASSED [ 80%]
tests/unit/test_threede_shot_grid.py::TestThreeDEShotGridInitialization::test_ui_setup PASSED [ 80%]
tests/unit/test_threede_shot_grid.py::TestThreeDEShotGridInitialization::test_focus_policy PASSED [ 80%]
tests/unit/test_threede_shot_grid.py::TestThreeDEShotGridLoadingState::test_set_loading_true PASSED [ 80%]
tests/unit/test_threede_shot_grid.py::TestThreeDEShotGridLoadingState::test_set_loading_false PASSED [ 80%]
tests/unit/test_threede_shot_grid.py::TestThreeDEShotGridLoadingState::test_set_loading_progress PASSED [ 80%]
tests/unit/test_threede_shot_grid.py::TestThreeDEShotGridLoadingState::test_set_loading_progress_zero_total PASSED [ 81%]
tests/unit/test_threede_shot_grid.py::TestThreeDEShotGridSceneDisplay::test_refresh_scenes_with_scenes PASSED [ 81%]
tests/unit/test_threede_shot_grid.py::TestThreeDEShotGridSceneDisplay::test_refresh_scenes_empty PASSED [ 81%]
tests/unit/test_threede_shot_grid.py::TestThreeDEShotGridSceneDisplay::test_show_empty_state PASSED [ 81%]
tests/unit/test_threede_shot_grid.py::TestThreeDEShotGridSceneDisplay::test_clear_grid PASSED [ 81%]
tests/unit/test_threede_shot_grid.py::TestThreeDEShotGridColumnCalculation::test_get_column_count_default PASSED [ 81%]
tests/unit/test_threede_shot_grid.py::TestThreeDEShotGridColumnCalculation::test_get_column_count_calculated PASSED [ 81%]
tests/unit/test_threede_shot_grid.py::TestThreeDEShotGridColumnCalculation::test_get_column_count_minimum PASSED [ 81%]
tests/unit/test_threede_shot_grid.py::TestThreeDEShotGridSizeControl::test_size_slider_range PASSED [ 81%]
tests/unit/test_threede_shot_grid.py::TestThreeDEShotGridSizeControl::test_on_size_changed PASSED [ 81%]
tests/unit/test_threede_shot_grid.py::TestThreeDEShotGridSizeControl::test_wheel_event_with_ctrl PASSED [ 81%]
tests/unit/test_threede_shot_grid.py::TestThreeDEShotGridSizeControl::test_wheel_event_without_ctrl PASSED [ 81%]
tests/unit/test_threede_shot_grid.py::TestThreeDEShotGridSelection::test_thumbnail_click PASSED [ 82%]
tests/unit/test_threede_shot_grid.py::TestThreeDEShotGridSelection::test_thumbnail_double_click PASSED [ 82%]
tests/unit/test_threede_shot_grid.py::TestThreeDEShotGridSelection::test_select_scene_programmatically PASSED [ 82%]
tests/unit/test_threede_shot_grid.py::TestThreeDEShotGridSelection::test_selection_change PASSED [ 82%]
tests/unit/test_threede_shot_grid.py::TestThreeDEShotGridKeyboardNavigation::test_arrow_key_right PASSED [ 82%]
tests/unit/test_threede_shot_grid.py::TestThreeDEShotGridKeyboardNavigation::test_arrow_key_left PASSED [ 82%]
tests/unit/test_threede_shot_grid.py::TestThreeDEShotGridKeyboardNavigation::test_arrow_key_down PASSED [ 82%]
tests/unit/test_threede_shot_grid.py::TestThreeDEShotGridKeyboardNavigation::test_home_key PASSED [ 82%]
tests/unit/test_threede_shot_grid.py::TestThreeDEShotGridKeyboardNavigation::test_end_key PASSED [ 82%]
tests/unit/test_threede_shot_grid.py::TestThreeDEShotGridKeyboardNavigation::test_enter_key PASSED [ 82%]
tests/unit/test_threede_shot_grid.py::TestThreeDEShotGridKeyboardNavigation::test_app_launch_shortcuts PASSED [ 82%]
tests/unit/test_threede_shot_grid.py::TestThreeDEShotGridKeyboardNavigation::test_keyboard_nav_empty_grid PASSED [ 83%]
tests/unit/test_threede_shot_grid.py::TestThreeDEShotGridKeyboardNavigation::test_ensure_widget_visible PASSED [ 83%]
tests/unit/test_threede_shot_grid.py::TestThreeDEShotGridReflow::test_reflow_grid PASSED [ 83%]
tests/unit/test_threede_shot_grid.py::TestThreeDEShotGridReflow::test_reflow_empty_grid PASSED [ 83%]
tests/unit/test_threede_shot_grid.py::TestThreeDEShotGridReflow::test_resize_event_triggers_reflow PASSED [ 83%]
tests/unit/test_threede_shot_grid.py::TestThreeDEShotGridSignalConnections::test_thumbnail_signal_connections PASSED [ 83%]
tests/unit/test_threede_shot_grid.py::TestThreeDEShotGridSignalConnections::test_size_slider_connection PASSED [ 83%]
tests/unit/test_thumbnail_processor.py::TestThumbnailProcessorInitialization::test_default_initialization PASSED [ 83%]
tests/unit/test_thumbnail_processor.py::TestThumbnailProcessorInitialization::test_custom_thumbnail_size PASSED [ 83%]
tests/unit/test_thumbnail_processor.py::TestThumbnailProcessorInitialization::test_heavy_formats_configuration PASSED [ 83%]
tests/unit/test_thumbnail_processor.py::TestThumbnailProcessorInitialization::test_repr_string PASSED [ 83%]
tests/unit/test_thumbnail_processor.py::TestThumbnailProcessorBasicProcessing::test_process_jpeg_success PASSED [ 83%]
tests/unit/test_thumbnail_processor.py::TestThumbnailProcessorBasicProcessing::test_process_png_success PASSED [ 84%]
tests/unit/test_thumbnail_processor.py::TestThumbnailProcessorBasicProcessing::test_cache_directory_creation PASSED [ 84%]
tests/unit/test_thumbnail_processor.py::TestThumbnailProcessorBasicProcessing::test_atomic_file_operations PASSED [ 84%]
tests/unit/test_thumbnail_processor.py::TestThumbnailProcessorMultiFormat::test_file_analysis_small_file PASSED [ 84%]
tests/unit/test_thumbnail_processor.py::TestThumbnailProcessorMultiFormat::test_file_analysis_large_heavy_format PASSED [ 84%]
tests/unit/test_thumbnail_processor.py::TestThumbnailProcessorMultiFormat::test_qt_processing_path PASSED [ 84%]
tests/unit/test_thumbnail_processor.py::TestThumbnailProcessorMultiFormat::test_pil_processing_path PASSED [ 84%]
tests/unit/test_thumbnail_processor.py::TestThumbnailProcessorEXRProcessing::test_exr_backend_selection_openexr PASSED [ 84%]
tests/unit/test_thumbnail_processor.py::TestThumbnailProcessorEXRProcessing::test_exr_fallback_to_system_tools PASSED [ 84%]
tests/unit/test_thumbnail_processor.py::TestThumbnailProcessorEXRProcessing::test_exr_fallback_to_imageio PASSED [ 84%]
tests/unit/test_thumbnail_processor.py::TestThumbnailProcessorEXRProcessing::test_exr_all_backends_fail PASSED [ 84%]
tests/unit/test_thumbnail_processor.py::TestThumbnailProcessorEXRProcessing::test_exr_system_tools_imagemagick PASSED [ 84%]
tests/unit/test_thumbnail_processor.py::TestThumbnailProcessorFallbackMechanisms::test_pil_fallback_to_qt PASSED [ 85%]
tests/unit/test_thumbnail_processor.py::TestThumbnailProcessorFallbackMechanisms::test_pil_exception_fallback PASSED [ 85%]
tests/unit/test_thumbnail_processor.py::TestThumbnailProcessorFallbackMechanisms::test_qt_null_image_fallback PASSED [ 85%]
tests/unit/test_thumbnail_processor.py::TestThumbnailProcessorErrorHandling::test_missing_source_file PASSED [ 85%]
tests/unit/test_thumbnail_processor.py::TestThumbnailProcessorErrorHandling::test_none_source_path PASSED [ 85%]
tests/unit/test_thumbnail_processor.py::TestThumbnailProcessorErrorHandling::test_none_cache_path PASSED [ 85%]
tests/unit/test_thumbnail_processor.py::TestThumbnailProcessorErrorHandling::test_cache_directory_permission_error PASSED [ 85%]
tests/unit/test_thumbnail_processor.py::TestThumbnailProcessorErrorHandling::test_memory_error_handling PASSED [ 85%]
tests/unit/test_thumbnail_processor.py::TestThumbnailProcessorErrorHandling::test_image_dimension_validation PASSED [ 85%]
tests/unit/test_thumbnail_processor.py::TestThumbnailProcessorResourceManagement::test_temporary_file_cleanup_on_success PASSED [ 85%]
tests/unit/test_thumbnail_processor.py::TestThumbnailProcessorResourceManagement::test_temporary_file_cleanup_on_failure PASSED [ 85%]
tests/unit/test_thumbnail_processor.py::TestThumbnailProcessorResourceManagement::test_garbage_collection_called PASSED [ 86%]
tests/unit/test_thumbnail_processor.py::TestThumbnailProcessorResourceManagement::test_qt_resource_cleanup PASSED [ 86%]
tests/unit/test_thumbnail_processor.py::TestThumbnailProcessorThreadSafety::test_concurrent_processing PASSED [ 86%]
tests/unit/test_thumbnail_processor.py::TestThumbnailProcessorThreadSafety::test_thread_safe_image_operations PASSED [ 86%]
tests/unit/test_thumbnail_processor.py::TestThumbnailProcessorThreadSafety::test_memory_management_under_load PASSED [ 86%]
tests/unit/test_thumbnail_processor.py::TestThumbnailProcessorIntegration::test_end_to_end_jpeg_processing PASSED [ 86%]
tests/unit/test_thumbnail_processor.py::TestThumbnailProcessorIntegration::test_processing_pipeline_error_recovery PASSED [ 86%]
tests/unit/test_thumbnail_processor_thread_safety.py::TestThumbnailProcessorThreadSafety::test_high_concurrency_qt_operations PASSED [ 86%]
tests/unit/test_thumbnail_processor_thread_safety.py::TestThumbnailProcessorThreadSafety::test_mixed_backend_concurrency PASSED [ 86%]
tests/unit/test_thumbnail_processor_thread_safety.py::TestThumbnailProcessorThreadSafety::test_race_condition_file_operations PASSED [ 86%]
tests/unit/test_thumbnail_processor_thread_safety.py::TestThumbnailProcessorThreadSafety::test_error_handling_under_concurrency 